<?xml version="1.0" encoding="UTF-8"?>
<testsuite name="com.indra.runners.PruebaRunners" tests="0" skipped="0" failures="0" errors="0" timestamp="1970-01-01T00:00:00" hostname="22LAP5CD1195R94" time="0.0">
  <properties/>
  <system-out><![CDATA[16:07:22.088 [Test worker] DEBUG net.thucydides.core.util.PropertiesFileLocalPreferences - LOADING LOCAL PROPERTIES FROM C:\Repositorios\serenity.properties 
16:07:22.176 [Test worker] DEBUG net.thucydides.core.util.PropertiesFileLocalPreferences - LOADING LOCAL PROPERTIES FROM C:\Repositorios\serenity.properties 
16:07:22.184 [Test worker] DEBUG net.thucydides.core.util.PropertiesFileLocalPreferences - LOADING LOCAL PROPERTIES FROM C:\Repositorios\serenity.properties 
16:07:22.188 [Test worker] DEBUG net.thucydides.core.util.PropertiesFileLocalPreferences - webdriver.driver=firefox
16:07:22.188 [Test worker] DEBUG net.thucydides.core.util.PropertiesFileLocalPreferences - webdriver.chrome.driver=src/test/resources/drivers/geckodriver.exe
16:07:22.188 [Test worker] DEBUG net.thucydides.core.util.PropertiesFileLocalPreferences - serenity.console.colors=true
16:07:22.188 [Test worker] DEBUG net.thucydides.core.util.PropertiesFileLocalPreferences - webdriver.base.url=http://10.69.60.57:8180/tigo-pos-web/wap/windex.wml
16:07:22.188 [Test worker] DEBUG net.thucydides.core.util.PropertiesFileLocalPreferences - serenity.project.name=servicios Rest_Assured
16:07:22.188 [Test worker] DEBUG net.thucydides.core.util.PropertiesFileLocalPreferences - webdriver.wait.for.timeout=6000
16:07:22.193 [Test worker] DEBUG net.thucydides.core.util.PropertiesFileLocalPreferences - serenity.use.unique.browser=true
16:07:22.193 [Test worker] DEBUG net.thucydides.core.util.PropertiesFileLocalPreferences - webdriver.timeouts.implicitlywait=20000
16:07:22.193 [Test worker] DEBUG net.thucydides.core.util.PropertiesFileLocalPreferences - serenity.browser.maximized=true
16:07:22.193 [Test worker] DEBUG net.thucydides.core.util.PropertiesFileLocalPreferences - firefox.capability.marionette=true
16:07:22.420 [Test worker] DEBUG net.thucydides.core.util.PropertiesFileLocalPreferences - LOADING LOCAL PROPERTIES FROM C:\Repositorios\serenity.properties 
16:07:22.478 [Test worker] DEBUG net.thucydides.core.util.PropertiesFileLocalPreferences - LOADING LOCAL PROPERTIES FROM C:\Repositorios\serenity.properties 
16:07:22.488 [Test worker] DEBUG net.thucydides.core.util.PropertiesFileLocalPreferences - LOADING LOCAL PROPERTIES FROM C:\Repositorios\serenity.properties 
16:07:22.488 [Test worker] DEBUG net.thucydides.core.util.PropertiesFileLocalPreferences - webdriver.driver=firefox
16:07:22.488 [Test worker] DEBUG net.thucydides.core.util.PropertiesFileLocalPreferences - webdriver.chrome.driver=src/test/resources/drivers/geckodriver.exe
16:07:22.488 [Test worker] DEBUG net.thucydides.core.util.PropertiesFileLocalPreferences - serenity.console.colors=true
16:07:22.488 [Test worker] DEBUG net.thucydides.core.util.PropertiesFileLocalPreferences - webdriver.base.url=http://10.69.60.57:8180/tigo-pos-web/wap/windex.wml
16:07:22.488 [Test worker] DEBUG net.thucydides.core.util.PropertiesFileLocalPreferences - serenity.project.name=servicios Rest_Assured
16:07:22.488 [Test worker] DEBUG net.thucydides.core.util.PropertiesFileLocalPreferences - webdriver.wait.for.timeout=6000
16:07:22.488 [Test worker] DEBUG net.thucydides.core.util.PropertiesFileLocalPreferences - serenity.use.unique.browser=true
16:07:22.488 [Test worker] DEBUG net.thucydides.core.util.PropertiesFileLocalPreferences - webdriver.timeouts.implicitlywait=20000
16:07:22.488 [Test worker] DEBUG net.thucydides.core.util.PropertiesFileLocalPreferences - serenity.browser.maximized=true
16:07:22.488 [Test worker] DEBUG net.thucydides.core.util.PropertiesFileLocalPreferences - firefox.capability.marionette=true
16:07:22.488 [Test worker] INFO net.thucydides.core.steps.ConsoleLoggingListener - ?[96m

-------------------------------------------------------------------------------------
     _______. _______ .______       _______ .__   __.  __  .___________.____    ____ 
    /       ||   ____||   _  \     |   ____||  \ |  | |  | |           |\   \  /   / 
   |   (----`|  |__   |  |_)  |    |  |__   |   \|  | |  | `---|  |----` \   \/   /  
    \   \    |   __|  |      /     |   __|  |  . `  | |  |     |  |       \_    _/   
.----)   |   |  |____ |  |\  \----.|  |____ |  |\   | |  |     |  |         |  |     
|_______/    |_______|| _| `._____||_______||__| \__| |__|     |__|         |__|    
                                                                                     
 News and tutorials at http://www.serenity-bdd.info                                  
 Documentation at https://wakaleo.gitbooks.io/the-serenity-book/content/             
 Join the Serenity Community on Rocket Chat at https://serenity-bdd.rocket.chat      
 Serenity BDD Support and Training at http://serenity-bdd.info/#/trainingandsupport  
 Learn Serenity BDD online at http://serenity-dojo.com                               
-------------------------------------------------------------------------------------
?[0m
16:07:22.488 [Test worker] DEBUG net.thucydides.core.steps.StepEventBus - Test suite started for story net.thucydides.core.model.Story@4f4808e0
16:07:22.488 [Test worker] INFO net.thucydides.core.steps.ConsoleLoggingListener - Test Suite Started: Prueba
16:07:22.520 [Test worker] INFO net.thucydides.core.steps.ConsoleLoggingListener - 
 _____ _____ ____ _____   ____ _____  _    ____ _____ _____ ____  
|_   _| ____/ ___|_   _| / ___|_   _|/ \  |  _ \_   _| ____|  _ \ 
  | | |  _| \___ \ | |   \___ \ | | / _ \ | |_) || | |  _| | | | |
  | | | |___ ___) || |    ___) || |/ ___ \|  _ < | | | |___| |_| |
  |_| |_____|____/ |_|   |____/ |_/_/   \_\_| \_\|_| |_____|____/ 
                                                                  

TEST STARTED: probando
-------------------------------------------------------------------(prueba;probando)
16:07:22.577 [Test worker] DEBUG net.thucydides.core.requirements.model.cucumber.CucumberParser - Found no Cucumber 4.2.6 class cucumber.runtime.model.FeatureLoader try Cucumber 4.2.0 
16:07:22.577 [Test worker] DEBUG net.thucydides.core.requirements.model.cucumber.CucumberParser - Found no Cucumber 4.2.0 class cucumber.runtime.model.FeatureLoader try Cucumber 2.x.x 
16:07:25.073 [Test worker] INFO net.thucydides.core.steps.ConsoleLoggingListener - 
 _____ _____ ____ _____   ____ _____  _    ____ _____ _____ ____  
|_   _| ____/ ___|_   _| / ___|_   _|/ \  |  _ \_   _| ____|  _ \ 
  | | |  _| \___ \ | |   \___ \ | | / _ \ | |_) || | |  _| | | | |
  | | | |___ ___) || |    ___) || |/ ___ \|  _ < | | | |___| |_| |
  |_| |_____|____/ |_|   |____/ |_/_/   \_\_| \_\|_| |_____|____/ 
                                                                  

TEST STARTED: Ingresar a la base de datos activador
-------------------------------------------------------------------(prueba;ingresar-a-la-base-de-datos-activador)
16:07:25.964 [Test worker] DEBUG net.thucydides.core.reports.ReportService - Reporting formats: [JSON, HTML]
16:07:26.012 [Test worker] DEBUG net.thucydides.core.reports.ReportService - Reporting formats: [JSON, HTML]
16:07:26.012 [Test worker] DEBUG net.thucydides.core.reports.ReportService - Generating reports for 2 test outcomes using: net.thucydides.core.reports.json.JSONTestOutcomeReporter@2a1a8ff2
16:07:26.012 [pool-1-thread-1] DEBUG net.thucydides.core.reports.ReportService - Processing test outcome prueba:probando
16:07:26.012 [pool-1-thread-1] DEBUG net.thucydides.core.reports.ReportService - net.thucydides.core.reports.json.JSONTestOutcomeReporter@2a1a8ff2: Generating report for test outcome: prueba:probando
16:07:26.012 [pool-1-thread-2] DEBUG net.thucydides.core.reports.ReportService - Processing test outcome prueba:Ingresar a la base de datos activador
16:07:26.012 [pool-1-thread-2] DEBUG net.thucydides.core.reports.ReportService - net.thucydides.core.reports.json.JSONTestOutcomeReporter@2a1a8ff2: Generating report for test outcome: prueba:Ingresar a la base de datos activador
16:07:26.036 [pool-1-thread-2] DEBUG net.thucydides.core.reports.json.JSONTestOutcomeReporter - Generating JSON report for Ingresar a la base de datos activador to file C:\Repositorios\target\site\serenity\68409bb587f57d352c56175b6ceae0be649c36691466db4ecbacbb0ba6e50d42.json (using temp file C:\Repositorios\target\site\serenity\68409bb587f57d352c56175b6ceae0be649c36691466db4ecbacbb0ba6e50d42.jsone47e5d73-0d48-4e02-8c8f-b8c2cd7a338f)
16:07:26.036 [pool-1-thread-1] DEBUG net.thucydides.core.reports.json.JSONTestOutcomeReporter - Generating JSON report for Probando to file C:\Repositorios\target\site\serenity\39a922430049a79ad78d72f42b63e594e1c5b48b3dc23e0187a4aea4966485c7.json (using temp file C:\Repositorios\target\site\serenity\39a922430049a79ad78d72f42b63e594e1c5b48b3dc23e0187a4aea4966485c7.json25e204b5-735a-4d96-83d2-db111c9ef997)
16:07:26.082 [pool-1-thread-1] DEBUG net.thucydides.core.reports.ReportService - Processing test outcome prueba:probando done
16:07:26.082 [pool-1-thread-2] DEBUG net.thucydides.core.reports.ReportService - Processing test outcome prueba:Ingresar a la base de datos activador done
16:07:26.082 [Test worker] DEBUG net.thucydides.core.reports.ReportService - Shutting down executor service
16:07:26.082 [Test worker] DEBUG net.thucydides.core.reports.ReportService - Reports generated in: 70 ms
16:07:26.082 [Test worker] DEBUG net.thucydides.core.reports.ReportService - Generating reports for 2 test outcomes using: net.thucydides.core.reports.html.HtmlAcceptanceTestReporter@795e4ef5
16:07:26.082 [pool-2-thread-1] DEBUG net.thucydides.core.reports.ReportService - Processing test outcome prueba:probando
16:07:26.082 [pool-2-thread-1] DEBUG net.thucydides.core.reports.ReportService - net.thucydides.core.reports.html.HtmlAcceptanceTestReporter@795e4ef5: Generating report for test outcome: prueba:probando
16:07:26.084 [pool-2-thread-1] DEBUG net.thucydides.core.reports.html.HtmlAcceptanceTestReporter - GENERATE TEST OUTCOME REPORT FOR probando in 39a922430049a79ad78d72f42b63e594e1c5b48b3dc23e0187a4aea4966485c7
16:07:26.084 [pool-2-thread-2] DEBUG net.thucydides.core.reports.ReportService - Processing test outcome prueba:Ingresar a la base de datos activador
16:07:26.084 [pool-2-thread-2] DEBUG net.thucydides.core.reports.ReportService - net.thucydides.core.reports.html.HtmlAcceptanceTestReporter@795e4ef5: Generating report for test outcome: prueba:Ingresar a la base de datos activador
16:07:26.084 [pool-2-thread-2] DEBUG net.thucydides.core.reports.html.HtmlAcceptanceTestReporter - GENERATE TEST OUTCOME REPORT FOR Ingresar a la base de datos activador in 68409bb587f57d352c56175b6ceae0be649c36691466db4ecbacbb0ba6e50d42
16:07:26.100 [pool-2-thread-1] DEBUG net.thucydides.core.requirements.model.cucumber.CucumberParser - Found no Cucumber 4.2.6 class cucumber.runtime.model.FeatureLoader try Cucumber 4.2.0 
16:07:26.100 [pool-2-thread-2] DEBUG net.thucydides.core.requirements.model.cucumber.CucumberParser - Found no Cucumber 4.2.6 class cucumber.runtime.model.FeatureLoader try Cucumber 4.2.0 
16:07:26.100 [pool-2-thread-1] DEBUG net.thucydides.core.requirements.model.cucumber.CucumberParser - Found no Cucumber 4.2.0 class cucumber.runtime.model.FeatureLoader try Cucumber 2.x.x 
16:07:26.100 [pool-2-thread-2] DEBUG net.thucydides.core.requirements.model.cucumber.CucumberParser - Found no Cucumber 4.2.0 class cucumber.runtime.model.FeatureLoader try Cucumber 2.x.x 
16:07:26.103 [pool-2-thread-1] DEBUG net.thucydides.core.requirements.RequirementsTagProvider -  found:[Requirement{name='prueba', type='feature' parent = 'null', cardNumber='null'}]
16:07:26.103 [pool-2-thread-2] DEBUG net.thucydides.core.requirements.RequirementsTagProvider -  found:[Requirement{name='prueba', type='feature' parent = 'null', cardNumber='null'}]
16:07:26.103 [pool-2-thread-2] DEBUG net.thucydides.core.requirements.BaseRequirementsService - Requirement found for test outcome Ingresar a la base de datos activador-[]: Optional[Requirement{name='prueba', type='feature' parent = 'null', cardNumber='null'}]
16:07:26.103 [pool-2-thread-1] DEBUG net.thucydides.core.requirements.BaseRequirementsService - Requirement found for test outcome Probando-[]: Optional[Requirement{name='prueba', type='feature' parent = 'null', cardNumber='null'}]
16:07:26.103 [pool-2-thread-2] DEBUG net.thucydides.core.requirements.BaseRequirementsService - Requirement found for test outcome Ingresar a la base de datos activador-[]: Optional[Requirement{name='prueba', type='feature' parent = 'null', cardNumber='null'}]
16:07:26.103 [pool-2-thread-1] DEBUG net.thucydides.core.requirements.BaseRequirementsService - Requirement found for test outcome Probando-[]: Optional[Requirement{name='prueba', type='feature' parent = 'null', cardNumber='null'}]
16:07:26.164 [pool-2-thread-2] DEBUG net.thucydides.core.reports.html.HtmlAcceptanceTestReporter - GENERATING HTML REPORT FOR prueba:Ingresar a la base de datos activador in 68409bb587f57d352c56175b6ceae0be649c36691466db4ecbacbb0ba6e50d42.html in directory C:\Repositorios\target\site\serenity  
16:07:26.164 [pool-2-thread-1] DEBUG net.thucydides.core.reports.html.HtmlAcceptanceTestReporter - GENERATING HTML REPORT FOR prueba:probando in 39a922430049a79ad78d72f42b63e594e1c5b48b3dc23e0187a4aea4966485c7.html in directory C:\Repositorios\target\site\serenity  
16:07:26.164 [pool-2-thread-1] DEBUG net.thucydides.core.reports.html.HtmlAcceptanceTestReporter - Generating report in 39a922430049a79ad78d72f42b63e594e1c5b48b3dc23e0187a4aea4966485c7.html
16:07:26.164 [pool-2-thread-2] DEBUG net.thucydides.core.reports.html.HtmlAcceptanceTestReporter - Generating report in 68409bb587f57d352c56175b6ceae0be649c36691466db4ecbacbb0ba6e50d42.html
16:07:26.444 [pool-2-thread-1] DEBUG net.thucydides.core.reports.html.HtmlAcceptanceTestReporter - Generated report 39a922430049a79ad78d72f42b63e594e1c5b48b3dc23e0187a4aea4966485c7.html in 280 ms
16:07:26.444 [pool-2-thread-1] DEBUG net.thucydides.core.reports.ReportService - Processing test outcome prueba:probando done
16:07:26.444 [pool-2-thread-2] DEBUG net.thucydides.core.reports.html.HtmlAcceptanceTestReporter - Generated report 68409bb587f57d352c56175b6ceae0be649c36691466db4ecbacbb0ba6e50d42.html in 280 ms
16:07:26.444 [pool-2-thread-2] DEBUG net.thucydides.core.reports.ReportService - Processing test outcome prueba:Ingresar a la base de datos activador done
16:07:26.444 [Test worker] DEBUG net.thucydides.core.reports.ReportService - Shutting down executor service
16:07:26.444 [Test worker] DEBUG net.thucydides.core.reports.ReportService - Reports generated in: 362 ms
16:07:26.613 [Finalizer] DEBUG org.apache.http.impl.conn.DefaultClientConnection - Connection 0.0.0.0:59718<->10.65.45.12:9001 closed

2 Scenarios (?[32m2 passed?[0m)
4 Steps (?[32m4 passed?[0m)
0m3,618s

]]></system-out>
  <system-err><![CDATA[]]></system-err>
</testsuite>
