<?xml version="1.0" encoding="UTF-8"?>
<testsuite name="prueba" tests="1" skipped="0" failures="0" errors="0" timestamp="2022-01-20T22:41:59" hostname="22LAP5CG0525FBR" time="55.784">
  <properties/>
  <testcase name="probando" classname="prueba" time="55.784"/>
  <system-out><![CDATA[17:42:03.672 [Test worker] DEBUG org.apache.http.impl.conn.BasicClientConnectionManager - Get connection for route {}->http://10.65.45.12:9001
17:42:03.692 [Test worker] DEBUG org.apache.http.impl.conn.DefaultClientConnectionOperator - Connecting to 10.65.45.12:9001
17:42:03.775 [Test worker] DEBUG org.apache.http.client.protocol.RequestAddCookies - CookieSpec selected: ignoreCookies
17:42:03.780 [Test worker] DEBUG org.apache.http.client.protocol.RequestAuthCache - Auth cache not set in the context
17:42:03.780 [Test worker] DEBUG org.apache.http.client.protocol.RequestTargetAuthentication - Target auth state: UNCHALLENGED
17:42:03.782 [Test worker] DEBUG org.apache.http.client.protocol.RequestProxyAuthentication - Proxy auth state: UNCHALLENGED
17:42:03.782 [Test worker] DEBUG org.apache.http.impl.client.DefaultHttpClient - Attempt 1 to execute request
17:42:03.783 [Test worker] DEBUG org.apache.http.impl.conn.DefaultClientConnection - Sending request: POST /gatewaycbs/BcServicesInt HTTP/1.1
17:42:03.785 [Test worker] DEBUG org.apache.http.wire -  >> "POST /gatewaycbs/BcServicesInt HTTP/1.1[\r][\n]"
17:42:03.789 [Test worker] DEBUG org.apache.http.wire -  >> "Accept: */*[\r][\n]"
17:42:03.790 [Test worker] DEBUG org.apache.http.wire -  >> "Content-Type: text/xml;charset=UTF-8[\r][\n]"
17:42:03.790 [Test worker] DEBUG org.apache.http.wire -  >> "Content-Length: 748[\r][\n]"
17:42:03.790 [Test worker] DEBUG org.apache.http.wire -  >> "Host: 10.65.45.12:9001[\r][\n]"
17:42:03.790 [Test worker] DEBUG org.apache.http.wire -  >> "Connection: Keep-Alive[\r][\n]"
17:42:03.791 [Test worker] DEBUG org.apache.http.wire -  >> "User-Agent: Apache-HttpClient/4.5.9 (Java/1.8.0_291)[\r][\n]"
17:42:03.791 [Test worker] DEBUG org.apache.http.wire -  >> "Accept-Encoding: gzip,deflate[\r][\n]"
17:42:03.791 [Test worker] DEBUG org.apache.http.wire -  >> "[\r][\n]"
17:42:03.791 [Test worker] DEBUG org.apache.http.headers - >> POST /gatewaycbs/BcServicesInt HTTP/1.1
17:42:03.791 [Test worker] DEBUG org.apache.http.headers - >> Accept: */*
17:42:03.792 [Test worker] DEBUG org.apache.http.headers - >> Content-Type: text/xml;charset=UTF-8
17:42:03.792 [Test worker] DEBUG org.apache.http.headers - >> Content-Length: 748
17:42:03.792 [Test worker] DEBUG org.apache.http.headers - >> Host: 10.65.45.12:9001
17:42:03.792 [Test worker] DEBUG org.apache.http.headers - >> Connection: Keep-Alive
17:42:03.792 [Test worker] DEBUG org.apache.http.headers - >> User-Agent: Apache-HttpClient/4.5.9 (Java/1.8.0_291)
17:42:03.792 [Test worker] DEBUG org.apache.http.headers - >> Accept-Encoding: gzip,deflate
17:42:03.794 [Test worker] DEBUG org.apache.http.wire -  >> "<soapenv:Envelope xmlns:bcc="http://www.huawei.com/bme/cbsinterface/bccommon" xmlns:bcs="http://www.huawei.com/bme/cbsinterface/bcservices" xmlns:ws="http://ws.web.gatewaycbs.tigo.com.co/" xmlns:soapenv="http://schemas.xmlsoap.org/soap/envelope/">[\n]"
17:42:03.795 [Test worker] DEBUG org.apache.http.wire -  >> "   <soapenv:Header/>[\n]"
17:42:03.795 [Test worker] DEBUG org.apache.http.wire -  >> "   <soapenv:Body>[\n]"
17:42:03.795 [Test worker] DEBUG org.apache.http.wire -  >> "      <ws:queryCustomerInfo>[\n]"
17:42:03.795 [Test worker] DEBUG org.apache.http.wire -  >> "         <!--Optional:-->[\n]"
17:42:03.795 [Test worker] DEBUG org.apache.http.wire -  >> "         <QueryCustomerInfoRequest>[\n]"
17:42:03.795 [Test worker] DEBUG org.apache.http.wire -  >> "            <bcs:QueryObj>[\n]"
17:42:03.795 [Test worker] DEBUG org.apache.http.wire -  >> "               <!--Optional:-->[\n]"
17:42:03.796 [Test worker] DEBUG org.apache.http.wire -  >> "               <bcs:SubAccessCode>[\n]"
17:42:03.796 [Test worker] DEBUG org.apache.http.wire -  >> "                  <!--Optional:-->[\n]"
17:42:03.796 [Test worker] DEBUG org.apache.http.wire -  >> "                  <bcc:PrimaryIdentity>3016877411</bcc:PrimaryIdentity>[\n]"
17:42:03.796 [Test worker] DEBUG org.apache.http.wire -  >> "               </bcs:SubAccessCode>[\n]"
17:42:03.796 [Test worker] DEBUG org.apache.http.wire -  >> "            </bcs:QueryObj>[\n]"
17:42:03.796 [Test worker] DEBUG org.apache.http.wire -  >> "         </QueryCustomerInfoRequest>[\n]"
17:42:03.796 [Test worker] DEBUG org.apache.http.wire -  >> "      </ws:queryCustomerInfo>[\n]"
17:42:03.796 [Test worker] DEBUG org.apache.http.wire -  >> "   </soapenv:Body>[\n]"
17:42:03.797 [Test worker] DEBUG org.apache.http.wire -  >> "</soapenv:Envelope>"
17:42:03.900 [Test worker] DEBUG org.apache.http.wire -  << "HTTP/1.1 200 OK[\r][\n]"
17:42:03.905 [Test worker] DEBUG org.apache.http.wire -  << "Date: Thu, 20 Jan 2022 22:42:47 GMT[\r][\n]"
17:42:03.905 [Test worker] DEBUG org.apache.http.wire -  << "Transfer-Encoding: chunked[\r][\n]"
17:42:03.906 [Test worker] DEBUG org.apache.http.wire -  << "Content-Type: text/xml; charset=utf-8[\r][\n]"
17:42:03.906 [Test worker] DEBUG org.apache.http.wire -  << "[\r][\n]"
17:42:03.908 [Test worker] DEBUG org.apache.http.impl.conn.DefaultClientConnection - Receiving response: HTTP/1.1 200 OK
17:42:03.908 [Test worker] DEBUG org.apache.http.headers - << HTTP/1.1 200 OK
17:42:03.908 [Test worker] DEBUG org.apache.http.headers - << Date: Thu, 20 Jan 2022 22:42:47 GMT
17:42:03.908 [Test worker] DEBUG org.apache.http.headers - << Transfer-Encoding: chunked
17:42:03.908 [Test worker] DEBUG org.apache.http.headers - << Content-Type: text/xml; charset=utf-8
17:42:03.923 [Test worker] DEBUG org.apache.http.impl.client.DefaultHttpClient - Connection can be kept alive indefinitely
17:42:03.968 [Test worker] DEBUG io.restassured.internal.RequestSpecificationImpl$RestAssuredHttpBuilder - Parsing response as: text/xml; charset=utf-8
17:42:03.968 [Test worker] DEBUG io.restassured.internal.RequestSpecificationImpl$RestAssuredHttpBuilder - Parsed data to instance of: class org.apache.http.conn.EofSensorInputStream
17:42:04.107 [Test worker] DEBUG org.apache.http.wire -  << "006e[\r][\n]"
17:42:04.107 [Test worker] DEBUG org.apache.http.wire -  << "<?xml version='1.0' encoding='UTF-8'?><S:Envelope xmlns:S="http://schemas.xmlsoap.org/soap/envelope/"><S:Body>"
17:42:04.108 [Test worker] DEBUG org.apache.http.wire -  << "[\r][\n]"
17:42:04.108 [Test worker] DEBUG org.apache.http.wire -  << "01f8[\r][\n]"
17:42:04.108 [Test worker] DEBUG org.apache.http.wire -  << "<ns4:queryCustomerInfoResponse xmlns:ns2="http://www.huawei.com/bme/cbsinterface/bccommon" xmlns:ns3="http://www.huawei.com/bme/cbsinterface/bcservices" xmlns:ns4="http://ws.web.gatewaycbs.tigo.com.co/" xmlns:ns5="http://www.huawei.com/bme/cbsinterface/cbscommon"><return><ResultHeader><ns5:Version>1</ns5:Version><ns5:ResultCode>118030260</ns5:ResultCode><ns5:ResultDesc>Subscriber 3016877411 does not exist.</ns5:ResultDesc></ResultHeader></return></ns4:queryCustomerInfoResponse></S:Body></S:Envelope>"
17:42:04.109 [Test worker] DEBUG org.apache.http.wire -  << "[\r][\n]"
17:42:04.109 [Test worker] DEBUG org.apache.http.wire -  << "0000[\r][\n]"
17:42:04.109 [Test worker] DEBUG org.apache.http.wire -  << "[\r][\n]"
17:42:04.109 [Test worker] DEBUG org.apache.http.impl.conn.BasicClientConnectionManager - Releasing connection org.apache.http.impl.conn.ManagedClientConnectionImpl@339a3830
17:42:04.109 [Test worker] DEBUG org.apache.http.impl.conn.BasicClientConnectionManager - Connection can be kept alive indefinitely
La linea 3016877411 no esta activa
se ejecuta correctamente
se ejecuta correctamente
se ejecuta correctamente
se ejecuta correctamente
17:42:11.382 [Test worker] DEBUG org.apache.http.impl.conn.BasicClientConnectionManager - Get connection for route {}->http://10.65.45.12:9001
17:42:11.383 [Test worker] DEBUG org.apache.http.impl.conn.DefaultClientConnectionOperator - Connecting to 10.65.45.12:9001
17:42:11.519 [Test worker] DEBUG org.apache.http.client.protocol.RequestAddCookies - CookieSpec selected: ignoreCookies
17:42:11.519 [Test worker] DEBUG org.apache.http.client.protocol.RequestAuthCache - Auth cache not set in the context
17:42:11.520 [Test worker] DEBUG org.apache.http.client.protocol.RequestTargetAuthentication - Target auth state: UNCHALLENGED
17:42:11.520 [Test worker] DEBUG org.apache.http.client.protocol.RequestProxyAuthentication - Proxy auth state: UNCHALLENGED
17:42:11.520 [Test worker] DEBUG org.apache.http.impl.client.DefaultHttpClient - Attempt 1 to execute request
17:42:11.520 [Test worker] DEBUG org.apache.http.impl.conn.DefaultClientConnection - Sending request: POST /gatewaycbs/BcServicesInt HTTP/1.1
17:42:11.520 [Test worker] DEBUG org.apache.http.wire -  >> "POST /gatewaycbs/BcServicesInt HTTP/1.1[\r][\n]"
17:42:11.521 [Test worker] DEBUG org.apache.http.wire -  >> "Accept: */*[\r][\n]"
17:42:11.521 [Test worker] DEBUG org.apache.http.wire -  >> "Content-Type: text/xml;charset=UTF-8[\r][\n]"
17:42:11.521 [Test worker] DEBUG org.apache.http.wire -  >> "Content-Length: 748[\r][\n]"
17:42:11.521 [Test worker] DEBUG org.apache.http.wire -  >> "Host: 10.65.45.12:9001[\r][\n]"
17:42:11.521 [Test worker] DEBUG org.apache.http.wire -  >> "Connection: Keep-Alive[\r][\n]"
17:42:11.521 [Test worker] DEBUG org.apache.http.wire -  >> "User-Agent: Apache-HttpClient/4.5.9 (Java/1.8.0_291)[\r][\n]"
17:42:11.522 [Test worker] DEBUG org.apache.http.wire -  >> "Accept-Encoding: gzip,deflate[\r][\n]"
17:42:11.522 [Test worker] DEBUG org.apache.http.wire -  >> "[\r][\n]"
17:42:11.522 [Test worker] DEBUG org.apache.http.headers - >> POST /gatewaycbs/BcServicesInt HTTP/1.1
17:42:11.522 [Test worker] DEBUG org.apache.http.headers - >> Accept: */*
17:42:11.522 [Test worker] DEBUG org.apache.http.headers - >> Content-Type: text/xml;charset=UTF-8
17:42:11.522 [Test worker] DEBUG org.apache.http.headers - >> Content-Length: 748
17:42:11.522 [Test worker] DEBUG org.apache.http.headers - >> Host: 10.65.45.12:9001
17:42:11.522 [Test worker] DEBUG org.apache.http.headers - >> Connection: Keep-Alive
17:42:11.522 [Test worker] DEBUG org.apache.http.headers - >> User-Agent: Apache-HttpClient/4.5.9 (Java/1.8.0_291)
17:42:11.522 [Test worker] DEBUG org.apache.http.headers - >> Accept-Encoding: gzip,deflate
17:42:11.524 [Test worker] DEBUG org.apache.http.wire -  >> "<soapenv:Envelope xmlns:bcc="http://www.huawei.com/bme/cbsinterface/bccommon" xmlns:bcs="http://www.huawei.com/bme/cbsinterface/bcservices" xmlns:ws="http://ws.web.gatewaycbs.tigo.com.co/" xmlns:soapenv="http://schemas.xmlsoap.org/soap/envelope/">[\n]"
17:42:11.524 [Test worker] DEBUG org.apache.http.wire -  >> "   <soapenv:Header/>[\n]"
17:42:11.524 [Test worker] DEBUG org.apache.http.wire -  >> "   <soapenv:Body>[\n]"
17:42:11.524 [Test worker] DEBUG org.apache.http.wire -  >> "      <ws:queryCustomerInfo>[\n]"
17:42:11.525 [Test worker] DEBUG org.apache.http.wire -  >> "         <!--Optional:-->[\n]"
17:42:11.525 [Test worker] DEBUG org.apache.http.wire -  >> "         <QueryCustomerInfoRequest>[\n]"
17:42:11.525 [Test worker] DEBUG org.apache.http.wire -  >> "            <bcs:QueryObj>[\n]"
17:42:11.525 [Test worker] DEBUG org.apache.http.wire -  >> "               <!--Optional:-->[\n]"
17:42:11.525 [Test worker] DEBUG org.apache.http.wire -  >> "               <bcs:SubAccessCode>[\n]"
17:42:11.526 [Test worker] DEBUG org.apache.http.wire -  >> "                  <!--Optional:-->[\n]"
17:42:11.526 [Test worker] DEBUG org.apache.http.wire -  >> "                  <bcc:PrimaryIdentity>2147483647</bcc:PrimaryIdentity>[\n]"
17:42:11.526 [Test worker] DEBUG org.apache.http.wire -  >> "               </bcs:SubAccessCode>[\n]"
17:42:11.526 [Test worker] DEBUG org.apache.http.wire -  >> "            </bcs:QueryObj>[\n]"
17:42:11.526 [Test worker] DEBUG org.apache.http.wire -  >> "         </QueryCustomerInfoRequest>[\n]"
17:42:11.526 [Test worker] DEBUG org.apache.http.wire -  >> "      </ws:queryCustomerInfo>[\n]"
17:42:11.526 [Test worker] DEBUG org.apache.http.wire -  >> "   </soapenv:Body>[\n]"
17:42:11.526 [Test worker] DEBUG org.apache.http.wire -  >> "</soapenv:Envelope>"
17:42:11.612 [Test worker] DEBUG org.apache.http.wire -  << "HTTP/1.1 200 OK[\r][\n]"
17:42:11.614 [Test worker] DEBUG org.apache.http.wire -  << "Date: Thu, 20 Jan 2022 22:42:55 GMT[\r][\n]"
17:42:11.614 [Test worker] DEBUG org.apache.http.wire -  << "Transfer-Encoding: chunked[\r][\n]"
17:42:11.614 [Test worker] DEBUG org.apache.http.wire -  << "Content-Type: text/xml; charset=utf-8[\r][\n]"
17:42:11.614 [Test worker] DEBUG org.apache.http.wire -  << "[\r][\n]"
17:42:11.614 [Test worker] DEBUG org.apache.http.impl.conn.DefaultClientConnection - Receiving response: HTTP/1.1 200 OK
17:42:11.614 [Test worker] DEBUG org.apache.http.headers - << HTTP/1.1 200 OK
17:42:11.614 [Test worker] DEBUG org.apache.http.headers - << Date: Thu, 20 Jan 2022 22:42:55 GMT
17:42:11.614 [Test worker] DEBUG org.apache.http.headers - << Transfer-Encoding: chunked
17:42:11.615 [Test worker] DEBUG org.apache.http.headers - << Content-Type: text/xml; charset=utf-8
17:42:11.615 [Test worker] DEBUG org.apache.http.impl.client.DefaultHttpClient - Connection can be kept alive indefinitely
17:42:11.616 [Test worker] DEBUG io.restassured.internal.RequestSpecificationImpl$RestAssuredHttpBuilder - Parsing response as: text/xml; charset=utf-8
17:42:11.616 [Test worker] DEBUG io.restassured.internal.RequestSpecificationImpl$RestAssuredHttpBuilder - Parsed data to instance of: class org.apache.http.conn.EofSensorInputStream
17:42:11.621 [Test worker] DEBUG org.apache.http.wire -  << "006e[\r][\n]"
17:42:11.621 [Test worker] DEBUG org.apache.http.wire -  << "<?xml version='1.0' encoding='UTF-8'?><S:Envelope xmlns:S="http://schemas.xmlsoap.org/soap/envelope/"><S:Body>"
17:42:11.621 [Test worker] DEBUG org.apache.http.wire -  << "[\r][\n]"
17:42:11.622 [Test worker] DEBUG org.apache.http.wire -  << "01f8[\r][\n]"
17:42:11.622 [Test worker] DEBUG org.apache.http.wire -  << "<ns4:queryCustomerInfoResponse xmlns:ns2="http://www.huawei.com/bme/cbsinterface/bccommon" xmlns:ns3="http://www.huawei.com/bme/cbsinterface/bcservices" xmlns:ns4="http://ws.web.gatewaycbs.tigo.com.co/" xmlns:ns5="http://www.huawei.com/bme/cbsinterface/cbscommon"><return><ResultHeader><ns5:Version>1</ns5:Version><ns5:ResultCode>118030260</ns5:ResultCode><ns5:ResultDesc>Subscriber 2147483647 does not exist.</ns5:ResultDesc></ResultHeader></return></ns4:queryCustomerInfoResponse></S:Body></S:Envelope>"
17:42:11.622 [Test worker] DEBUG org.apache.http.wire -  << "[\r][\n]"
17:42:11.622 [Test worker] DEBUG org.apache.http.wire -  << "0000[\r][\n]"
17:42:11.622 [Test worker] DEBUG org.apache.http.wire -  << "[\r][\n]"
17:42:11.622 [Test worker] DEBUG org.apache.http.impl.conn.BasicClientConnectionManager - Releasing connection org.apache.http.impl.conn.ManagedClientConnectionImpl@a24fb3
17:42:11.623 [Test worker] DEBUG org.apache.http.impl.conn.BasicClientConnectionManager - Connection can be kept alive indefinitely
La linea 2147483647 no esta activa
17:42:11.734 [Finalizer] DEBUG org.apache.http.impl.conn.DefaultClientConnection - Connection 0.0.0.0:50375<->10.65.45.12:9001 closed
se ejecuta correctamente
se ejecuta correctamente
se ejecuta correctamente
se ejecuta correctamente
17:42:17.593 [Test worker] DEBUG org.apache.http.impl.conn.BasicClientConnectionManager - Get connection for route {}->http://10.65.45.12:9001
17:42:17.594 [Test worker] DEBUG org.apache.http.impl.conn.DefaultClientConnectionOperator - Connecting to 10.65.45.12:9001
17:42:17.652 [Test worker] DEBUG org.apache.http.client.protocol.RequestAddCookies - CookieSpec selected: ignoreCookies
17:42:17.652 [Test worker] DEBUG org.apache.http.client.protocol.RequestAuthCache - Auth cache not set in the context
17:42:17.652 [Test worker] DEBUG org.apache.http.client.protocol.RequestTargetAuthentication - Target auth state: UNCHALLENGED
17:42:17.652 [Test worker] DEBUG org.apache.http.client.protocol.RequestProxyAuthentication - Proxy auth state: UNCHALLENGED
17:42:17.652 [Test worker] DEBUG org.apache.http.impl.client.DefaultHttpClient - Attempt 1 to execute request
17:42:17.653 [Test worker] DEBUG org.apache.http.impl.conn.DefaultClientConnection - Sending request: POST /gatewaycbs/BcServicesInt HTTP/1.1
17:42:17.653 [Test worker] DEBUG org.apache.http.wire -  >> "POST /gatewaycbs/BcServicesInt HTTP/1.1[\r][\n]"
17:42:17.653 [Test worker] DEBUG org.apache.http.wire -  >> "Accept: */*[\r][\n]"
17:42:17.653 [Test worker] DEBUG org.apache.http.wire -  >> "Content-Type: text/xml;charset=UTF-8[\r][\n]"
17:42:17.653 [Test worker] DEBUG org.apache.http.wire -  >> "Content-Length: 748[\r][\n]"
17:42:17.653 [Test worker] DEBUG org.apache.http.wire -  >> "Host: 10.65.45.12:9001[\r][\n]"
17:42:17.653 [Test worker] DEBUG org.apache.http.wire -  >> "Connection: Keep-Alive[\r][\n]"
17:42:17.653 [Test worker] DEBUG org.apache.http.wire -  >> "User-Agent: Apache-HttpClient/4.5.9 (Java/1.8.0_291)[\r][\n]"
17:42:17.653 [Test worker] DEBUG org.apache.http.wire -  >> "Accept-Encoding: gzip,deflate[\r][\n]"
17:42:17.654 [Test worker] DEBUG org.apache.http.wire -  >> "[\r][\n]"
17:42:17.654 [Test worker] DEBUG org.apache.http.headers - >> POST /gatewaycbs/BcServicesInt HTTP/1.1
17:42:17.654 [Test worker] DEBUG org.apache.http.headers - >> Accept: */*
17:42:17.654 [Test worker] DEBUG org.apache.http.headers - >> Content-Type: text/xml;charset=UTF-8
17:42:17.654 [Test worker] DEBUG org.apache.http.headers - >> Content-Length: 748
17:42:17.654 [Test worker] DEBUG org.apache.http.headers - >> Host: 10.65.45.12:9001
17:42:17.654 [Test worker] DEBUG org.apache.http.headers - >> Connection: Keep-Alive
17:42:17.654 [Test worker] DEBUG org.apache.http.headers - >> User-Agent: Apache-HttpClient/4.5.9 (Java/1.8.0_291)
17:42:17.654 [Test worker] DEBUG org.apache.http.headers - >> Accept-Encoding: gzip,deflate
17:42:17.655 [Test worker] DEBUG org.apache.http.wire -  >> "<soapenv:Envelope xmlns:bcc="http://www.huawei.com/bme/cbsinterface/bccommon" xmlns:bcs="http://www.huawei.com/bme/cbsinterface/bcservices" xmlns:ws="http://ws.web.gatewaycbs.tigo.com.co/" xmlns:soapenv="http://schemas.xmlsoap.org/soap/envelope/">[\n]"
17:42:17.655 [Test worker] DEBUG org.apache.http.wire -  >> "   <soapenv:Header/>[\n]"
17:42:17.655 [Test worker] DEBUG org.apache.http.wire -  >> "   <soapenv:Body>[\n]"
17:42:17.655 [Test worker] DEBUG org.apache.http.wire -  >> "      <ws:queryCustomerInfo>[\n]"
17:42:17.655 [Test worker] DEBUG org.apache.http.wire -  >> "         <!--Optional:-->[\n]"
17:42:17.655 [Test worker] DEBUG org.apache.http.wire -  >> "         <QueryCustomerInfoRequest>[\n]"
17:42:17.655 [Test worker] DEBUG org.apache.http.wire -  >> "            <bcs:QueryObj>[\n]"
17:42:17.655 [Test worker] DEBUG org.apache.http.wire -  >> "               <!--Optional:-->[\n]"
17:42:17.656 [Test worker] DEBUG org.apache.http.wire -  >> "               <bcs:SubAccessCode>[\n]"
17:42:17.656 [Test worker] DEBUG org.apache.http.wire -  >> "                  <!--Optional:-->[\n]"
17:42:17.656 [Test worker] DEBUG org.apache.http.wire -  >> "                  <bcc:PrimaryIdentity>3016877412</bcc:PrimaryIdentity>[\n]"
17:42:17.656 [Test worker] DEBUG org.apache.http.wire -  >> "               </bcs:SubAccessCode>[\n]"
17:42:17.656 [Test worker] DEBUG org.apache.http.wire -  >> "            </bcs:QueryObj>[\n]"
17:42:17.656 [Test worker] DEBUG org.apache.http.wire -  >> "         </QueryCustomerInfoRequest>[\n]"
17:42:17.656 [Test worker] DEBUG org.apache.http.wire -  >> "      </ws:queryCustomerInfo>[\n]"
17:42:17.656 [Test worker] DEBUG org.apache.http.wire -  >> "   </soapenv:Body>[\n]"
17:42:17.656 [Test worker] DEBUG org.apache.http.wire -  >> "</soapenv:Envelope>"
17:42:17.770 [Test worker] DEBUG org.apache.http.wire -  << "HTTP/1.1 200 OK[\r][\n]"
17:42:17.771 [Test worker] DEBUG org.apache.http.wire -  << "Date: Thu, 20 Jan 2022 22:43:01 GMT[\r][\n]"
17:42:17.771 [Test worker] DEBUG org.apache.http.wire -  << "Transfer-Encoding: chunked[\r][\n]"
17:42:17.771 [Test worker] DEBUG org.apache.http.wire -  << "Content-Type: text/xml; charset=utf-8[\r][\n]"
17:42:17.771 [Test worker] DEBUG org.apache.http.wire -  << "[\r][\n]"
17:42:17.771 [Test worker] DEBUG org.apache.http.impl.conn.DefaultClientConnection - Receiving response: HTTP/1.1 200 OK
17:42:17.771 [Test worker] DEBUG org.apache.http.headers - << HTTP/1.1 200 OK
17:42:17.772 [Test worker] DEBUG org.apache.http.headers - << Date: Thu, 20 Jan 2022 22:43:01 GMT
17:42:17.772 [Test worker] DEBUG org.apache.http.headers - << Transfer-Encoding: chunked
17:42:17.772 [Test worker] DEBUG org.apache.http.headers - << Content-Type: text/xml; charset=utf-8
17:42:17.772 [Test worker] DEBUG org.apache.http.impl.client.DefaultHttpClient - Connection can be kept alive indefinitely
17:42:17.773 [Test worker] DEBUG io.restassured.internal.RequestSpecificationImpl$RestAssuredHttpBuilder - Parsing response as: text/xml; charset=utf-8
17:42:17.773 [Test worker] DEBUG io.restassured.internal.RequestSpecificationImpl$RestAssuredHttpBuilder - Parsed data to instance of: class org.apache.http.conn.EofSensorInputStream
17:42:17.775 [Test worker] DEBUG org.apache.http.wire -  << "006e[\r][\n]"
17:42:17.775 [Test worker] DEBUG org.apache.http.wire -  << "<?xml version='1.0' encoding='UTF-8'?><S:Envelope xmlns:S="http://schemas.xmlsoap.org/soap/envelope/"><S:Body>"
17:42:17.776 [Test worker] DEBUG org.apache.http.wire -  << "[\r][\n]"
17:42:17.776 [Test worker] DEBUG org.apache.http.wire -  << "01f8[\r][\n]"
17:42:17.776 [Test worker] DEBUG org.apache.http.wire -  << "<ns4:queryCustomerInfoResponse xmlns:ns2="http://www.huawei.com/bme/cbsinterface/bccommon" xmlns:ns3="http://www.huawei.com/bme/cbsinterface/bcservices" xmlns:ns4="http://ws.web.gatewaycbs.tigo.com.co/" xmlns:ns5="http://www.huawei.com/bme/cbsinterface/cbscommon"><return><ResultHeader><ns5:Version>1</ns5:Version><ns5:ResultCode>118030260</ns5:ResultCode><ns5:ResultDesc>Subscriber 3016877412 does not exist.</ns5:ResultDesc></ResultHeader></return></ns4:queryCustomerInfoResponse></S:Body></S:Envelope>"
17:42:17.776 [Test worker] DEBUG org.apache.http.wire -  << "[\r][\n]"
17:42:17.776 [Test worker] DEBUG org.apache.http.wire -  << "0000[\r][\n]"
17:42:17.776 [Test worker] DEBUG org.apache.http.wire -  << "[\r][\n]"
17:42:17.776 [Test worker] DEBUG org.apache.http.impl.conn.BasicClientConnectionManager - Releasing connection org.apache.http.impl.conn.ManagedClientConnectionImpl@478b4303
17:42:17.777 [Test worker] DEBUG org.apache.http.impl.conn.BasicClientConnectionManager - Connection can be kept alive indefinitely
La linea 3016877412 no esta activa
se ejecuta correctamente
se ejecuta correctamente
se ejecuta correctamente
se ejecuta correctamente
17:42:23.730 [Test worker] DEBUG org.apache.http.impl.conn.BasicClientConnectionManager - Get connection for route {}->http://10.65.45.12:9001
17:42:23.730 [Test worker] DEBUG org.apache.http.impl.conn.DefaultClientConnectionOperator - Connecting to 10.65.45.12:9001
17:42:23.830 [Test worker] DEBUG org.apache.http.client.protocol.RequestAddCookies - CookieSpec selected: ignoreCookies
17:42:23.830 [Test worker] DEBUG org.apache.http.client.protocol.RequestAuthCache - Auth cache not set in the context
17:42:23.830 [Test worker] DEBUG org.apache.http.client.protocol.RequestTargetAuthentication - Target auth state: UNCHALLENGED
17:42:23.832 [Test worker] DEBUG org.apache.http.client.protocol.RequestProxyAuthentication - Proxy auth state: UNCHALLENGED
17:42:23.832 [Test worker] DEBUG org.apache.http.impl.client.DefaultHttpClient - Attempt 1 to execute request
17:42:23.832 [Test worker] DEBUG org.apache.http.impl.conn.DefaultClientConnection - Sending request: POST /gatewaycbs/BcServicesInt HTTP/1.1
17:42:23.832 [Test worker] DEBUG org.apache.http.wire -  >> "POST /gatewaycbs/BcServicesInt HTTP/1.1[\r][\n]"
17:42:23.832 [Test worker] DEBUG org.apache.http.wire -  >> "Accept: */*[\r][\n]"
17:42:23.832 [Test worker] DEBUG org.apache.http.wire -  >> "Content-Type: text/xml;charset=UTF-8[\r][\n]"
17:42:23.832 [Test worker] DEBUG org.apache.http.wire -  >> "Content-Length: 748[\r][\n]"
17:42:23.832 [Test worker] DEBUG org.apache.http.wire -  >> "Host: 10.65.45.12:9001[\r][\n]"
17:42:23.833 [Test worker] DEBUG org.apache.http.wire -  >> "Connection: Keep-Alive[\r][\n]"
17:42:23.833 [Test worker] DEBUG org.apache.http.wire -  >> "User-Agent: Apache-HttpClient/4.5.9 (Java/1.8.0_291)[\r][\n]"
17:42:23.833 [Test worker] DEBUG org.apache.http.wire -  >> "Accept-Encoding: gzip,deflate[\r][\n]"
17:42:23.833 [Test worker] DEBUG org.apache.http.wire -  >> "[\r][\n]"
17:42:23.833 [Test worker] DEBUG org.apache.http.headers - >> POST /gatewaycbs/BcServicesInt HTTP/1.1
17:42:23.833 [Test worker] DEBUG org.apache.http.headers - >> Accept: */*
17:42:23.833 [Test worker] DEBUG org.apache.http.headers - >> Content-Type: text/xml;charset=UTF-8
17:42:23.833 [Test worker] DEBUG org.apache.http.headers - >> Content-Length: 748
17:42:23.833 [Test worker] DEBUG org.apache.http.headers - >> Host: 10.65.45.12:9001
17:42:23.833 [Test worker] DEBUG org.apache.http.headers - >> Connection: Keep-Alive
17:42:23.834 [Test worker] DEBUG org.apache.http.headers - >> User-Agent: Apache-HttpClient/4.5.9 (Java/1.8.0_291)
17:42:23.834 [Test worker] DEBUG org.apache.http.headers - >> Accept-Encoding: gzip,deflate
17:42:23.835 [Test worker] DEBUG org.apache.http.wire -  >> "<soapenv:Envelope xmlns:bcc="http://www.huawei.com/bme/cbsinterface/bccommon" xmlns:bcs="http://www.huawei.com/bme/cbsinterface/bcservices" xmlns:ws="http://ws.web.gatewaycbs.tigo.com.co/" xmlns:soapenv="http://schemas.xmlsoap.org/soap/envelope/">[\n]"
17:42:23.835 [Test worker] DEBUG org.apache.http.wire -  >> "   <soapenv:Header/>[\n]"
17:42:23.836 [Test worker] DEBUG org.apache.http.wire -  >> "   <soapenv:Body>[\n]"
17:42:23.836 [Test worker] DEBUG org.apache.http.wire -  >> "      <ws:queryCustomerInfo>[\n]"
17:42:23.836 [Test worker] DEBUG org.apache.http.wire -  >> "         <!--Optional:-->[\n]"
17:42:23.836 [Test worker] DEBUG org.apache.http.wire -  >> "         <QueryCustomerInfoRequest>[\n]"
17:42:23.836 [Test worker] DEBUG org.apache.http.wire -  >> "            <bcs:QueryObj>[\n]"
17:42:23.836 [Test worker] DEBUG org.apache.http.wire -  >> "               <!--Optional:-->[\n]"
17:42:23.836 [Test worker] DEBUG org.apache.http.wire -  >> "               <bcs:SubAccessCode>[\n]"
17:42:23.836 [Test worker] DEBUG org.apache.http.wire -  >> "                  <!--Optional:-->[\n]"
17:42:23.837 [Test worker] DEBUG org.apache.http.wire -  >> "                  <bcc:PrimaryIdentity>3016876877</bcc:PrimaryIdentity>[\n]"
17:42:23.837 [Test worker] DEBUG org.apache.http.wire -  >> "               </bcs:SubAccessCode>[\n]"
17:42:23.837 [Test worker] DEBUG org.apache.http.wire -  >> "            </bcs:QueryObj>[\n]"
17:42:23.837 [Test worker] DEBUG org.apache.http.wire -  >> "         </QueryCustomerInfoRequest>[\n]"
17:42:23.837 [Test worker] DEBUG org.apache.http.wire -  >> "      </ws:queryCustomerInfo>[\n]"
17:42:23.837 [Test worker] DEBUG org.apache.http.wire -  >> "   </soapenv:Body>[\n]"
17:42:23.837 [Test worker] DEBUG org.apache.http.wire -  >> "</soapenv:Envelope>"
17:42:23.943 [Test worker] DEBUG org.apache.http.wire -  << "HTTP/1.1 200 OK[\r][\n]"
17:42:23.943 [Test worker] DEBUG org.apache.http.wire -  << "Date: Thu, 20 Jan 2022 22:43:07 GMT[\r][\n]"
17:42:23.943 [Test worker] DEBUG org.apache.http.wire -  << "Transfer-Encoding: chunked[\r][\n]"
17:42:23.943 [Test worker] DEBUG org.apache.http.wire -  << "Content-Type: text/xml; charset=utf-8[\r][\n]"
17:42:23.944 [Test worker] DEBUG org.apache.http.wire -  << "[\r][\n]"
17:42:23.944 [Test worker] DEBUG org.apache.http.impl.conn.DefaultClientConnection - Receiving response: HTTP/1.1 200 OK
17:42:23.944 [Test worker] DEBUG org.apache.http.headers - << HTTP/1.1 200 OK
17:42:23.944 [Test worker] DEBUG org.apache.http.headers - << Date: Thu, 20 Jan 2022 22:43:07 GMT
17:42:23.944 [Test worker] DEBUG org.apache.http.headers - << Transfer-Encoding: chunked
17:42:23.944 [Test worker] DEBUG org.apache.http.headers - << Content-Type: text/xml; charset=utf-8
17:42:23.944 [Test worker] DEBUG org.apache.http.impl.client.DefaultHttpClient - Connection can be kept alive indefinitely
17:42:23.944 [Test worker] DEBUG io.restassured.internal.RequestSpecificationImpl$RestAssuredHttpBuilder - Parsing response as: text/xml; charset=utf-8
17:42:23.944 [Test worker] DEBUG io.restassured.internal.RequestSpecificationImpl$RestAssuredHttpBuilder - Parsed data to instance of: class org.apache.http.conn.EofSensorInputStream
17:42:23.947 [Test worker] DEBUG org.apache.http.wire -  << "006e[\r][\n]"
17:42:23.948 [Test worker] DEBUG org.apache.http.wire -  << "<?xml version='1.0' encoding='UTF-8'?><S:Envelope xmlns:S="http://schemas.xmlsoap.org/soap/envelope/"><S:Body>"
17:42:23.948 [Test worker] DEBUG org.apache.http.wire -  << "[\r][\n]"
17:42:23.948 [Test worker] DEBUG org.apache.http.wire -  << "01f8[\r][\n]"
17:42:23.948 [Test worker] DEBUG org.apache.http.wire -  << "<ns4:queryCustomerInfoResponse xmlns:ns2="http://www.huawei.com/bme/cbsinterface/bccommon" xmlns:ns3="http://www.huawei.com/bme/cbsinterface/bcservices" xmlns:ns4="http://ws.web.gatewaycbs.tigo.com.co/" xmlns:ns5="http://www.huawei.com/bme/cbsinterface/cbscommon"><return><ResultHeader><ns5:Version>1</ns5:Version><ns5:ResultCode>118030260</ns5:ResultCode><ns5:ResultDesc>Subscriber 3016876877 does not exist.</ns5:ResultDesc></ResultHeader></return></ns4:queryCustomerInfoResponse></S:Body></S:Envelope>"
17:42:23.948 [Test worker] DEBUG org.apache.http.wire -  << "[\r][\n]"
17:42:23.948 [Test worker] DEBUG org.apache.http.wire -  << "0000[\r][\n]"
17:42:23.948 [Test worker] DEBUG org.apache.http.wire -  << "[\r][\n]"
17:42:23.948 [Test worker] DEBUG org.apache.http.impl.conn.BasicClientConnectionManager - Releasing connection org.apache.http.impl.conn.ManagedClientConnectionImpl@40f12677
17:42:23.948 [Test worker] DEBUG org.apache.http.impl.conn.BasicClientConnectionManager - Connection can be kept alive indefinitely
La linea 3016876877 no esta activa
17:42:24.000 [Finalizer] DEBUG org.apache.http.impl.conn.DefaultClientConnection - Connection 0.0.0.0:50380<->10.65.45.12:9001 closed
17:42:24.004 [Finalizer] DEBUG org.apache.http.impl.conn.DefaultClientConnection - Connection 0.0.0.0:50385<->10.65.45.12:9001 closed
se ejecuta correctamente
se ejecuta correctamente
se ejecuta correctamente
se ejecuta correctamente
17:42:30.075 [Test worker] DEBUG org.apache.http.impl.conn.BasicClientConnectionManager - Get connection for route {}->http://10.65.45.12:9001
17:42:30.075 [Test worker] DEBUG org.apache.http.impl.conn.DefaultClientConnectionOperator - Connecting to 10.65.45.12:9001
17:42:30.123 [Test worker] DEBUG org.apache.http.client.protocol.RequestAddCookies - CookieSpec selected: ignoreCookies
17:42:30.123 [Test worker] DEBUG org.apache.http.client.protocol.RequestAuthCache - Auth cache not set in the context
17:42:30.123 [Test worker] DEBUG org.apache.http.client.protocol.RequestTargetAuthentication - Target auth state: UNCHALLENGED
17:42:30.123 [Test worker] DEBUG org.apache.http.client.protocol.RequestProxyAuthentication - Proxy auth state: UNCHALLENGED
17:42:30.123 [Test worker] DEBUG org.apache.http.impl.client.DefaultHttpClient - Attempt 1 to execute request
17:42:30.123 [Test worker] DEBUG org.apache.http.impl.conn.DefaultClientConnection - Sending request: POST /gatewaycbs/BcServicesInt HTTP/1.1
17:42:30.124 [Test worker] DEBUG org.apache.http.wire -  >> "POST /gatewaycbs/BcServicesInt HTTP/1.1[\r][\n]"
17:42:30.124 [Test worker] DEBUG org.apache.http.wire -  >> "Accept: */*[\r][\n]"
17:42:30.124 [Test worker] DEBUG org.apache.http.wire -  >> "Content-Type: text/xml;charset=UTF-8[\r][\n]"
17:42:30.124 [Test worker] DEBUG org.apache.http.wire -  >> "Content-Length: 748[\r][\n]"
17:42:30.124 [Test worker] DEBUG org.apache.http.wire -  >> "Host: 10.65.45.12:9001[\r][\n]"
17:42:30.124 [Test worker] DEBUG org.apache.http.wire -  >> "Connection: Keep-Alive[\r][\n]"
17:42:30.124 [Test worker] DEBUG org.apache.http.wire -  >> "User-Agent: Apache-HttpClient/4.5.9 (Java/1.8.0_291)[\r][\n]"
17:42:30.125 [Test worker] DEBUG org.apache.http.wire -  >> "Accept-Encoding: gzip,deflate[\r][\n]"
17:42:30.125 [Test worker] DEBUG org.apache.http.wire -  >> "[\r][\n]"
17:42:30.125 [Test worker] DEBUG org.apache.http.headers - >> POST /gatewaycbs/BcServicesInt HTTP/1.1
17:42:30.125 [Test worker] DEBUG org.apache.http.headers - >> Accept: */*
17:42:30.125 [Test worker] DEBUG org.apache.http.headers - >> Content-Type: text/xml;charset=UTF-8
17:42:30.125 [Test worker] DEBUG org.apache.http.headers - >> Content-Length: 748
17:42:30.125 [Test worker] DEBUG org.apache.http.headers - >> Host: 10.65.45.12:9001
17:42:30.125 [Test worker] DEBUG org.apache.http.headers - >> Connection: Keep-Alive
17:42:30.126 [Test worker] DEBUG org.apache.http.headers - >> User-Agent: Apache-HttpClient/4.5.9 (Java/1.8.0_291)
17:42:30.126 [Test worker] DEBUG org.apache.http.headers - >> Accept-Encoding: gzip,deflate
17:42:30.127 [Test worker] DEBUG org.apache.http.wire -  >> "<soapenv:Envelope xmlns:bcc="http://www.huawei.com/bme/cbsinterface/bccommon" xmlns:bcs="http://www.huawei.com/bme/cbsinterface/bcservices" xmlns:ws="http://ws.web.gatewaycbs.tigo.com.co/" xmlns:soapenv="http://schemas.xmlsoap.org/soap/envelope/">[\n]"
17:42:30.128 [Test worker] DEBUG org.apache.http.wire -  >> "   <soapenv:Header/>[\n]"
17:42:30.128 [Test worker] DEBUG org.apache.http.wire -  >> "   <soapenv:Body>[\n]"
17:42:30.128 [Test worker] DEBUG org.apache.http.wire -  >> "      <ws:queryCustomerInfo>[\n]"
17:42:30.128 [Test worker] DEBUG org.apache.http.wire -  >> "         <!--Optional:-->[\n]"
17:42:30.128 [Test worker] DEBUG org.apache.http.wire -  >> "         <QueryCustomerInfoRequest>[\n]"
17:42:30.128 [Test worker] DEBUG org.apache.http.wire -  >> "            <bcs:QueryObj>[\n]"
17:42:30.128 [Test worker] DEBUG org.apache.http.wire -  >> "               <!--Optional:-->[\n]"
17:42:30.128 [Test worker] DEBUG org.apache.http.wire -  >> "               <bcs:SubAccessCode>[\n]"
17:42:30.128 [Test worker] DEBUG org.apache.http.wire -  >> "                  <!--Optional:-->[\n]"
17:42:30.128 [Test worker] DEBUG org.apache.http.wire -  >> "                  <bcc:PrimaryIdentity>3016877412</bcc:PrimaryIdentity>[\n]"
17:42:30.128 [Test worker] DEBUG org.apache.http.wire -  >> "               </bcs:SubAccessCode>[\n]"
17:42:30.129 [Test worker] DEBUG org.apache.http.wire -  >> "            </bcs:QueryObj>[\n]"
17:42:30.129 [Test worker] DEBUG org.apache.http.wire -  >> "         </QueryCustomerInfoRequest>[\n]"
17:42:30.129 [Test worker] DEBUG org.apache.http.wire -  >> "      </ws:queryCustomerInfo>[\n]"
17:42:30.129 [Test worker] DEBUG org.apache.http.wire -  >> "   </soapenv:Body>[\n]"
17:42:30.129 [Test worker] DEBUG org.apache.http.wire -  >> "</soapenv:Envelope>"
17:42:30.214 [Test worker] DEBUG org.apache.http.wire -  << "HTTP/1.1 200 OK[\r][\n]"
17:42:30.215 [Test worker] DEBUG org.apache.http.wire -  << "Date: Thu, 20 Jan 2022 22:43:14 GMT[\r][\n]"
17:42:30.215 [Test worker] DEBUG org.apache.http.wire -  << "Transfer-Encoding: chunked[\r][\n]"
17:42:30.215 [Test worker] DEBUG org.apache.http.wire -  << "Content-Type: text/xml; charset=utf-8[\r][\n]"
17:42:30.215 [Test worker] DEBUG org.apache.http.wire -  << "[\r][\n]"
17:42:30.215 [Test worker] DEBUG org.apache.http.impl.conn.DefaultClientConnection - Receiving response: HTTP/1.1 200 OK
17:42:30.216 [Test worker] DEBUG org.apache.http.headers - << HTTP/1.1 200 OK
17:42:30.216 [Test worker] DEBUG org.apache.http.headers - << Date: Thu, 20 Jan 2022 22:43:14 GMT
17:42:30.216 [Test worker] DEBUG org.apache.http.headers - << Transfer-Encoding: chunked
17:42:30.216 [Test worker] DEBUG org.apache.http.headers - << Content-Type: text/xml; charset=utf-8
17:42:30.216 [Test worker] DEBUG org.apache.http.impl.client.DefaultHttpClient - Connection can be kept alive indefinitely
17:42:30.216 [Test worker] DEBUG io.restassured.internal.RequestSpecificationImpl$RestAssuredHttpBuilder - Parsing response as: text/xml; charset=utf-8
17:42:30.216 [Test worker] DEBUG io.restassured.internal.RequestSpecificationImpl$RestAssuredHttpBuilder - Parsed data to instance of: class org.apache.http.conn.EofSensorInputStream
17:42:30.218 [Test worker] DEBUG org.apache.http.wire -  << "006e[\r][\n]"
17:42:30.219 [Test worker] DEBUG org.apache.http.wire -  << "<?xml version='1.0' encoding='UTF-8'?><S:Envelope xmlns:S="http://schemas.xmlsoap.org/soap/envelope/"><S:Body>"
17:42:30.219 [Test worker] DEBUG org.apache.http.wire -  << "[\r][\n]"
17:42:30.219 [Test worker] DEBUG org.apache.http.wire -  << "01f8[\r][\n]"
17:42:30.219 [Test worker] DEBUG org.apache.http.wire -  << "<ns4:queryCustomerInfoResponse xmlns:ns2="http://www.huawei.com/bme/cbsinterface/bccommon" xmlns:ns3="http://www.huawei.com/bme/cbsinterface/bcservices" xmlns:ns4="http://ws.web.gatewaycbs.tigo.com.co/" xmlns:ns5="http://www.huawei.com/bme/cbsinterface/cbscommon"><return><ResultHeader><ns5:Version>1</ns5:Version><ns5:ResultCode>118030260</ns5:ResultCode><ns5:ResultDesc>Subscriber 3016877412 does not exist.</ns5:ResultDesc></ResultHeader></return></ns4:queryCustomerInfoResponse></S:Body></S:Envelope>"
17:42:30.219 [Test worker] DEBUG org.apache.http.wire -  << "[\r][\n]"
17:42:30.219 [Test worker] DEBUG org.apache.http.wire -  << "0000[\r][\n]"
17:42:30.219 [Test worker] DEBUG org.apache.http.wire -  << "[\r][\n]"
17:42:30.220 [Test worker] DEBUG org.apache.http.impl.conn.BasicClientConnectionManager - Releasing connection org.apache.http.impl.conn.ManagedClientConnectionImpl@bc3aae4
17:42:30.220 [Test worker] DEBUG org.apache.http.impl.conn.BasicClientConnectionManager - Connection can be kept alive indefinitely
La linea 3016877412 no esta activa
se ejecuta correctamente
se ejecuta correctamente
se ejecuta correctamente
se ejecuta correctamente
17:42:36.452 [Test worker] DEBUG org.apache.http.impl.conn.BasicClientConnectionManager - Get connection for route {}->http://10.65.45.12:9001
17:42:36.452 [Test worker] DEBUG org.apache.http.impl.conn.DefaultClientConnectionOperator - Connecting to 10.65.45.12:9001
17:42:36.494 [Test worker] DEBUG org.apache.http.client.protocol.RequestAddCookies - CookieSpec selected: ignoreCookies
17:42:36.495 [Test worker] DEBUG org.apache.http.client.protocol.RequestAuthCache - Auth cache not set in the context
17:42:36.495 [Test worker] DEBUG org.apache.http.client.protocol.RequestTargetAuthentication - Target auth state: UNCHALLENGED
17:42:36.495 [Test worker] DEBUG org.apache.http.client.protocol.RequestProxyAuthentication - Proxy auth state: UNCHALLENGED
17:42:36.495 [Test worker] DEBUG org.apache.http.impl.client.DefaultHttpClient - Attempt 1 to execute request
17:42:36.495 [Test worker] DEBUG org.apache.http.impl.conn.DefaultClientConnection - Sending request: POST /gatewaycbs/BcServicesInt HTTP/1.1
17:42:36.495 [Test worker] DEBUG org.apache.http.wire -  >> "POST /gatewaycbs/BcServicesInt HTTP/1.1[\r][\n]"
17:42:36.495 [Test worker] DEBUG org.apache.http.wire -  >> "Accept: */*[\r][\n]"
17:42:36.495 [Test worker] DEBUG org.apache.http.wire -  >> "Content-Type: text/xml;charset=UTF-8[\r][\n]"
17:42:36.495 [Test worker] DEBUG org.apache.http.wire -  >> "Content-Length: 748[\r][\n]"
17:42:36.495 [Test worker] DEBUG org.apache.http.wire -  >> "Host: 10.65.45.12:9001[\r][\n]"
17:42:36.496 [Test worker] DEBUG org.apache.http.wire -  >> "Connection: Keep-Alive[\r][\n]"
17:42:36.496 [Test worker] DEBUG org.apache.http.wire -  >> "User-Agent: Apache-HttpClient/4.5.9 (Java/1.8.0_291)[\r][\n]"
17:42:36.496 [Test worker] DEBUG org.apache.http.wire -  >> "Accept-Encoding: gzip,deflate[\r][\n]"
17:42:36.496 [Test worker] DEBUG org.apache.http.wire -  >> "[\r][\n]"
17:42:36.496 [Test worker] DEBUG org.apache.http.headers - >> POST /gatewaycbs/BcServicesInt HTTP/1.1
17:42:36.496 [Test worker] DEBUG org.apache.http.headers - >> Accept: */*
17:42:36.496 [Test worker] DEBUG org.apache.http.headers - >> Content-Type: text/xml;charset=UTF-8
17:42:36.496 [Test worker] DEBUG org.apache.http.headers - >> Content-Length: 748
17:42:36.496 [Test worker] DEBUG org.apache.http.headers - >> Host: 10.65.45.12:9001
17:42:36.497 [Test worker] DEBUG org.apache.http.headers - >> Connection: Keep-Alive
17:42:36.497 [Test worker] DEBUG org.apache.http.headers - >> User-Agent: Apache-HttpClient/4.5.9 (Java/1.8.0_291)
17:42:36.497 [Test worker] DEBUG org.apache.http.headers - >> Accept-Encoding: gzip,deflate
17:42:36.498 [Test worker] DEBUG org.apache.http.wire -  >> "<soapenv:Envelope xmlns:bcc="http://www.huawei.com/bme/cbsinterface/bccommon" xmlns:bcs="http://www.huawei.com/bme/cbsinterface/bcservices" xmlns:ws="http://ws.web.gatewaycbs.tigo.com.co/" xmlns:soapenv="http://schemas.xmlsoap.org/soap/envelope/">[\n]"
17:42:36.499 [Test worker] DEBUG org.apache.http.wire -  >> "   <soapenv:Header/>[\n]"
17:42:36.499 [Test worker] DEBUG org.apache.http.wire -  >> "   <soapenv:Body>[\n]"
17:42:36.499 [Test worker] DEBUG org.apache.http.wire -  >> "      <ws:queryCustomerInfo>[\n]"
17:42:36.499 [Test worker] DEBUG org.apache.http.wire -  >> "         <!--Optional:-->[\n]"
17:42:36.499 [Test worker] DEBUG org.apache.http.wire -  >> "         <QueryCustomerInfoRequest>[\n]"
17:42:36.499 [Test worker] DEBUG org.apache.http.wire -  >> "            <bcs:QueryObj>[\n]"
17:42:36.499 [Test worker] DEBUG org.apache.http.wire -  >> "               <!--Optional:-->[\n]"
17:42:36.499 [Test worker] DEBUG org.apache.http.wire -  >> "               <bcs:SubAccessCode>[\n]"
17:42:36.499 [Test worker] DEBUG org.apache.http.wire -  >> "                  <!--Optional:-->[\n]"
17:42:36.499 [Test worker] DEBUG org.apache.http.wire -  >> "                  <bcc:PrimaryIdentity>3016876873</bcc:PrimaryIdentity>[\n]"
17:42:36.499 [Test worker] DEBUG org.apache.http.wire -  >> "               </bcs:SubAccessCode>[\n]"
17:42:36.499 [Test worker] DEBUG org.apache.http.wire -  >> "            </bcs:QueryObj>[\n]"
17:42:36.500 [Test worker] DEBUG org.apache.http.wire -  >> "         </QueryCustomerInfoRequest>[\n]"
17:42:36.500 [Test worker] DEBUG org.apache.http.wire -  >> "      </ws:queryCustomerInfo>[\n]"
17:42:36.500 [Test worker] DEBUG org.apache.http.wire -  >> "   </soapenv:Body>[\n]"
17:42:36.500 [Test worker] DEBUG org.apache.http.wire -  >> "</soapenv:Envelope>"
17:42:36.587 [Test worker] DEBUG org.apache.http.wire -  << "HTTP/1.1 200 OK[\r][\n]"
17:42:36.587 [Test worker] DEBUG org.apache.http.wire -  << "Date: Thu, 20 Jan 2022 22:43:20 GMT[\r][\n]"
17:42:36.588 [Test worker] DEBUG org.apache.http.wire -  << "Transfer-Encoding: chunked[\r][\n]"
17:42:36.588 [Test worker] DEBUG org.apache.http.wire -  << "Content-Type: text/xml; charset=utf-8[\r][\n]"
17:42:36.588 [Test worker] DEBUG org.apache.http.wire -  << "[\r][\n]"
17:42:36.588 [Test worker] DEBUG org.apache.http.impl.conn.DefaultClientConnection - Receiving response: HTTP/1.1 200 OK
17:42:36.588 [Test worker] DEBUG org.apache.http.headers - << HTTP/1.1 200 OK
17:42:36.588 [Test worker] DEBUG org.apache.http.headers - << Date: Thu, 20 Jan 2022 22:43:20 GMT
17:42:36.588 [Test worker] DEBUG org.apache.http.headers - << Transfer-Encoding: chunked
17:42:36.588 [Test worker] DEBUG org.apache.http.headers - << Content-Type: text/xml; charset=utf-8
17:42:36.588 [Test worker] DEBUG org.apache.http.impl.client.DefaultHttpClient - Connection can be kept alive indefinitely
17:42:36.590 [Test worker] DEBUG io.restassured.internal.RequestSpecificationImpl$RestAssuredHttpBuilder - Parsing response as: text/xml; charset=utf-8
17:42:36.590 [Test worker] DEBUG io.restassured.internal.RequestSpecificationImpl$RestAssuredHttpBuilder - Parsed data to instance of: class org.apache.http.conn.EofSensorInputStream
17:42:36.593 [Test worker] DEBUG org.apache.http.wire -  << "006e[\r][\n]"
17:42:36.593 [Test worker] DEBUG org.apache.http.wire -  << "<?xml version='1.0' encoding='UTF-8'?><S:Envelope xmlns:S="http://schemas.xmlsoap.org/soap/envelope/"><S:Body>"
17:42:36.593 [Test worker] DEBUG org.apache.http.wire -  << "[\r][\n]"
17:42:36.593 [Test worker] DEBUG org.apache.http.wire -  << "01f8[\r][\n]"
17:42:36.593 [Test worker] DEBUG org.apache.http.wire -  << "<ns4:queryCustomerInfoResponse xmlns:ns2="http://www.huawei.com/bme/cbsinterface/bccommon" xmlns:ns3="http://www.huawei.com/bme/cbsinterface/bcservices" xmlns:ns4="http://ws.web.gatewaycbs.tigo.com.co/" xmlns:ns5="http://www.huawei.com/bme/cbsinterface/cbscommon"><return><ResultHeader><ns5:Version>1</ns5:Version><ns5:ResultCode>118030260</ns5:ResultCode><ns5:ResultDesc>Subscriber 3016876873 does not exist.</ns5:ResultDesc></ResultHeader></return></ns4:queryCustomerInfoResponse></S:Body></S:Envelope>"
17:42:36.593 [Test worker] DEBUG org.apache.http.wire -  << "[\r][\n]"
17:42:36.593 [Test worker] DEBUG org.apache.http.wire -  << "0000[\r][\n]"
17:42:36.593 [Test worker] DEBUG org.apache.http.wire -  << "[\r][\n]"
17:42:36.594 [Test worker] DEBUG org.apache.http.impl.conn.BasicClientConnectionManager - Releasing connection org.apache.http.impl.conn.ManagedClientConnectionImpl@433c4d61
17:42:36.594 [Test worker] DEBUG org.apache.http.impl.conn.BasicClientConnectionManager - Connection can be kept alive indefinitely
La linea 3016876873 no esta activa
17:42:36.627 [Finalizer] DEBUG org.apache.http.impl.conn.DefaultClientConnection - Connection 0.0.0.0:50397<->10.65.45.12:9001 closed
17:42:36.630 [Finalizer] DEBUG org.apache.http.impl.conn.DefaultClientConnection - Connection 0.0.0.0:50392<->10.65.45.12:9001 closed
se ejecuta correctamente
se ejecuta correctamente
se ejecuta correctamente
se ejecuta correctamente
17:42:42.553 [Test worker] DEBUG org.apache.http.impl.conn.BasicClientConnectionManager - Get connection for route {}->http://10.65.45.12:9001
17:42:42.554 [Test worker] DEBUG org.apache.http.impl.conn.DefaultClientConnectionOperator - Connecting to 10.65.45.12:9001
17:42:42.605 [Test worker] DEBUG org.apache.http.client.protocol.RequestAddCookies - CookieSpec selected: ignoreCookies
17:42:42.606 [Test worker] DEBUG org.apache.http.client.protocol.RequestAuthCache - Auth cache not set in the context
17:42:42.606 [Test worker] DEBUG org.apache.http.client.protocol.RequestTargetAuthentication - Target auth state: UNCHALLENGED
17:42:42.606 [Test worker] DEBUG org.apache.http.client.protocol.RequestProxyAuthentication - Proxy auth state: UNCHALLENGED
17:42:42.606 [Test worker] DEBUG org.apache.http.impl.client.DefaultHttpClient - Attempt 1 to execute request
17:42:42.606 [Test worker] DEBUG org.apache.http.impl.conn.DefaultClientConnection - Sending request: POST /gatewaycbs/BcServicesInt HTTP/1.1
17:42:42.606 [Test worker] DEBUG org.apache.http.wire -  >> "POST /gatewaycbs/BcServicesInt HTTP/1.1[\r][\n]"
17:42:42.607 [Test worker] DEBUG org.apache.http.wire -  >> "Accept: */*[\r][\n]"
17:42:42.607 [Test worker] DEBUG org.apache.http.wire -  >> "Content-Type: text/xml;charset=UTF-8[\r][\n]"
17:42:42.607 [Test worker] DEBUG org.apache.http.wire -  >> "Content-Length: 748[\r][\n]"
17:42:42.607 [Test worker] DEBUG org.apache.http.wire -  >> "Host: 10.65.45.12:9001[\r][\n]"
17:42:42.607 [Test worker] DEBUG org.apache.http.wire -  >> "Connection: Keep-Alive[\r][\n]"
17:42:42.607 [Test worker] DEBUG org.apache.http.wire -  >> "User-Agent: Apache-HttpClient/4.5.9 (Java/1.8.0_291)[\r][\n]"
17:42:42.607 [Test worker] DEBUG org.apache.http.wire -  >> "Accept-Encoding: gzip,deflate[\r][\n]"
17:42:42.607 [Test worker] DEBUG org.apache.http.wire -  >> "[\r][\n]"
17:42:42.607 [Test worker] DEBUG org.apache.http.headers - >> POST /gatewaycbs/BcServicesInt HTTP/1.1
17:42:42.608 [Test worker] DEBUG org.apache.http.headers - >> Accept: */*
17:42:42.608 [Test worker] DEBUG org.apache.http.headers - >> Content-Type: text/xml;charset=UTF-8
17:42:42.609 [Test worker] DEBUG org.apache.http.headers - >> Content-Length: 748
17:42:42.609 [Test worker] DEBUG org.apache.http.headers - >> Host: 10.65.45.12:9001
17:42:42.609 [Test worker] DEBUG org.apache.http.headers - >> Connection: Keep-Alive
17:42:42.609 [Test worker] DEBUG org.apache.http.headers - >> User-Agent: Apache-HttpClient/4.5.9 (Java/1.8.0_291)
17:42:42.609 [Test worker] DEBUG org.apache.http.headers - >> Accept-Encoding: gzip,deflate
17:42:42.609 [Test worker] DEBUG org.apache.http.wire -  >> "<soapenv:Envelope xmlns:bcc="http://www.huawei.com/bme/cbsinterface/bccommon" xmlns:bcs="http://www.huawei.com/bme/cbsinterface/bcservices" xmlns:ws="http://ws.web.gatewaycbs.tigo.com.co/" xmlns:soapenv="http://schemas.xmlsoap.org/soap/envelope/">[\n]"
17:42:42.610 [Test worker] DEBUG org.apache.http.wire -  >> "   <soapenv:Header/>[\n]"
17:42:42.610 [Test worker] DEBUG org.apache.http.wire -  >> "   <soapenv:Body>[\n]"
17:42:42.610 [Test worker] DEBUG org.apache.http.wire -  >> "      <ws:queryCustomerInfo>[\n]"
17:42:42.610 [Test worker] DEBUG org.apache.http.wire -  >> "         <!--Optional:-->[\n]"
17:42:42.611 [Test worker] DEBUG org.apache.http.wire -  >> "         <QueryCustomerInfoRequest>[\n]"
17:42:42.611 [Test worker] DEBUG org.apache.http.wire -  >> "            <bcs:QueryObj>[\n]"
17:42:42.611 [Test worker] DEBUG org.apache.http.wire -  >> "               <!--Optional:-->[\n]"
17:42:42.611 [Test worker] DEBUG org.apache.http.wire -  >> "               <bcs:SubAccessCode>[\n]"
17:42:42.611 [Test worker] DEBUG org.apache.http.wire -  >> "                  <!--Optional:-->[\n]"
17:42:42.611 [Test worker] DEBUG org.apache.http.wire -  >> "                  <bcc:PrimaryIdentity>3016877414</bcc:PrimaryIdentity>[\n]"
17:42:42.611 [Test worker] DEBUG org.apache.http.wire -  >> "               </bcs:SubAccessCode>[\n]"
17:42:42.611 [Test worker] DEBUG org.apache.http.wire -  >> "            </bcs:QueryObj>[\n]"
17:42:42.611 [Test worker] DEBUG org.apache.http.wire -  >> "         </QueryCustomerInfoRequest>[\n]"
17:42:42.611 [Test worker] DEBUG org.apache.http.wire -  >> "      </ws:queryCustomerInfo>[\n]"
17:42:42.611 [Test worker] DEBUG org.apache.http.wire -  >> "   </soapenv:Body>[\n]"
17:42:42.611 [Test worker] DEBUG org.apache.http.wire -  >> "</soapenv:Envelope>"
17:42:42.706 [Test worker] DEBUG org.apache.http.wire -  << "HTTP/1.1 200 OK[\r][\n]"
17:42:42.707 [Test worker] DEBUG org.apache.http.wire -  << "Date: Thu, 20 Jan 2022 22:43:26 GMT[\r][\n]"
17:42:42.707 [Test worker] DEBUG org.apache.http.wire -  << "Transfer-Encoding: chunked[\r][\n]"
17:42:42.707 [Test worker] DEBUG org.apache.http.wire -  << "Content-Type: text/xml; charset=utf-8[\r][\n]"
17:42:42.707 [Test worker] DEBUG org.apache.http.wire -  << "[\r][\n]"
17:42:42.707 [Test worker] DEBUG org.apache.http.impl.conn.DefaultClientConnection - Receiving response: HTTP/1.1 200 OK
17:42:42.707 [Test worker] DEBUG org.apache.http.headers - << HTTP/1.1 200 OK
17:42:42.707 [Test worker] DEBUG org.apache.http.headers - << Date: Thu, 20 Jan 2022 22:43:26 GMT
17:42:42.707 [Test worker] DEBUG org.apache.http.headers - << Transfer-Encoding: chunked
17:42:42.707 [Test worker] DEBUG org.apache.http.headers - << Content-Type: text/xml; charset=utf-8
17:42:42.708 [Test worker] DEBUG org.apache.http.impl.client.DefaultHttpClient - Connection can be kept alive indefinitely
17:42:42.708 [Test worker] DEBUG io.restassured.internal.RequestSpecificationImpl$RestAssuredHttpBuilder - Parsing response as: text/xml; charset=utf-8
17:42:42.709 [Test worker] DEBUG io.restassured.internal.RequestSpecificationImpl$RestAssuredHttpBuilder - Parsed data to instance of: class org.apache.http.conn.EofSensorInputStream
17:42:42.710 [Test worker] DEBUG org.apache.http.wire -  << "006e[\r][\n]"
17:42:42.710 [Test worker] DEBUG org.apache.http.wire -  << "<?xml version='1.0' encoding='UTF-8'?><S:Envelope xmlns:S="http://schemas.xmlsoap.org/soap/envelope/"><S:Body>"
17:42:42.710 [Test worker] DEBUG org.apache.http.wire -  << "[\r][\n]"
17:42:42.710 [Test worker] DEBUG org.apache.http.wire -  << "01f8[\r][\n]"
17:42:42.711 [Test worker] DEBUG org.apache.http.wire -  << "<ns4:queryCustomerInfoResponse xmlns:ns2="http://www.huawei.com/bme/cbsinterface/bccommon" xmlns:ns3="http://www.huawei.com/bme/cbsinterface/bcservices" xmlns:ns4="http://ws.web.gatewaycbs.tigo.com.co/" xmlns:ns5="http://www.huawei.com/bme/cbsinterface/cbscommon"><return><ResultHeader><ns5:Version>1</ns5:Version><ns5:ResultCode>118030260</ns5:ResultCode><ns5:ResultDesc>Subscriber 3016877414 does not exist.</ns5:ResultDesc></ResultHeader></return></ns4:queryCustomerInfoResponse></S:Body></S:Envelope>"
17:42:42.711 [Test worker] DEBUG org.apache.http.wire -  << "[\r][\n]"
17:42:42.711 [Test worker] DEBUG org.apache.http.wire -  << "0000[\r][\n]"
17:42:42.711 [Test worker] DEBUG org.apache.http.wire -  << "[\r][\n]"
17:42:42.711 [Test worker] DEBUG org.apache.http.impl.conn.BasicClientConnectionManager - Releasing connection org.apache.http.impl.conn.ManagedClientConnectionImpl@3298717e
17:42:42.711 [Test worker] DEBUG org.apache.http.impl.conn.BasicClientConnectionManager - Connection can be kept alive indefinitely
La linea 3016877414 no esta activa
se ejecuta correctamente
se ejecuta correctamente
se ejecuta correctamente
se ejecuta correctamente
17:42:49.058 [Test worker] DEBUG org.apache.http.impl.conn.BasicClientConnectionManager - Get connection for route {}->http://10.65.45.12:9001
17:42:49.058 [Test worker] DEBUG org.apache.http.impl.conn.DefaultClientConnectionOperator - Connecting to 10.65.45.12:9001
17:42:49.114 [Test worker] DEBUG org.apache.http.client.protocol.RequestAddCookies - CookieSpec selected: ignoreCookies
17:42:49.114 [Test worker] DEBUG org.apache.http.client.protocol.RequestAuthCache - Auth cache not set in the context
17:42:49.114 [Test worker] DEBUG org.apache.http.client.protocol.RequestTargetAuthentication - Target auth state: UNCHALLENGED
17:42:49.114 [Test worker] DEBUG org.apache.http.client.protocol.RequestProxyAuthentication - Proxy auth state: UNCHALLENGED
17:42:49.114 [Test worker] DEBUG org.apache.http.impl.client.DefaultHttpClient - Attempt 1 to execute request
17:42:49.114 [Test worker] DEBUG org.apache.http.impl.conn.DefaultClientConnection - Sending request: POST /gatewaycbs/BcServicesInt HTTP/1.1
17:42:49.115 [Test worker] DEBUG org.apache.http.wire -  >> "POST /gatewaycbs/BcServicesInt HTTP/1.1[\r][\n]"
17:42:49.115 [Test worker] DEBUG org.apache.http.wire -  >> "Accept: */*[\r][\n]"
17:42:49.115 [Test worker] DEBUG org.apache.http.wire -  >> "Content-Type: text/xml;charset=UTF-8[\r][\n]"
17:42:49.115 [Test worker] DEBUG org.apache.http.wire -  >> "Content-Length: 748[\r][\n]"
17:42:49.115 [Test worker] DEBUG org.apache.http.wire -  >> "Host: 10.65.45.12:9001[\r][\n]"
17:42:49.115 [Test worker] DEBUG org.apache.http.wire -  >> "Connection: Keep-Alive[\r][\n]"
17:42:49.115 [Test worker] DEBUG org.apache.http.wire -  >> "User-Agent: Apache-HttpClient/4.5.9 (Java/1.8.0_291)[\r][\n]"
17:42:49.115 [Test worker] DEBUG org.apache.http.wire -  >> "Accept-Encoding: gzip,deflate[\r][\n]"
17:42:49.115 [Test worker] DEBUG org.apache.http.wire -  >> "[\r][\n]"
17:42:49.115 [Test worker] DEBUG org.apache.http.headers - >> POST /gatewaycbs/BcServicesInt HTTP/1.1
17:42:49.115 [Test worker] DEBUG org.apache.http.headers - >> Accept: */*
17:42:49.115 [Test worker] DEBUG org.apache.http.headers - >> Content-Type: text/xml;charset=UTF-8
17:42:49.116 [Test worker] DEBUG org.apache.http.headers - >> Content-Length: 748
17:42:49.116 [Test worker] DEBUG org.apache.http.headers - >> Host: 10.65.45.12:9001
17:42:49.116 [Test worker] DEBUG org.apache.http.headers - >> Connection: Keep-Alive
17:42:49.116 [Test worker] DEBUG org.apache.http.headers - >> User-Agent: Apache-HttpClient/4.5.9 (Java/1.8.0_291)
17:42:49.116 [Test worker] DEBUG org.apache.http.headers - >> Accept-Encoding: gzip,deflate
17:42:49.118 [Test worker] DEBUG org.apache.http.wire -  >> "<soapenv:Envelope xmlns:bcc="http://www.huawei.com/bme/cbsinterface/bccommon" xmlns:bcs="http://www.huawei.com/bme/cbsinterface/bcservices" xmlns:ws="http://ws.web.gatewaycbs.tigo.com.co/" xmlns:soapenv="http://schemas.xmlsoap.org/soap/envelope/">[\n]"
17:42:49.118 [Test worker] DEBUG org.apache.http.wire -  >> "   <soapenv:Header/>[\n]"
17:42:49.118 [Test worker] DEBUG org.apache.http.wire -  >> "   <soapenv:Body>[\n]"
17:42:49.118 [Test worker] DEBUG org.apache.http.wire -  >> "      <ws:queryCustomerInfo>[\n]"
17:42:49.118 [Test worker] DEBUG org.apache.http.wire -  >> "         <!--Optional:-->[\n]"
17:42:49.118 [Test worker] DEBUG org.apache.http.wire -  >> "         <QueryCustomerInfoRequest>[\n]"
17:42:49.118 [Test worker] DEBUG org.apache.http.wire -  >> "            <bcs:QueryObj>[\n]"
17:42:49.118 [Test worker] DEBUG org.apache.http.wire -  >> "               <!--Optional:-->[\n]"
17:42:49.118 [Test worker] DEBUG org.apache.http.wire -  >> "               <bcs:SubAccessCode>[\n]"
17:42:49.118 [Test worker] DEBUG org.apache.http.wire -  >> "                  <!--Optional:-->[\n]"
17:42:49.118 [Test worker] DEBUG org.apache.http.wire -  >> "                  <bcc:PrimaryIdentity>3016876878</bcc:PrimaryIdentity>[\n]"
17:42:49.118 [Test worker] DEBUG org.apache.http.wire -  >> "               </bcs:SubAccessCode>[\n]"
17:42:49.118 [Test worker] DEBUG org.apache.http.wire -  >> "            </bcs:QueryObj>[\n]"
17:42:49.119 [Test worker] DEBUG org.apache.http.wire -  >> "         </QueryCustomerInfoRequest>[\n]"
17:42:49.119 [Test worker] DEBUG org.apache.http.wire -  >> "      </ws:queryCustomerInfo>[\n]"
17:42:49.119 [Test worker] DEBUG org.apache.http.wire -  >> "   </soapenv:Body>[\n]"
17:42:49.119 [Test worker] DEBUG org.apache.http.wire -  >> "</soapenv:Envelope>"
17:42:49.211 [Test worker] DEBUG org.apache.http.wire -  << "HTTP/1.1 200 OK[\r][\n]"
17:42:49.212 [Test worker] DEBUG org.apache.http.wire -  << "Date: Thu, 20 Jan 2022 22:43:33 GMT[\r][\n]"
17:42:49.212 [Test worker] DEBUG org.apache.http.wire -  << "Transfer-Encoding: chunked[\r][\n]"
17:42:49.212 [Test worker] DEBUG org.apache.http.wire -  << "Content-Type: text/xml; charset=utf-8[\r][\n]"
17:42:49.212 [Test worker] DEBUG org.apache.http.wire -  << "[\r][\n]"
17:42:49.212 [Test worker] DEBUG org.apache.http.impl.conn.DefaultClientConnection - Receiving response: HTTP/1.1 200 OK
17:42:49.212 [Test worker] DEBUG org.apache.http.headers - << HTTP/1.1 200 OK
17:42:49.212 [Test worker] DEBUG org.apache.http.headers - << Date: Thu, 20 Jan 2022 22:43:33 GMT
17:42:49.212 [Test worker] DEBUG org.apache.http.headers - << Transfer-Encoding: chunked
17:42:49.212 [Test worker] DEBUG org.apache.http.headers - << Content-Type: text/xml; charset=utf-8
17:42:49.212 [Test worker] DEBUG org.apache.http.impl.client.DefaultHttpClient - Connection can be kept alive indefinitely
17:42:49.213 [Test worker] DEBUG io.restassured.internal.RequestSpecificationImpl$RestAssuredHttpBuilder - Parsing response as: text/xml; charset=utf-8
17:42:49.213 [Test worker] DEBUG io.restassured.internal.RequestSpecificationImpl$RestAssuredHttpBuilder - Parsed data to instance of: class org.apache.http.conn.EofSensorInputStream
17:42:49.218 [Test worker] DEBUG org.apache.http.wire -  << "006e[\r][\n]"
17:42:49.218 [Test worker] DEBUG org.apache.http.wire -  << "<?xml version='1.0' encoding='UTF-8'?><S:Envelope xmlns:S="http://schemas.xmlsoap.org/soap/envelope/"><S:Body>"
17:42:49.218 [Test worker] DEBUG org.apache.http.wire -  << "[\r][\n]"
17:42:49.218 [Test worker] DEBUG org.apache.http.wire -  << "01f8[\r][\n]"
17:42:49.218 [Test worker] DEBUG org.apache.http.wire -  << "<ns4:queryCustomerInfoResponse xmlns:ns2="http://www.huawei.com/bme/cbsinterface/bccommon" xmlns:ns3="http://www.huawei.com/bme/cbsinterface/bcservices" xmlns:ns4="http://ws.web.gatewaycbs.tigo.com.co/" xmlns:ns5="http://www.huawei.com/bme/cbsinterface/cbscommon"><return><ResultHeader><ns5:Version>1</ns5:Version><ns5:ResultCode>118030260</ns5:ResultCode><ns5:ResultDesc>Subscriber 3016876878 does not exist.</ns5:ResultDesc></ResultHeader></return></ns4:queryCustomerInfoResponse></S:Body></S:Envelope>"
17:42:49.218 [Test worker] DEBUG org.apache.http.wire -  << "[\r][\n]"
17:42:49.218 [Test worker] DEBUG org.apache.http.wire -  << "0000[\r][\n]"
17:42:49.218 [Test worker] DEBUG org.apache.http.wire -  << "[\r][\n]"
17:42:49.219 [Test worker] DEBUG org.apache.http.impl.conn.BasicClientConnectionManager - Releasing connection org.apache.http.impl.conn.ManagedClientConnectionImpl@6d9f357a
17:42:49.219 [Test worker] DEBUG org.apache.http.impl.conn.BasicClientConnectionManager - Connection can be kept alive indefinitely
La linea 3016876878 no esta activa
se ejecuta correctamente
17:42:49.887 [Finalizer] DEBUG org.apache.http.impl.conn.DefaultClientConnection - Connection 0.0.0.0:50410<->10.65.45.12:9001 closed
17:42:49.890 [Finalizer] DEBUG org.apache.http.impl.conn.DefaultClientConnection - Connection 0.0.0.0:50402<->10.65.45.12:9001 closed
se ejecuta correctamente
se ejecuta correctamente
se ejecuta correctamente
17:42:55.267 [Test worker] INFO net.thucydides.core.steps.ConsoleLoggingListener - ?[92m
        __    _____ _____ ____ _____   ____   _    ____  ____  _____ ____  
  _     \ \  |_   _| ____/ ___|_   _| |  _ \ / \  / ___|/ ___|| ____|  _ \ 
 (_)_____| |   | | |  _| \___ \ | |   | |_) / _ \ \___ \\___ \|  _| | | | |
  _|_____| |   | | | |___ ___) || |   |  __/ ___ \ ___) |___) | |___| |_| |
 (_)     | |   |_| |_____|____/ |_|   |_| /_/   \_\____/|____/|_____|____/ 
        /_/                                                                

TEST PASSED: Probando
----------------------------------------------------------------------------?[0m
]]></system-out>
  <system-err><![CDATA[]]></system-err>
</testsuite>
