<?xml version="1.0" encoding="UTF-8"?>
<testsuite name="prueba" tests="2" skipped="0" failures="0" errors="0" timestamp="2022-01-20T19:55:49" hostname="22LAP5CD1195R94" time="3.311">
  <properties/>
  <testcase name="probando" classname="prueba" time="2.603"/>
  <testcase name="Ingresar a la base de datos activador" classname="prueba" time="0.704"/>
  <system-out><![CDATA[3016877411
14:55:51.386 [Test worker] DEBUG org.apache.http.impl.conn.BasicClientConnectionManager - Get connection for route {}->http://10.65.45.12:9001
14:55:51.392 [Test worker] DEBUG org.apache.http.impl.conn.DefaultClientConnectionOperator - Connecting to 10.65.45.12:9001
14:55:51.445 [Test worker] DEBUG org.apache.http.client.protocol.RequestAddCookies - CookieSpec selected: ignoreCookies
14:55:51.446 [Test worker] DEBUG org.apache.http.client.protocol.RequestAuthCache - Auth cache not set in the context
14:55:51.446 [Test worker] DEBUG org.apache.http.client.protocol.RequestTargetAuthentication - Target auth state: UNCHALLENGED
14:55:51.447 [Test worker] DEBUG org.apache.http.client.protocol.RequestProxyAuthentication - Proxy auth state: UNCHALLENGED
14:55:51.447 [Test worker] DEBUG org.apache.http.impl.client.DefaultHttpClient - Attempt 1 to execute request
14:55:51.447 [Test worker] DEBUG org.apache.http.impl.conn.DefaultClientConnection - Sending request: POST /gatewaycbs/BcServicesInt HTTP/1.1
14:55:51.447 [Test worker] DEBUG org.apache.http.wire -  >> "POST /gatewaycbs/BcServicesInt HTTP/1.1[\r][\n]"
14:55:51.448 [Test worker] DEBUG org.apache.http.wire -  >> "Accept: */*[\r][\n]"
14:55:51.448 [Test worker] DEBUG org.apache.http.wire -  >> "Content-Type: text/xml;charset=UTF-8[\r][\n]"
14:55:51.448 [Test worker] DEBUG org.apache.http.wire -  >> "Content-Length: 748[\r][\n]"
14:55:51.448 [Test worker] DEBUG org.apache.http.wire -  >> "Host: 10.65.45.12:9001[\r][\n]"
14:55:51.448 [Test worker] DEBUG org.apache.http.wire -  >> "Connection: Keep-Alive[\r][\n]"
14:55:51.448 [Test worker] DEBUG org.apache.http.wire -  >> "User-Agent: Apache-HttpClient/4.5.9 (Java/1.8.0_301)[\r][\n]"
14:55:51.449 [Test worker] DEBUG org.apache.http.wire -  >> "Accept-Encoding: gzip,deflate[\r][\n]"
14:55:51.449 [Test worker] DEBUG org.apache.http.wire -  >> "[\r][\n]"
14:55:51.449 [Test worker] DEBUG org.apache.http.headers - >> POST /gatewaycbs/BcServicesInt HTTP/1.1
14:55:51.449 [Test worker] DEBUG org.apache.http.headers - >> Accept: */*
14:55:51.449 [Test worker] DEBUG org.apache.http.headers - >> Content-Type: text/xml;charset=UTF-8
14:55:51.449 [Test worker] DEBUG org.apache.http.headers - >> Content-Length: 748
14:55:51.449 [Test worker] DEBUG org.apache.http.headers - >> Host: 10.65.45.12:9001
14:55:51.449 [Test worker] DEBUG org.apache.http.headers - >> Connection: Keep-Alive
14:55:51.449 [Test worker] DEBUG org.apache.http.headers - >> User-Agent: Apache-HttpClient/4.5.9 (Java/1.8.0_301)
14:55:51.449 [Test worker] DEBUG org.apache.http.headers - >> Accept-Encoding: gzip,deflate
14:55:51.450 [Test worker] DEBUG org.apache.http.wire -  >> "<soapenv:Envelope xmlns:bcc="http://www.huawei.com/bme/cbsinterface/bccommon" xmlns:bcs="http://www.huawei.com/bme/cbsinterface/bcservices" xmlns:ws="http://ws.web.gatewaycbs.tigo.com.co/" xmlns:soapenv="http://schemas.xmlsoap.org/soap/envelope/">[\n]"
14:55:51.450 [Test worker] DEBUG org.apache.http.wire -  >> "   <soapenv:Header/>[\n]"
14:55:51.450 [Test worker] DEBUG org.apache.http.wire -  >> "   <soapenv:Body>[\n]"
14:55:51.450 [Test worker] DEBUG org.apache.http.wire -  >> "      <ws:queryCustomerInfo>[\n]"
14:55:51.450 [Test worker] DEBUG org.apache.http.wire -  >> "         <!--Optional:-->[\n]"
14:55:51.450 [Test worker] DEBUG org.apache.http.wire -  >> "         <QueryCustomerInfoRequest>[\n]"
14:55:51.450 [Test worker] DEBUG org.apache.http.wire -  >> "            <bcs:QueryObj>[\n]"
14:55:51.450 [Test worker] DEBUG org.apache.http.wire -  >> "               <!--Optional:-->[\n]"
14:55:51.450 [Test worker] DEBUG org.apache.http.wire -  >> "               <bcs:SubAccessCode>[\n]"
14:55:51.450 [Test worker] DEBUG org.apache.http.wire -  >> "                  <!--Optional:-->[\n]"
14:55:51.450 [Test worker] DEBUG org.apache.http.wire -  >> "                  <bcc:PrimaryIdentity>3016877411</bcc:PrimaryIdentity>[\n]"
14:55:51.450 [Test worker] DEBUG org.apache.http.wire -  >> "               </bcs:SubAccessCode>[\n]"
14:55:51.450 [Test worker] DEBUG org.apache.http.wire -  >> "            </bcs:QueryObj>[\n]"
14:55:51.450 [Test worker] DEBUG org.apache.http.wire -  >> "         </QueryCustomerInfoRequest>[\n]"
14:55:51.450 [Test worker] DEBUG org.apache.http.wire -  >> "      </ws:queryCustomerInfo>[\n]"
14:55:51.450 [Test worker] DEBUG org.apache.http.wire -  >> "   </soapenv:Body>[\n]"
14:55:51.450 [Test worker] DEBUG org.apache.http.wire -  >> "</soapenv:Envelope>"
14:55:51.525 [Test worker] DEBUG org.apache.http.wire -  << "HTTP/1.1 200 OK[\r][\n]"
14:55:51.526 [Test worker] DEBUG org.apache.http.wire -  << "Date: Thu, 20 Jan 2022 19:55:51 GMT[\r][\n]"
14:55:51.526 [Test worker] DEBUG org.apache.http.wire -  << "Transfer-Encoding: chunked[\r][\n]"
14:55:51.526 [Test worker] DEBUG org.apache.http.wire -  << "Content-Type: text/xml; charset=utf-8[\r][\n]"
14:55:51.526 [Test worker] DEBUG org.apache.http.wire -  << "[\r][\n]"
14:55:51.527 [Test worker] DEBUG org.apache.http.impl.conn.DefaultClientConnection - Receiving response: HTTP/1.1 200 OK
14:55:51.527 [Test worker] DEBUG org.apache.http.headers - << HTTP/1.1 200 OK
14:55:51.527 [Test worker] DEBUG org.apache.http.headers - << Date: Thu, 20 Jan 2022 19:55:51 GMT
14:55:51.527 [Test worker] DEBUG org.apache.http.headers - << Transfer-Encoding: chunked
14:55:51.527 [Test worker] DEBUG org.apache.http.headers - << Content-Type: text/xml; charset=utf-8
14:55:51.531 [Test worker] DEBUG org.apache.http.impl.client.DefaultHttpClient - Connection can be kept alive indefinitely
14:55:51.541 [Test worker] DEBUG io.restassured.internal.RequestSpecificationImpl$RestAssuredHttpBuilder - Parsing response as: text/xml; charset=utf-8
14:55:51.541 [Test worker] DEBUG io.restassured.internal.RequestSpecificationImpl$RestAssuredHttpBuilder - Parsed data to instance of: class org.apache.http.conn.EofSensorInputStream
14:55:51.586 [Test worker] DEBUG org.apache.http.wire -  << "006e[\r][\n]"
14:55:51.586 [Test worker] DEBUG org.apache.http.wire -  << "<?xml version='1.0' encoding='UTF-8'?><S:Envelope xmlns:S="http://schemas.xmlsoap.org/soap/envelope/"><S:Body>"
14:55:51.586 [Test worker] DEBUG org.apache.http.wire -  << "[\r][\n]"
14:55:51.586 [Test worker] DEBUG org.apache.http.wire -  << "01f8[\r][\n]"
14:55:51.586 [Test worker] DEBUG org.apache.http.wire -  << "<ns4:queryCustomerInfoResponse xmlns:ns2="http://www.huawei.com/bme/cbsinterface/bccommon" xmlns:ns3="http://www.huawei.com/bme/cbsinterface/bcservices" xmlns:ns4="http://ws.web.gatewaycbs.tigo.com.co/" xmlns:ns5="http://www.huawei.com/bme/cbsinterface/cbscommon"><return><ResultHeader><ns5:Version>1</ns5:Version><ns5:ResultCode>118030260</ns5:ResultCode><ns5:ResultDesc>Subscriber 3016877411 does not exist.</ns5:ResultDesc></ResultHeader></return></ns4:queryCustomerInfoResponse></S:Body></S:Envelope>"
14:55:51.586 [Test worker] DEBUG org.apache.http.wire -  << "[\r][\n]"
14:55:51.587 [Test worker] DEBUG org.apache.http.wire -  << "0000[\r][\n]"
14:55:51.587 [Test worker] DEBUG org.apache.http.wire -  << "[\r][\n]"
14:55:51.587 [Test worker] DEBUG org.apache.http.impl.conn.BasicClientConnectionManager - Releasing connection org.apache.http.impl.conn.ManagedClientConnectionImpl@d4a2145
14:55:51.587 [Test worker] DEBUG org.apache.http.impl.conn.BasicClientConnectionManager - Connection can be kept alive indefinitely
La linea 3016877411 no esta activa
2147483647
14:55:51.629 [Test worker] DEBUG org.apache.http.impl.conn.BasicClientConnectionManager - Get connection for route {}->http://10.65.45.12:9001
14:55:51.630 [Test worker] DEBUG org.apache.http.impl.conn.DefaultClientConnectionOperator - Connecting to 10.65.45.12:9001
14:55:51.668 [Test worker] DEBUG org.apache.http.client.protocol.RequestAddCookies - CookieSpec selected: ignoreCookies
14:55:51.669 [Test worker] DEBUG org.apache.http.client.protocol.RequestAuthCache - Auth cache not set in the context
14:55:51.669 [Test worker] DEBUG org.apache.http.client.protocol.RequestTargetAuthentication - Target auth state: UNCHALLENGED
14:55:51.669 [Test worker] DEBUG org.apache.http.client.protocol.RequestProxyAuthentication - Proxy auth state: UNCHALLENGED
14:55:51.669 [Test worker] DEBUG org.apache.http.impl.client.DefaultHttpClient - Attempt 1 to execute request
14:55:51.669 [Test worker] DEBUG org.apache.http.impl.conn.DefaultClientConnection - Sending request: POST /gatewaycbs/BcServicesInt HTTP/1.1
14:55:51.669 [Test worker] DEBUG org.apache.http.wire -  >> "POST /gatewaycbs/BcServicesInt HTTP/1.1[\r][\n]"
14:55:51.669 [Test worker] DEBUG org.apache.http.wire -  >> "Accept: */*[\r][\n]"
14:55:51.669 [Test worker] DEBUG org.apache.http.wire -  >> "Content-Type: text/xml;charset=UTF-8[\r][\n]"
14:55:51.669 [Test worker] DEBUG org.apache.http.wire -  >> "Content-Length: 748[\r][\n]"
14:55:51.669 [Test worker] DEBUG org.apache.http.wire -  >> "Host: 10.65.45.12:9001[\r][\n]"
14:55:51.669 [Test worker] DEBUG org.apache.http.wire -  >> "Connection: Keep-Alive[\r][\n]"
14:55:51.669 [Test worker] DEBUG org.apache.http.wire -  >> "User-Agent: Apache-HttpClient/4.5.9 (Java/1.8.0_301)[\r][\n]"
14:55:51.669 [Test worker] DEBUG org.apache.http.wire -  >> "Accept-Encoding: gzip,deflate[\r][\n]"
14:55:51.669 [Test worker] DEBUG org.apache.http.wire -  >> "[\r][\n]"
14:55:51.669 [Test worker] DEBUG org.apache.http.headers - >> POST /gatewaycbs/BcServicesInt HTTP/1.1
14:55:51.669 [Test worker] DEBUG org.apache.http.headers - >> Accept: */*
14:55:51.669 [Test worker] DEBUG org.apache.http.headers - >> Content-Type: text/xml;charset=UTF-8
14:55:51.669 [Test worker] DEBUG org.apache.http.headers - >> Content-Length: 748
14:55:51.669 [Test worker] DEBUG org.apache.http.headers - >> Host: 10.65.45.12:9001
14:55:51.669 [Test worker] DEBUG org.apache.http.headers - >> Connection: Keep-Alive
14:55:51.669 [Test worker] DEBUG org.apache.http.headers - >> User-Agent: Apache-HttpClient/4.5.9 (Java/1.8.0_301)
14:55:51.669 [Test worker] DEBUG org.apache.http.headers - >> Accept-Encoding: gzip,deflate
14:55:51.670 [Test worker] DEBUG org.apache.http.wire -  >> "<soapenv:Envelope xmlns:bcc="http://www.huawei.com/bme/cbsinterface/bccommon" xmlns:bcs="http://www.huawei.com/bme/cbsinterface/bcservices" xmlns:ws="http://ws.web.gatewaycbs.tigo.com.co/" xmlns:soapenv="http://schemas.xmlsoap.org/soap/envelope/">[\n]"
14:55:51.670 [Test worker] DEBUG org.apache.http.wire -  >> "   <soapenv:Header/>[\n]"
14:55:51.670 [Test worker] DEBUG org.apache.http.wire -  >> "   <soapenv:Body>[\n]"
14:55:51.671 [Test worker] DEBUG org.apache.http.wire -  >> "      <ws:queryCustomerInfo>[\n]"
14:55:51.671 [Test worker] DEBUG org.apache.http.wire -  >> "         <!--Optional:-->[\n]"
14:55:51.671 [Test worker] DEBUG org.apache.http.wire -  >> "         <QueryCustomerInfoRequest>[\n]"
14:55:51.671 [Test worker] DEBUG org.apache.http.wire -  >> "            <bcs:QueryObj>[\n]"
14:55:51.671 [Test worker] DEBUG org.apache.http.wire -  >> "               <!--Optional:-->[\n]"
14:55:51.671 [Test worker] DEBUG org.apache.http.wire -  >> "               <bcs:SubAccessCode>[\n]"
14:55:51.671 [Test worker] DEBUG org.apache.http.wire -  >> "                  <!--Optional:-->[\n]"
14:55:51.671 [Test worker] DEBUG org.apache.http.wire -  >> "                  <bcc:PrimaryIdentity>2147483647</bcc:PrimaryIdentity>[\n]"
14:55:51.671 [Test worker] DEBUG org.apache.http.wire -  >> "               </bcs:SubAccessCode>[\n]"
14:55:51.671 [Test worker] DEBUG org.apache.http.wire -  >> "            </bcs:QueryObj>[\n]"
14:55:51.671 [Test worker] DEBUG org.apache.http.wire -  >> "         </QueryCustomerInfoRequest>[\n]"
14:55:51.671 [Test worker] DEBUG org.apache.http.wire -  >> "      </ws:queryCustomerInfo>[\n]"
14:55:51.671 [Test worker] DEBUG org.apache.http.wire -  >> "   </soapenv:Body>[\n]"
14:55:51.671 [Test worker] DEBUG org.apache.http.wire -  >> "</soapenv:Envelope>"
14:55:51.743 [Test worker] DEBUG org.apache.http.wire -  << "HTTP/1.1 200 OK[\r][\n]"
14:55:51.743 [Test worker] DEBUG org.apache.http.wire -  << "Date: Thu, 20 Jan 2022 19:55:51 GMT[\r][\n]"
14:55:51.743 [Test worker] DEBUG org.apache.http.wire -  << "Transfer-Encoding: chunked[\r][\n]"
14:55:51.743 [Test worker] DEBUG org.apache.http.wire -  << "Content-Type: text/xml; charset=utf-8[\r][\n]"
14:55:51.743 [Test worker] DEBUG org.apache.http.wire -  << "[\r][\n]"
14:55:51.743 [Test worker] DEBUG org.apache.http.impl.conn.DefaultClientConnection - Receiving response: HTTP/1.1 200 OK
14:55:51.743 [Test worker] DEBUG org.apache.http.headers - << HTTP/1.1 200 OK
14:55:51.743 [Test worker] DEBUG org.apache.http.headers - << Date: Thu, 20 Jan 2022 19:55:51 GMT
14:55:51.743 [Test worker] DEBUG org.apache.http.headers - << Transfer-Encoding: chunked
14:55:51.743 [Test worker] DEBUG org.apache.http.headers - << Content-Type: text/xml; charset=utf-8
14:55:51.743 [Test worker] DEBUG org.apache.http.impl.client.DefaultHttpClient - Connection can be kept alive indefinitely
14:55:51.743 [Test worker] DEBUG io.restassured.internal.RequestSpecificationImpl$RestAssuredHttpBuilder - Parsing response as: text/xml; charset=utf-8
14:55:51.743 [Test worker] DEBUG io.restassured.internal.RequestSpecificationImpl$RestAssuredHttpBuilder - Parsed data to instance of: class org.apache.http.conn.EofSensorInputStream
14:55:51.744 [Test worker] DEBUG org.apache.http.wire -  << "006e[\r][\n]"
14:55:51.745 [Test worker] DEBUG org.apache.http.wire -  << "<?xml version='1.0' encoding='UTF-8'?><S:Envelope xmlns:S="http://schemas.xmlsoap.org/soap/envelope/"><S:Body>"
14:55:51.745 [Test worker] DEBUG org.apache.http.wire -  << "[\r][\n]"
14:55:51.745 [Test worker] DEBUG org.apache.http.wire -  << "01f8[\r][\n]"
14:55:51.745 [Test worker] DEBUG org.apache.http.wire -  << "<ns4:queryCustomerInfoResponse xmlns:ns2="http://www.huawei.com/bme/cbsinterface/bccommon" xmlns:ns3="http://www.huawei.com/bme/cbsinterface/bcservices" xmlns:ns4="http://ws.web.gatewaycbs.tigo.com.co/" xmlns:ns5="http://www.huawei.com/bme/cbsinterface/cbscommon"><return><ResultHeader><ns5:Version>1</ns5:Version><ns5:ResultCode>118030260</ns5:ResultCode><ns5:ResultDesc>Subscriber 2147483647 does not exist.</ns5:ResultDesc></ResultHeader></return></ns4:queryCustomerInfoResponse></S:Body></S:Envelope>"
14:55:51.745 [Test worker] DEBUG org.apache.http.wire -  << "[\r][\n]"
14:55:51.745 [Test worker] DEBUG org.apache.http.wire -  << "0000[\r][\n]"
14:55:51.745 [Test worker] DEBUG org.apache.http.wire -  << "[\r][\n]"
14:55:51.745 [Test worker] DEBUG org.apache.http.impl.conn.BasicClientConnectionManager - Releasing connection org.apache.http.impl.conn.ManagedClientConnectionImpl@7a6df30b
14:55:51.745 [Test worker] DEBUG org.apache.http.impl.conn.BasicClientConnectionManager - Connection can be kept alive indefinitely
La linea 2147483647 no esta activa
3016877412
14:55:51.779 [Test worker] DEBUG org.apache.http.impl.conn.BasicClientConnectionManager - Get connection for route {}->http://10.65.45.12:9001
14:55:51.779 [Test worker] DEBUG org.apache.http.impl.conn.DefaultClientConnectionOperator - Connecting to 10.65.45.12:9001
14:55:51.824 [Test worker] DEBUG org.apache.http.client.protocol.RequestAddCookies - CookieSpec selected: ignoreCookies
14:55:51.824 [Test worker] DEBUG org.apache.http.client.protocol.RequestAuthCache - Auth cache not set in the context
14:55:51.824 [Test worker] DEBUG org.apache.http.client.protocol.RequestTargetAuthentication - Target auth state: UNCHALLENGED
14:55:51.824 [Test worker] DEBUG org.apache.http.client.protocol.RequestProxyAuthentication - Proxy auth state: UNCHALLENGED
14:55:51.824 [Test worker] DEBUG org.apache.http.impl.client.DefaultHttpClient - Attempt 1 to execute request
14:55:51.824 [Test worker] DEBUG org.apache.http.impl.conn.DefaultClientConnection - Sending request: POST /gatewaycbs/BcServicesInt HTTP/1.1
14:55:51.824 [Test worker] DEBUG org.apache.http.wire -  >> "POST /gatewaycbs/BcServicesInt HTTP/1.1[\r][\n]"
14:55:51.824 [Test worker] DEBUG org.apache.http.wire -  >> "Accept: */*[\r][\n]"
14:55:51.824 [Test worker] DEBUG org.apache.http.wire -  >> "Content-Type: text/xml;charset=UTF-8[\r][\n]"
14:55:51.824 [Test worker] DEBUG org.apache.http.wire -  >> "Content-Length: 748[\r][\n]"
14:55:51.825 [Test worker] DEBUG org.apache.http.wire -  >> "Host: 10.65.45.12:9001[\r][\n]"
14:55:51.825 [Test worker] DEBUG org.apache.http.wire -  >> "Connection: Keep-Alive[\r][\n]"
14:55:51.825 [Test worker] DEBUG org.apache.http.wire -  >> "User-Agent: Apache-HttpClient/4.5.9 (Java/1.8.0_301)[\r][\n]"
14:55:51.825 [Test worker] DEBUG org.apache.http.wire -  >> "Accept-Encoding: gzip,deflate[\r][\n]"
14:55:51.825 [Test worker] DEBUG org.apache.http.wire -  >> "[\r][\n]"
14:55:51.825 [Test worker] DEBUG org.apache.http.headers - >> POST /gatewaycbs/BcServicesInt HTTP/1.1
14:55:51.825 [Test worker] DEBUG org.apache.http.headers - >> Accept: */*
14:55:51.825 [Test worker] DEBUG org.apache.http.headers - >> Content-Type: text/xml;charset=UTF-8
14:55:51.825 [Test worker] DEBUG org.apache.http.headers - >> Content-Length: 748
14:55:51.825 [Test worker] DEBUG org.apache.http.headers - >> Host: 10.65.45.12:9001
14:55:51.825 [Test worker] DEBUG org.apache.http.headers - >> Connection: Keep-Alive
14:55:51.825 [Test worker] DEBUG org.apache.http.headers - >> User-Agent: Apache-HttpClient/4.5.9 (Java/1.8.0_301)
14:55:51.825 [Test worker] DEBUG org.apache.http.headers - >> Accept-Encoding: gzip,deflate
14:55:51.826 [Test worker] DEBUG org.apache.http.wire -  >> "<soapenv:Envelope xmlns:bcc="http://www.huawei.com/bme/cbsinterface/bccommon" xmlns:bcs="http://www.huawei.com/bme/cbsinterface/bcservices" xmlns:ws="http://ws.web.gatewaycbs.tigo.com.co/" xmlns:soapenv="http://schemas.xmlsoap.org/soap/envelope/">[\n]"
14:55:51.826 [Test worker] DEBUG org.apache.http.wire -  >> "   <soapenv:Header/>[\n]"
14:55:51.827 [Test worker] DEBUG org.apache.http.wire -  >> "   <soapenv:Body>[\n]"
14:55:51.827 [Test worker] DEBUG org.apache.http.wire -  >> "      <ws:queryCustomerInfo>[\n]"
14:55:51.827 [Test worker] DEBUG org.apache.http.wire -  >> "         <!--Optional:-->[\n]"
14:55:51.827 [Test worker] DEBUG org.apache.http.wire -  >> "         <QueryCustomerInfoRequest>[\n]"
14:55:51.827 [Test worker] DEBUG org.apache.http.wire -  >> "            <bcs:QueryObj>[\n]"
14:55:51.827 [Test worker] DEBUG org.apache.http.wire -  >> "               <!--Optional:-->[\n]"
14:55:51.827 [Test worker] DEBUG org.apache.http.wire -  >> "               <bcs:SubAccessCode>[\n]"
14:55:51.827 [Test worker] DEBUG org.apache.http.wire -  >> "                  <!--Optional:-->[\n]"
14:55:51.827 [Test worker] DEBUG org.apache.http.wire -  >> "                  <bcc:PrimaryIdentity>3016877412</bcc:PrimaryIdentity>[\n]"
14:55:51.827 [Test worker] DEBUG org.apache.http.wire -  >> "               </bcs:SubAccessCode>[\n]"
14:55:51.827 [Test worker] DEBUG org.apache.http.wire -  >> "            </bcs:QueryObj>[\n]"
14:55:51.827 [Test worker] DEBUG org.apache.http.wire -  >> "         </QueryCustomerInfoRequest>[\n]"
14:55:51.827 [Test worker] DEBUG org.apache.http.wire -  >> "      </ws:queryCustomerInfo>[\n]"
14:55:51.827 [Test worker] DEBUG org.apache.http.wire -  >> "   </soapenv:Body>[\n]"
14:55:51.827 [Test worker] DEBUG org.apache.http.wire -  >> "</soapenv:Envelope>"
14:55:51.911 [Test worker] DEBUG org.apache.http.wire -  << "HTTP/1.1 200 OK[\r][\n]"
14:55:51.911 [Test worker] DEBUG org.apache.http.wire -  << "Date: Thu, 20 Jan 2022 19:55:52 GMT[\r][\n]"
14:55:51.911 [Test worker] DEBUG org.apache.http.wire -  << "Transfer-Encoding: chunked[\r][\n]"
14:55:51.911 [Test worker] DEBUG org.apache.http.wire -  << "Content-Type: text/xml; charset=utf-8[\r][\n]"
14:55:51.911 [Test worker] DEBUG org.apache.http.wire -  << "[\r][\n]"
14:55:51.911 [Test worker] DEBUG org.apache.http.impl.conn.DefaultClientConnection - Receiving response: HTTP/1.1 200 OK
14:55:51.911 [Test worker] DEBUG org.apache.http.headers - << HTTP/1.1 200 OK
14:55:51.911 [Test worker] DEBUG org.apache.http.headers - << Date: Thu, 20 Jan 2022 19:55:52 GMT
14:55:51.911 [Test worker] DEBUG org.apache.http.headers - << Transfer-Encoding: chunked
14:55:51.911 [Test worker] DEBUG org.apache.http.headers - << Content-Type: text/xml; charset=utf-8
14:55:51.911 [Test worker] DEBUG org.apache.http.impl.client.DefaultHttpClient - Connection can be kept alive indefinitely
14:55:51.912 [Test worker] DEBUG io.restassured.internal.RequestSpecificationImpl$RestAssuredHttpBuilder - Parsing response as: text/xml; charset=utf-8
14:55:51.912 [Test worker] DEBUG io.restassured.internal.RequestSpecificationImpl$RestAssuredHttpBuilder - Parsed data to instance of: class org.apache.http.conn.EofSensorInputStream
14:55:51.913 [Test worker] DEBUG org.apache.http.wire -  << "006e[\r][\n]"
14:55:51.913 [Test worker] DEBUG org.apache.http.wire -  << "<?xml version='1.0' encoding='UTF-8'?><S:Envelope xmlns:S="http://schemas.xmlsoap.org/soap/envelope/"><S:Body>"
14:55:51.913 [Test worker] DEBUG org.apache.http.wire -  << "[\r][\n]"
14:55:51.913 [Test worker] DEBUG org.apache.http.wire -  << "01f8[\r][\n]"
14:55:51.913 [Test worker] DEBUG org.apache.http.wire -  << "<ns4:queryCustomerInfoResponse xmlns:ns2="http://www.huawei.com/bme/cbsinterface/bccommon" xmlns:ns3="http://www.huawei.com/bme/cbsinterface/bcservices" xmlns:ns4="http://ws.web.gatewaycbs.tigo.com.co/" xmlns:ns5="http://www.huawei.com/bme/cbsinterface/cbscommon"><return><ResultHeader><ns5:Version>1</ns5:Version><ns5:ResultCode>118030260</ns5:ResultCode><ns5:ResultDesc>Subscriber 3016877412 does not exist.</ns5:ResultDesc></ResultHeader></return></ns4:queryCustomerInfoResponse></S:Body></S:Envelope>"
14:55:51.913 [Test worker] DEBUG org.apache.http.wire -  << "[\r][\n]"
14:55:51.913 [Test worker] DEBUG org.apache.http.wire -  << "0000[\r][\n]"
14:55:51.913 [Test worker] DEBUG org.apache.http.wire -  << "[\r][\n]"
14:55:51.913 [Test worker] DEBUG org.apache.http.impl.conn.BasicClientConnectionManager - Releasing connection org.apache.http.impl.conn.ManagedClientConnectionImpl@781d99ba
14:55:51.913 [Test worker] DEBUG org.apache.http.impl.conn.BasicClientConnectionManager - Connection can be kept alive indefinitely
La linea 3016877412 no esta activa
3016876877
14:55:51.948 [Test worker] DEBUG org.apache.http.impl.conn.BasicClientConnectionManager - Get connection for route {}->http://10.65.45.12:9001
14:55:51.948 [Test worker] DEBUG org.apache.http.impl.conn.DefaultClientConnectionOperator - Connecting to 10.65.45.12:9001
14:55:51.997 [Test worker] DEBUG org.apache.http.client.protocol.RequestAddCookies - CookieSpec selected: ignoreCookies
14:55:51.997 [Test worker] DEBUG org.apache.http.client.protocol.RequestAuthCache - Auth cache not set in the context
14:55:51.997 [Test worker] DEBUG org.apache.http.client.protocol.RequestTargetAuthentication - Target auth state: UNCHALLENGED
14:55:51.997 [Test worker] DEBUG org.apache.http.client.protocol.RequestProxyAuthentication - Proxy auth state: UNCHALLENGED
14:55:51.997 [Test worker] DEBUG org.apache.http.impl.client.DefaultHttpClient - Attempt 1 to execute request
14:55:51.997 [Test worker] DEBUG org.apache.http.impl.conn.DefaultClientConnection - Sending request: POST /gatewaycbs/BcServicesInt HTTP/1.1
14:55:51.997 [Test worker] DEBUG org.apache.http.wire -  >> "POST /gatewaycbs/BcServicesInt HTTP/1.1[\r][\n]"
14:55:51.997 [Test worker] DEBUG org.apache.http.wire -  >> "Accept: */*[\r][\n]"
14:55:51.998 [Test worker] DEBUG org.apache.http.wire -  >> "Content-Type: text/xml;charset=UTF-8[\r][\n]"
14:55:51.998 [Test worker] DEBUG org.apache.http.wire -  >> "Content-Length: 748[\r][\n]"
14:55:51.998 [Test worker] DEBUG org.apache.http.wire -  >> "Host: 10.65.45.12:9001[\r][\n]"
14:55:51.998 [Test worker] DEBUG org.apache.http.wire -  >> "Connection: Keep-Alive[\r][\n]"
14:55:51.998 [Test worker] DEBUG org.apache.http.wire -  >> "User-Agent: Apache-HttpClient/4.5.9 (Java/1.8.0_301)[\r][\n]"
14:55:51.998 [Test worker] DEBUG org.apache.http.wire -  >> "Accept-Encoding: gzip,deflate[\r][\n]"
14:55:51.998 [Test worker] DEBUG org.apache.http.wire -  >> "[\r][\n]"
14:55:51.998 [Test worker] DEBUG org.apache.http.headers - >> POST /gatewaycbs/BcServicesInt HTTP/1.1
14:55:51.998 [Test worker] DEBUG org.apache.http.headers - >> Accept: */*
14:55:51.998 [Test worker] DEBUG org.apache.http.headers - >> Content-Type: text/xml;charset=UTF-8
14:55:51.998 [Test worker] DEBUG org.apache.http.headers - >> Content-Length: 748
14:55:51.998 [Test worker] DEBUG org.apache.http.headers - >> Host: 10.65.45.12:9001
14:55:51.998 [Test worker] DEBUG org.apache.http.headers - >> Connection: Keep-Alive
14:55:51.998 [Test worker] DEBUG org.apache.http.headers - >> User-Agent: Apache-HttpClient/4.5.9 (Java/1.8.0_301)
14:55:51.998 [Test worker] DEBUG org.apache.http.headers - >> Accept-Encoding: gzip,deflate
14:55:51.998 [Test worker] DEBUG org.apache.http.wire -  >> "<soapenv:Envelope xmlns:bcc="http://www.huawei.com/bme/cbsinterface/bccommon" xmlns:bcs="http://www.huawei.com/bme/cbsinterface/bcservices" xmlns:ws="http://ws.web.gatewaycbs.tigo.com.co/" xmlns:soapenv="http://schemas.xmlsoap.org/soap/envelope/">[\n]"
14:55:51.999 [Test worker] DEBUG org.apache.http.wire -  >> "   <soapenv:Header/>[\n]"
14:55:51.999 [Test worker] DEBUG org.apache.http.wire -  >> "   <soapenv:Body>[\n]"
14:55:51.999 [Test worker] DEBUG org.apache.http.wire -  >> "      <ws:queryCustomerInfo>[\n]"
14:55:51.999 [Test worker] DEBUG org.apache.http.wire -  >> "         <!--Optional:-->[\n]"
14:55:51.999 [Test worker] DEBUG org.apache.http.wire -  >> "         <QueryCustomerInfoRequest>[\n]"
14:55:51.999 [Test worker] DEBUG org.apache.http.wire -  >> "            <bcs:QueryObj>[\n]"
14:55:51.999 [Test worker] DEBUG org.apache.http.wire -  >> "               <!--Optional:-->[\n]"
14:55:51.999 [Test worker] DEBUG org.apache.http.wire -  >> "               <bcs:SubAccessCode>[\n]"
14:55:51.999 [Test worker] DEBUG org.apache.http.wire -  >> "                  <!--Optional:-->[\n]"
14:55:51.999 [Test worker] DEBUG org.apache.http.wire -  >> "                  <bcc:PrimaryIdentity>3016876877</bcc:PrimaryIdentity>[\n]"
14:55:51.999 [Test worker] DEBUG org.apache.http.wire -  >> "               </bcs:SubAccessCode>[\n]"
14:55:51.999 [Test worker] DEBUG org.apache.http.wire -  >> "            </bcs:QueryObj>[\n]"
14:55:51.999 [Test worker] DEBUG org.apache.http.wire -  >> "         </QueryCustomerInfoRequest>[\n]"
14:55:51.999 [Test worker] DEBUG org.apache.http.wire -  >> "      </ws:queryCustomerInfo>[\n]"
14:55:51.999 [Test worker] DEBUG org.apache.http.wire -  >> "   </soapenv:Body>[\n]"
14:55:51.999 [Test worker] DEBUG org.apache.http.wire -  >> "</soapenv:Envelope>"
14:55:52.079 [Test worker] DEBUG org.apache.http.wire -  << "HTTP/1.1 200 OK[\r][\n]"
14:55:52.079 [Test worker] DEBUG org.apache.http.wire -  << "Date: Thu, 20 Jan 2022 19:55:52 GMT[\r][\n]"
14:55:52.079 [Test worker] DEBUG org.apache.http.wire -  << "Transfer-Encoding: chunked[\r][\n]"
14:55:52.079 [Test worker] DEBUG org.apache.http.wire -  << "Content-Type: text/xml; charset=utf-8[\r][\n]"
14:55:52.079 [Test worker] DEBUG org.apache.http.wire -  << "[\r][\n]"
14:55:52.079 [Test worker] DEBUG org.apache.http.impl.conn.DefaultClientConnection - Receiving response: HTTP/1.1 200 OK
14:55:52.079 [Test worker] DEBUG org.apache.http.headers - << HTTP/1.1 200 OK
14:55:52.079 [Test worker] DEBUG org.apache.http.headers - << Date: Thu, 20 Jan 2022 19:55:52 GMT
14:55:52.079 [Test worker] DEBUG org.apache.http.headers - << Transfer-Encoding: chunked
14:55:52.079 [Test worker] DEBUG org.apache.http.headers - << Content-Type: text/xml; charset=utf-8
14:55:52.080 [Test worker] DEBUG org.apache.http.impl.client.DefaultHttpClient - Connection can be kept alive indefinitely
14:55:52.080 [Test worker] DEBUG io.restassured.internal.RequestSpecificationImpl$RestAssuredHttpBuilder - Parsing response as: text/xml; charset=utf-8
14:55:52.080 [Test worker] DEBUG io.restassured.internal.RequestSpecificationImpl$RestAssuredHttpBuilder - Parsed data to instance of: class org.apache.http.conn.EofSensorInputStream
14:55:52.081 [Test worker] DEBUG org.apache.http.wire -  << "006e[\r][\n]"
14:55:52.081 [Test worker] DEBUG org.apache.http.wire -  << "<?xml version='1.0' encoding='UTF-8'?><S:Envelope xmlns:S="http://schemas.xmlsoap.org/soap/envelope/"><S:Body>"
14:55:52.081 [Test worker] DEBUG org.apache.http.wire -  << "[\r][\n]"
14:55:52.081 [Test worker] DEBUG org.apache.http.wire -  << "01f8[\r][\n]"
14:55:52.081 [Test worker] DEBUG org.apache.http.wire -  << "<ns4:queryCustomerInfoResponse xmlns:ns2="http://www.huawei.com/bme/cbsinterface/bccommon" xmlns:ns3="http://www.huawei.com/bme/cbsinterface/bcservices" xmlns:ns4="http://ws.web.gatewaycbs.tigo.com.co/" xmlns:ns5="http://www.huawei.com/bme/cbsinterface/cbscommon"><return><ResultHeader><ns5:Version>1</ns5:Version><ns5:ResultCode>118030260</ns5:ResultCode><ns5:ResultDesc>Subscriber 3016876877 does not exist.</ns5:ResultDesc></ResultHeader></return></ns4:queryCustomerInfoResponse></S:Body></S:Envelope>"
14:55:52.081 [Test worker] DEBUG org.apache.http.wire -  << "[\r][\n]"
14:55:52.081 [Test worker] DEBUG org.apache.http.wire -  << "0000[\r][\n]"
14:55:52.081 [Test worker] DEBUG org.apache.http.wire -  << "[\r][\n]"
14:55:52.081 [Test worker] DEBUG org.apache.http.impl.conn.BasicClientConnectionManager - Releasing connection org.apache.http.impl.conn.ManagedClientConnectionImpl@41a035cf
14:55:52.081 [Test worker] DEBUG org.apache.http.impl.conn.BasicClientConnectionManager - Connection can be kept alive indefinitely
La linea 3016876877 no esta activa
14:55:52.089 [Test worker] INFO net.thucydides.core.steps.ConsoleLoggingListener - ?[92m
        __    _____ _____ ____ _____   ____   _    ____  ____  _____ ____  
  _     \ \  |_   _| ____/ ___|_   _| |  _ \ / \  / ___|/ ___|| ____|  _ \ 
 (_)_____| |   | | |  _| \___ \ | |   | |_) / _ \ \___ \\___ \|  _| | | | |
  _|_____| |   | | | |___ ___) || |   |  __/ ___ \ ___) |___) | |___| |_| |
 (_)     | |   |_| |_____|____/ |_|   |_| /_/   \_\____/|____/|_____|____/ 
        /_/                                                                

TEST PASSED: Probando
----------------------------------------------------------------------------?[0m
14:55:52.799 [Test worker] INFO net.thucydides.core.steps.ConsoleLoggingListener - ?[92m
        __    _____ _____ ____ _____   ____   _    ____  ____  _____ ____  
  _     \ \  |_   _| ____/ ___|_   _| |  _ \ / \  / ___|/ ___|| ____|  _ \ 
 (_)_____| |   | | |  _| \___ \ | |   | |_) / _ \ \___ \\___ \|  _| | | | |
  _|_____| |   | | | |___ ___) || |   |  __/ ___ \ ___) |___) | |___| |_| |
 (_)     | |   |_| |_____|____/ |_|   |_| /_/   \_\____/|____/|_____|____/ 
        /_/                                                                

TEST PASSED: Ingresar a la base de datos activador
----------------------------------------------------------------------------?[0m
]]></system-out>
  <system-err><![CDATA[]]></system-err>
</testsuite>
