<?xml version="1.0" encoding="UTF-8"?>
<testsuite name="prueba" tests="1" skipped="0" failures="0" errors="0" timestamp="2022-01-21T16:46:25" hostname="22LAP5CG0525FBR" time="53.165">
  <properties/>
  <testcase name="probando" classname="prueba" time="53.165"/>
  <system-out><![CDATA[11:46:26.812 [Test worker] INFO net.serenitybdd.core.webdriver.driverproviders.ProvideNewDriver - Instantiating driver
11:46:26.812 [Test worker] INFO net.serenitybdd.core.webdriver.driverproviders.ProvideNewDriver - Driver capabilities: Capabilities {acceptInsecureCerts: true, browserName: firefox, firefox_profile: org.openqa.selenium.firefox..., headless: false, loggingPrefs: org.openqa.selenium.logging..., marionette: true, moz:firefoxOptions: {}, platform: ANY, version: }
11:46:44.727 [Test worker] DEBUG org.apache.http.impl.conn.BasicClientConnectionManager - Get connection for route {}->http://10.65.45.12:9001
11:46:44.761 [Test worker] DEBUG org.apache.http.impl.conn.DefaultClientConnectionOperator - Connecting to 10.65.45.12:9001
11:46:44.882 [Test worker] DEBUG org.apache.http.client.protocol.RequestAddCookies - CookieSpec selected: ignoreCookies
11:46:44.886 [Test worker] DEBUG org.apache.http.client.protocol.RequestAuthCache - Auth cache not set in the context
11:46:44.886 [Test worker] DEBUG org.apache.http.client.protocol.RequestTargetAuthentication - Target auth state: UNCHALLENGED
11:46:44.888 [Test worker] DEBUG org.apache.http.client.protocol.RequestProxyAuthentication - Proxy auth state: UNCHALLENGED
11:46:44.889 [Test worker] DEBUG org.apache.http.impl.client.DefaultHttpClient - Attempt 1 to execute request
11:46:44.889 [Test worker] DEBUG org.apache.http.impl.conn.DefaultClientConnection - Sending request: POST /gatewaycbs/BcServicesInt HTTP/1.1
11:46:44.892 [Test worker] DEBUG org.apache.http.wire -  >> "POST /gatewaycbs/BcServicesInt HTTP/1.1[\r][\n]"
11:46:44.895 [Test worker] DEBUG org.apache.http.wire -  >> "Accept: */*[\r][\n]"
11:46:44.896 [Test worker] DEBUG org.apache.http.wire -  >> "Content-Type: text/xml;charset=UTF-8[\r][\n]"
11:46:44.896 [Test worker] DEBUG org.apache.http.wire -  >> "Content-Length: 748[\r][\n]"
11:46:44.896 [Test worker] DEBUG org.apache.http.wire -  >> "Host: 10.65.45.12:9001[\r][\n]"
11:46:44.897 [Test worker] DEBUG org.apache.http.wire -  >> "Connection: Keep-Alive[\r][\n]"
11:46:44.897 [Test worker] DEBUG org.apache.http.wire -  >> "User-Agent: Apache-HttpClient/4.5.9 (Java/1.8.0_291)[\r][\n]"
11:46:44.897 [Test worker] DEBUG org.apache.http.wire -  >> "Accept-Encoding: gzip,deflate[\r][\n]"
11:46:44.897 [Test worker] DEBUG org.apache.http.wire -  >> "[\r][\n]"
11:46:44.897 [Test worker] DEBUG org.apache.http.headers - >> POST /gatewaycbs/BcServicesInt HTTP/1.1
11:46:44.897 [Test worker] DEBUG org.apache.http.headers - >> Accept: */*
11:46:44.897 [Test worker] DEBUG org.apache.http.headers - >> Content-Type: text/xml;charset=UTF-8
11:46:44.897 [Test worker] DEBUG org.apache.http.headers - >> Content-Length: 748
11:46:44.899 [Test worker] DEBUG org.apache.http.headers - >> Host: 10.65.45.12:9001
11:46:44.899 [Test worker] DEBUG org.apache.http.headers - >> Connection: Keep-Alive
11:46:44.899 [Test worker] DEBUG org.apache.http.headers - >> User-Agent: Apache-HttpClient/4.5.9 (Java/1.8.0_291)
11:46:44.899 [Test worker] DEBUG org.apache.http.headers - >> Accept-Encoding: gzip,deflate
11:46:44.901 [Test worker] DEBUG org.apache.http.wire -  >> "<soapenv:Envelope xmlns:bcc="http://www.huawei.com/bme/cbsinterface/bccommon" xmlns:bcs="http://www.huawei.com/bme/cbsinterface/bcservices" xmlns:ws="http://ws.web.gatewaycbs.tigo.com.co/" xmlns:soapenv="http://schemas.xmlsoap.org/soap/envelope/">[\n]"
11:46:44.902 [Test worker] DEBUG org.apache.http.wire -  >> "   <soapenv:Header/>[\n]"
11:46:44.902 [Test worker] DEBUG org.apache.http.wire -  >> "   <soapenv:Body>[\n]"
11:46:44.902 [Test worker] DEBUG org.apache.http.wire -  >> "      <ws:queryCustomerInfo>[\n]"
11:46:44.902 [Test worker] DEBUG org.apache.http.wire -  >> "         <!--Optional:-->[\n]"
11:46:44.902 [Test worker] DEBUG org.apache.http.wire -  >> "         <QueryCustomerInfoRequest>[\n]"
11:46:44.902 [Test worker] DEBUG org.apache.http.wire -  >> "            <bcs:QueryObj>[\n]"
11:46:44.903 [Test worker] DEBUG org.apache.http.wire -  >> "               <!--Optional:-->[\n]"
11:46:44.903 [Test worker] DEBUG org.apache.http.wire -  >> "               <bcs:SubAccessCode>[\n]"
11:46:44.903 [Test worker] DEBUG org.apache.http.wire -  >> "                  <!--Optional:-->[\n]"
11:46:44.903 [Test worker] DEBUG org.apache.http.wire -  >> "                  <bcc:PrimaryIdentity>3016877411</bcc:PrimaryIdentity>[\n]"
11:46:44.903 [Test worker] DEBUG org.apache.http.wire -  >> "               </bcs:SubAccessCode>[\n]"
11:46:44.903 [Test worker] DEBUG org.apache.http.wire -  >> "            </bcs:QueryObj>[\n]"
11:46:44.903 [Test worker] DEBUG org.apache.http.wire -  >> "         </QueryCustomerInfoRequest>[\n]"
11:46:44.903 [Test worker] DEBUG org.apache.http.wire -  >> "      </ws:queryCustomerInfo>[\n]"
11:46:44.903 [Test worker] DEBUG org.apache.http.wire -  >> "   </soapenv:Body>[\n]"
11:46:44.903 [Test worker] DEBUG org.apache.http.wire -  >> "</soapenv:Envelope>"
11:46:45.045 [Test worker] DEBUG org.apache.http.wire -  << "HTTP/1.1 200 OK[\r][\n]"
11:46:45.050 [Test worker] DEBUG org.apache.http.wire -  << "Date: Fri, 21 Jan 2022 16:47:29 GMT[\r][\n]"
11:46:45.051 [Test worker] DEBUG org.apache.http.wire -  << "Transfer-Encoding: chunked[\r][\n]"
11:46:45.051 [Test worker] DEBUG org.apache.http.wire -  << "Content-Type: text/xml; charset=utf-8[\r][\n]"
11:46:45.051 [Test worker] DEBUG org.apache.http.wire -  << "[\r][\n]"
11:46:45.054 [Test worker] DEBUG org.apache.http.impl.conn.DefaultClientConnection - Receiving response: HTTP/1.1 200 OK
11:46:45.055 [Test worker] DEBUG org.apache.http.headers - << HTTP/1.1 200 OK
11:46:45.055 [Test worker] DEBUG org.apache.http.headers - << Date: Fri, 21 Jan 2022 16:47:29 GMT
11:46:45.055 [Test worker] DEBUG org.apache.http.headers - << Transfer-Encoding: chunked
11:46:45.056 [Test worker] DEBUG org.apache.http.headers - << Content-Type: text/xml; charset=utf-8
11:46:45.079 [Test worker] DEBUG org.apache.http.impl.client.DefaultHttpClient - Connection can be kept alive indefinitely
11:46:45.151 [Test worker] DEBUG io.restassured.internal.RequestSpecificationImpl$RestAssuredHttpBuilder - Parsing response as: text/xml; charset=utf-8
11:46:45.152 [Test worker] DEBUG io.restassured.internal.RequestSpecificationImpl$RestAssuredHttpBuilder - Parsed data to instance of: class org.apache.http.conn.EofSensorInputStream
11:46:45.330 [Test worker] DEBUG org.apache.http.wire -  << "006e[\r][\n]"
11:46:45.330 [Test worker] DEBUG org.apache.http.wire -  << "<?xml version='1.0' encoding='UTF-8'?><S:Envelope xmlns:S="http://schemas.xmlsoap.org/soap/envelope/"><S:Body>"
11:46:45.332 [Test worker] DEBUG org.apache.http.wire -  << "[\r][\n]"
11:46:45.332 [Test worker] DEBUG org.apache.http.wire -  << "01f8[\r][\n]"
11:46:45.333 [Test worker] DEBUG org.apache.http.wire -  << "<ns4:queryCustomerInfoResponse xmlns:ns2="http://www.huawei.com/bme/cbsinterface/bccommon" xmlns:ns3="http://www.huawei.com/bme/cbsinterface/bcservices" xmlns:ns4="http://ws.web.gatewaycbs.tigo.com.co/" xmlns:ns5="http://www.huawei.com/bme/cbsinterface/cbscommon"><return><ResultHeader><ns5:Version>1</ns5:Version><ns5:ResultCode>118030260</ns5:ResultCode><ns5:ResultDesc>Subscriber 3016877411 does not exist.</ns5:ResultDesc></ResultHeader></return></ns4:queryCustomerInfoResponse></S:Body></S:Envelope>"
11:46:45.333 [Test worker] DEBUG org.apache.http.wire -  << "[\r][\n]"
11:46:45.333 [Test worker] DEBUG org.apache.http.wire -  << "0000[\r][\n]"
11:46:45.334 [Test worker] DEBUG org.apache.http.wire -  << "[\r][\n]"
11:46:45.335 [Test worker] DEBUG org.apache.http.impl.conn.BasicClientConnectionManager - Releasing connection org.apache.http.impl.conn.ManagedClientConnectionImpl@61011710
11:46:45.336 [Test worker] DEBUG org.apache.http.impl.conn.BasicClientConnectionManager - Connection can be kept alive indefinitely
La linea 3016877411 no esta activa
se ejecuta correctamente
se ejecuta correctamente
se ejecuta correctamente
se ejecuta correctamente
11:46:54.364 [Test worker] DEBUG org.apache.http.impl.conn.BasicClientConnectionManager - Get connection for route {}->http://10.65.45.12:9001
11:46:54.364 [Test worker] DEBUG org.apache.http.impl.conn.DefaultClientConnectionOperator - Connecting to 10.65.45.12:9001
11:46:54.457 [Test worker] DEBUG org.apache.http.client.protocol.RequestAddCookies - CookieSpec selected: ignoreCookies
11:46:54.458 [Test worker] DEBUG org.apache.http.client.protocol.RequestAuthCache - Auth cache not set in the context
11:46:54.458 [Test worker] DEBUG org.apache.http.client.protocol.RequestTargetAuthentication - Target auth state: UNCHALLENGED
11:46:54.458 [Test worker] DEBUG org.apache.http.client.protocol.RequestProxyAuthentication - Proxy auth state: UNCHALLENGED
11:46:54.458 [Test worker] DEBUG org.apache.http.impl.client.DefaultHttpClient - Attempt 1 to execute request
11:46:54.458 [Test worker] DEBUG org.apache.http.impl.conn.DefaultClientConnection - Sending request: POST /gatewaycbs/BcServicesInt HTTP/1.1
11:46:54.459 [Test worker] DEBUG org.apache.http.wire -  >> "POST /gatewaycbs/BcServicesInt HTTP/1.1[\r][\n]"
11:46:54.459 [Test worker] DEBUG org.apache.http.wire -  >> "Accept: */*[\r][\n]"
11:46:54.459 [Test worker] DEBUG org.apache.http.wire -  >> "Content-Type: text/xml;charset=UTF-8[\r][\n]"
11:46:54.459 [Test worker] DEBUG org.apache.http.wire -  >> "Content-Length: 748[\r][\n]"
11:46:54.459 [Test worker] DEBUG org.apache.http.wire -  >> "Host: 10.65.45.12:9001[\r][\n]"
11:46:54.459 [Test worker] DEBUG org.apache.http.wire -  >> "Connection: Keep-Alive[\r][\n]"
11:46:54.459 [Test worker] DEBUG org.apache.http.wire -  >> "User-Agent: Apache-HttpClient/4.5.9 (Java/1.8.0_291)[\r][\n]"
11:46:54.460 [Test worker] DEBUG org.apache.http.wire -  >> "Accept-Encoding: gzip,deflate[\r][\n]"
11:46:54.460 [Test worker] DEBUG org.apache.http.wire -  >> "[\r][\n]"
11:46:54.460 [Test worker] DEBUG org.apache.http.headers - >> POST /gatewaycbs/BcServicesInt HTTP/1.1
11:46:54.460 [Test worker] DEBUG org.apache.http.headers - >> Accept: */*
11:46:54.460 [Test worker] DEBUG org.apache.http.headers - >> Content-Type: text/xml;charset=UTF-8
11:46:54.460 [Test worker] DEBUG org.apache.http.headers - >> Content-Length: 748
11:46:54.460 [Test worker] DEBUG org.apache.http.headers - >> Host: 10.65.45.12:9001
11:46:54.461 [Test worker] DEBUG org.apache.http.headers - >> Connection: Keep-Alive
11:46:54.461 [Test worker] DEBUG org.apache.http.headers - >> User-Agent: Apache-HttpClient/4.5.9 (Java/1.8.0_291)
11:46:54.461 [Test worker] DEBUG org.apache.http.headers - >> Accept-Encoding: gzip,deflate
11:46:54.463 [Test worker] DEBUG org.apache.http.wire -  >> "<soapenv:Envelope xmlns:bcc="http://www.huawei.com/bme/cbsinterface/bccommon" xmlns:bcs="http://www.huawei.com/bme/cbsinterface/bcservices" xmlns:ws="http://ws.web.gatewaycbs.tigo.com.co/" xmlns:soapenv="http://schemas.xmlsoap.org/soap/envelope/">[\n]"
11:46:54.463 [Test worker] DEBUG org.apache.http.wire -  >> "   <soapenv:Header/>[\n]"
11:46:54.463 [Test worker] DEBUG org.apache.http.wire -  >> "   <soapenv:Body>[\n]"
11:46:54.463 [Test worker] DEBUG org.apache.http.wire -  >> "      <ws:queryCustomerInfo>[\n]"
11:46:54.463 [Test worker] DEBUG org.apache.http.wire -  >> "         <!--Optional:-->[\n]"
11:46:54.463 [Test worker] DEBUG org.apache.http.wire -  >> "         <QueryCustomerInfoRequest>[\n]"
11:46:54.464 [Test worker] DEBUG org.apache.http.wire -  >> "            <bcs:QueryObj>[\n]"
11:46:54.464 [Test worker] DEBUG org.apache.http.wire -  >> "               <!--Optional:-->[\n]"
11:46:54.464 [Test worker] DEBUG org.apache.http.wire -  >> "               <bcs:SubAccessCode>[\n]"
11:46:54.464 [Test worker] DEBUG org.apache.http.wire -  >> "                  <!--Optional:-->[\n]"
11:46:54.464 [Test worker] DEBUG org.apache.http.wire -  >> "                  <bcc:PrimaryIdentity>2147483647</bcc:PrimaryIdentity>[\n]"
11:46:54.464 [Test worker] DEBUG org.apache.http.wire -  >> "               </bcs:SubAccessCode>[\n]"
11:46:54.464 [Test worker] DEBUG org.apache.http.wire -  >> "            </bcs:QueryObj>[\n]"
11:46:54.464 [Test worker] DEBUG org.apache.http.wire -  >> "         </QueryCustomerInfoRequest>[\n]"
11:46:54.464 [Test worker] DEBUG org.apache.http.wire -  >> "      </ws:queryCustomerInfo>[\n]"
11:46:54.465 [Test worker] DEBUG org.apache.http.wire -  >> "   </soapenv:Body>[\n]"
11:46:54.465 [Test worker] DEBUG org.apache.http.wire -  >> "</soapenv:Envelope>"
11:46:54.598 [Test worker] DEBUG org.apache.http.wire -  << "HTTP/1.1 200 OK[\r][\n]"
11:46:54.598 [Test worker] DEBUG org.apache.http.wire -  << "Date: Fri, 21 Jan 2022 16:47:38 GMT[\r][\n]"
11:46:54.598 [Test worker] DEBUG org.apache.http.wire -  << "Transfer-Encoding: chunked[\r][\n]"
11:46:54.599 [Test worker] DEBUG org.apache.http.wire -  << "Content-Type: text/xml; charset=utf-8[\r][\n]"
11:46:54.599 [Test worker] DEBUG org.apache.http.wire -  << "[\r][\n]"
11:46:54.599 [Test worker] DEBUG org.apache.http.impl.conn.DefaultClientConnection - Receiving response: HTTP/1.1 200 OK
11:46:54.599 [Test worker] DEBUG org.apache.http.headers - << HTTP/1.1 200 OK
11:46:54.599 [Test worker] DEBUG org.apache.http.headers - << Date: Fri, 21 Jan 2022 16:47:38 GMT
11:46:54.599 [Test worker] DEBUG org.apache.http.headers - << Transfer-Encoding: chunked
11:46:54.599 [Test worker] DEBUG org.apache.http.headers - << Content-Type: text/xml; charset=utf-8
11:46:54.599 [Test worker] DEBUG org.apache.http.impl.client.DefaultHttpClient - Connection can be kept alive indefinitely
11:46:54.600 [Test worker] DEBUG io.restassured.internal.RequestSpecificationImpl$RestAssuredHttpBuilder - Parsing response as: text/xml; charset=utf-8
11:46:54.601 [Test worker] DEBUG io.restassured.internal.RequestSpecificationImpl$RestAssuredHttpBuilder - Parsed data to instance of: class org.apache.http.conn.EofSensorInputStream
11:46:54.608 [Test worker] DEBUG org.apache.http.wire -  << "006e[\r][\n]"
11:46:54.608 [Test worker] DEBUG org.apache.http.wire -  << "<?xml version='1.0' encoding='UTF-8'?><S:Envelope xmlns:S="http://schemas.xmlsoap.org/soap/envelope/"><S:Body>"
11:46:54.608 [Test worker] DEBUG org.apache.http.wire -  << "[\r][\n]"
11:46:54.608 [Test worker] DEBUG org.apache.http.wire -  << "01f8[\r][\n]"
11:46:54.608 [Test worker] DEBUG org.apache.http.wire -  << "<ns4:queryCustomerInfoResponse xmlns:ns2="http://www.huawei.com/bme/cbsinterface/bccommon" xmlns:ns3="http://www.huawei.com/bme/cbsinterface/bcservices" xmlns:ns4="http://ws.web.gatewaycbs.tigo.com.co/" xmlns:ns5="http://www.huawei.com/bme/cbsinterface/cbscommon"><return><ResultHeader><ns5:Version>1</ns5:Version><ns5:ResultCode>118030260</ns5:ResultCode><ns5:ResultDesc>Subscriber 2147483647 does not exist.</ns5:ResultDesc></ResultHeader></return></ns4:queryCustomerInfoResponse></S:Body></S:Envelope>"
11:46:54.608 [Test worker] DEBUG org.apache.http.wire -  << "[\r][\n]"
11:46:54.609 [Test worker] DEBUG org.apache.http.wire -  << "0000[\r][\n]"
11:46:54.609 [Test worker] DEBUG org.apache.http.wire -  << "[\r][\n]"
11:46:54.610 [Test worker] DEBUG org.apache.http.impl.conn.BasicClientConnectionManager - Releasing connection org.apache.http.impl.conn.ManagedClientConnectionImpl@450186c7
11:46:54.610 [Test worker] DEBUG org.apache.http.impl.conn.BasicClientConnectionManager - Connection can be kept alive indefinitely
La linea 2147483647 no esta activa
se ejecuta correctamente
se ejecuta correctamente
se ejecuta correctamente
se ejecuta correctamente
11:47:01.482 [Finalizer] DEBUG org.apache.http.impl.conn.DefaultClientConnection - Connection 0.0.0.0:61238<->10.65.45.12:9001 closed
11:47:01.486 [Finalizer] DEBUG org.apache.http.impl.conn.DefaultClientConnection - Connection 0.0.0.0:61232<->10.65.45.12:9001 closed
11:47:01.502 [Test worker] DEBUG org.apache.http.impl.conn.BasicClientConnectionManager - Get connection for route {}->http://10.65.45.12:9001
11:47:01.503 [Test worker] DEBUG org.apache.http.impl.conn.DefaultClientConnectionOperator - Connecting to 10.65.45.12:9001
11:47:01.571 [Test worker] DEBUG org.apache.http.client.protocol.RequestAddCookies - CookieSpec selected: ignoreCookies
11:47:01.571 [Test worker] DEBUG org.apache.http.client.protocol.RequestAuthCache - Auth cache not set in the context
11:47:01.571 [Test worker] DEBUG org.apache.http.client.protocol.RequestTargetAuthentication - Target auth state: UNCHALLENGED
11:47:01.571 [Test worker] DEBUG org.apache.http.client.protocol.RequestProxyAuthentication - Proxy auth state: UNCHALLENGED
11:47:01.572 [Test worker] DEBUG org.apache.http.impl.client.DefaultHttpClient - Attempt 1 to execute request
11:47:01.572 [Test worker] DEBUG org.apache.http.impl.conn.DefaultClientConnection - Sending request: POST /gatewaycbs/BcServicesInt HTTP/1.1
11:47:01.572 [Test worker] DEBUG org.apache.http.wire -  >> "POST /gatewaycbs/BcServicesInt HTTP/1.1[\r][\n]"
11:47:01.572 [Test worker] DEBUG org.apache.http.wire -  >> "Accept: */*[\r][\n]"
11:47:01.572 [Test worker] DEBUG org.apache.http.wire -  >> "Content-Type: text/xml;charset=UTF-8[\r][\n]"
11:47:01.572 [Test worker] DEBUG org.apache.http.wire -  >> "Content-Length: 748[\r][\n]"
11:47:01.572 [Test worker] DEBUG org.apache.http.wire -  >> "Host: 10.65.45.12:9001[\r][\n]"
11:47:01.573 [Test worker] DEBUG org.apache.http.wire -  >> "Connection: Keep-Alive[\r][\n]"
11:47:01.573 [Test worker] DEBUG org.apache.http.wire -  >> "User-Agent: Apache-HttpClient/4.5.9 (Java/1.8.0_291)[\r][\n]"
11:47:01.573 [Test worker] DEBUG org.apache.http.wire -  >> "Accept-Encoding: gzip,deflate[\r][\n]"
11:47:01.573 [Test worker] DEBUG org.apache.http.wire -  >> "[\r][\n]"
11:47:01.573 [Test worker] DEBUG org.apache.http.headers - >> POST /gatewaycbs/BcServicesInt HTTP/1.1
11:47:01.573 [Test worker] DEBUG org.apache.http.headers - >> Accept: */*
11:47:01.574 [Test worker] DEBUG org.apache.http.headers - >> Content-Type: text/xml;charset=UTF-8
11:47:01.574 [Test worker] DEBUG org.apache.http.headers - >> Content-Length: 748
11:47:01.574 [Test worker] DEBUG org.apache.http.headers - >> Host: 10.65.45.12:9001
11:47:01.574 [Test worker] DEBUG org.apache.http.headers - >> Connection: Keep-Alive
11:47:01.574 [Test worker] DEBUG org.apache.http.headers - >> User-Agent: Apache-HttpClient/4.5.9 (Java/1.8.0_291)
11:47:01.574 [Test worker] DEBUG org.apache.http.headers - >> Accept-Encoding: gzip,deflate
11:47:01.577 [Test worker] DEBUG org.apache.http.wire -  >> "<soapenv:Envelope xmlns:bcc="http://www.huawei.com/bme/cbsinterface/bccommon" xmlns:bcs="http://www.huawei.com/bme/cbsinterface/bcservices" xmlns:ws="http://ws.web.gatewaycbs.tigo.com.co/" xmlns:soapenv="http://schemas.xmlsoap.org/soap/envelope/">[\n]"
11:47:01.580 [Test worker] DEBUG org.apache.http.wire -  >> "   <soapenv:Header/>[\n]"
11:47:01.580 [Test worker] DEBUG org.apache.http.wire -  >> "   <soapenv:Body>[\n]"
11:47:01.580 [Test worker] DEBUG org.apache.http.wire -  >> "      <ws:queryCustomerInfo>[\n]"
11:47:01.580 [Test worker] DEBUG org.apache.http.wire -  >> "         <!--Optional:-->[\n]"
11:47:01.580 [Test worker] DEBUG org.apache.http.wire -  >> "         <QueryCustomerInfoRequest>[\n]"
11:47:01.580 [Test worker] DEBUG org.apache.http.wire -  >> "            <bcs:QueryObj>[\n]"
11:47:01.580 [Test worker] DEBUG org.apache.http.wire -  >> "               <!--Optional:-->[\n]"
11:47:01.580 [Test worker] DEBUG org.apache.http.wire -  >> "               <bcs:SubAccessCode>[\n]"
11:47:01.580 [Test worker] DEBUG org.apache.http.wire -  >> "                  <!--Optional:-->[\n]"
11:47:01.580 [Test worker] DEBUG org.apache.http.wire -  >> "                  <bcc:PrimaryIdentity>3016877412</bcc:PrimaryIdentity>[\n]"
11:47:01.580 [Test worker] DEBUG org.apache.http.wire -  >> "               </bcs:SubAccessCode>[\n]"
11:47:01.580 [Test worker] DEBUG org.apache.http.wire -  >> "            </bcs:QueryObj>[\n]"
11:47:01.582 [Test worker] DEBUG org.apache.http.wire -  >> "         </QueryCustomerInfoRequest>[\n]"
11:47:01.582 [Test worker] DEBUG org.apache.http.wire -  >> "      </ws:queryCustomerInfo>[\n]"
11:47:01.582 [Test worker] DEBUG org.apache.http.wire -  >> "   </soapenv:Body>[\n]"
11:47:01.582 [Test worker] DEBUG org.apache.http.wire -  >> "</soapenv:Envelope>"
11:47:01.700 [Test worker] DEBUG org.apache.http.wire -  << "HTTP/1.1 200 OK[\r][\n]"
11:47:01.701 [Test worker] DEBUG org.apache.http.wire -  << "Date: Fri, 21 Jan 2022 16:47:45 GMT[\r][\n]"
11:47:01.701 [Test worker] DEBUG org.apache.http.wire -  << "Transfer-Encoding: chunked[\r][\n]"
11:47:01.701 [Test worker] DEBUG org.apache.http.wire -  << "Content-Type: text/xml; charset=utf-8[\r][\n]"
11:47:01.701 [Test worker] DEBUG org.apache.http.wire -  << "[\r][\n]"
11:47:01.701 [Test worker] DEBUG org.apache.http.impl.conn.DefaultClientConnection - Receiving response: HTTP/1.1 200 OK
11:47:01.701 [Test worker] DEBUG org.apache.http.headers - << HTTP/1.1 200 OK
11:47:01.701 [Test worker] DEBUG org.apache.http.headers - << Date: Fri, 21 Jan 2022 16:47:45 GMT
11:47:01.701 [Test worker] DEBUG org.apache.http.headers - << Transfer-Encoding: chunked
11:47:01.701 [Test worker] DEBUG org.apache.http.headers - << Content-Type: text/xml; charset=utf-8
11:47:01.702 [Test worker] DEBUG org.apache.http.impl.client.DefaultHttpClient - Connection can be kept alive indefinitely
11:47:01.703 [Test worker] DEBUG io.restassured.internal.RequestSpecificationImpl$RestAssuredHttpBuilder - Parsing response as: text/xml; charset=utf-8
11:47:01.703 [Test worker] DEBUG io.restassured.internal.RequestSpecificationImpl$RestAssuredHttpBuilder - Parsed data to instance of: class org.apache.http.conn.EofSensorInputStream
11:47:01.708 [Test worker] DEBUG org.apache.http.wire -  << "006e[\r][\n]"
11:47:01.708 [Test worker] DEBUG org.apache.http.wire -  << "<?xml version='1.0' encoding='UTF-8'?><S:Envelope xmlns:S="http://schemas.xmlsoap.org/soap/envelope/"><S:Body>"
11:47:01.708 [Test worker] DEBUG org.apache.http.wire -  << "[\r][\n]"
11:47:01.708 [Test worker] DEBUG org.apache.http.wire -  << "01f8[\r][\n]"
11:47:01.709 [Test worker] DEBUG org.apache.http.wire -  << "<ns4:queryCustomerInfoResponse xmlns:ns2="http://www.huawei.com/bme/cbsinterface/bccommon" xmlns:ns3="http://www.huawei.com/bme/cbsinterface/bcservices" xmlns:ns4="http://ws.web.gatewaycbs.tigo.com.co/" xmlns:ns5="http://www.huawei.com/bme/cbsinterface/cbscommon"><return><ResultHeader><ns5:Version>1</ns5:Version><ns5:ResultCode>118030260</ns5:ResultCode><ns5:ResultDesc>Subscriber 3016877412 does not exist.</ns5:ResultDesc></ResultHeader></return></ns4:queryCustomerInfoResponse></S:Body></S:Envelope>"
11:47:01.709 [Test worker] DEBUG org.apache.http.wire -  << "[\r][\n]"
11:47:01.709 [Test worker] DEBUG org.apache.http.wire -  << "0000[\r][\n]"
11:47:01.709 [Test worker] DEBUG org.apache.http.wire -  << "[\r][\n]"
11:47:01.709 [Test worker] DEBUG org.apache.http.impl.conn.BasicClientConnectionManager - Releasing connection org.apache.http.impl.conn.ManagedClientConnectionImpl@160116d5
11:47:01.709 [Test worker] DEBUG org.apache.http.impl.conn.BasicClientConnectionManager - Connection can be kept alive indefinitely
La linea 3016877412 no esta activa
se ejecuta correctamente
se ejecuta correctamente
se ejecuta correctamente
se ejecuta correctamente
11:47:07.999 [Test worker] DEBUG org.apache.http.impl.conn.BasicClientConnectionManager - Get connection for route {}->http://10.65.45.12:9001
11:47:07.999 [Test worker] DEBUG org.apache.http.impl.conn.DefaultClientConnectionOperator - Connecting to 10.65.45.12:9001
11:47:08.061 [Test worker] DEBUG org.apache.http.client.protocol.RequestAddCookies - CookieSpec selected: ignoreCookies
11:47:08.062 [Test worker] DEBUG org.apache.http.client.protocol.RequestAuthCache - Auth cache not set in the context
11:47:08.062 [Test worker] DEBUG org.apache.http.client.protocol.RequestTargetAuthentication - Target auth state: UNCHALLENGED
11:47:08.062 [Test worker] DEBUG org.apache.http.client.protocol.RequestProxyAuthentication - Proxy auth state: UNCHALLENGED
11:47:08.062 [Test worker] DEBUG org.apache.http.impl.client.DefaultHttpClient - Attempt 1 to execute request
11:47:08.062 [Test worker] DEBUG org.apache.http.impl.conn.DefaultClientConnection - Sending request: POST /gatewaycbs/BcServicesInt HTTP/1.1
11:47:08.062 [Test worker] DEBUG org.apache.http.wire -  >> "POST /gatewaycbs/BcServicesInt HTTP/1.1[\r][\n]"
11:47:08.063 [Test worker] DEBUG org.apache.http.wire -  >> "Accept: */*[\r][\n]"
11:47:08.063 [Test worker] DEBUG org.apache.http.wire -  >> "Content-Type: text/xml;charset=UTF-8[\r][\n]"
11:47:08.063 [Test worker] DEBUG org.apache.http.wire -  >> "Content-Length: 748[\r][\n]"
11:47:08.063 [Test worker] DEBUG org.apache.http.wire -  >> "Host: 10.65.45.12:9001[\r][\n]"
11:47:08.063 [Test worker] DEBUG org.apache.http.wire -  >> "Connection: Keep-Alive[\r][\n]"
11:47:08.063 [Test worker] DEBUG org.apache.http.wire -  >> "User-Agent: Apache-HttpClient/4.5.9 (Java/1.8.0_291)[\r][\n]"
11:47:08.063 [Test worker] DEBUG org.apache.http.wire -  >> "Accept-Encoding: gzip,deflate[\r][\n]"
11:47:08.063 [Test worker] DEBUG org.apache.http.wire -  >> "[\r][\n]"
11:47:08.064 [Test worker] DEBUG org.apache.http.headers - >> POST /gatewaycbs/BcServicesInt HTTP/1.1
11:47:08.064 [Test worker] DEBUG org.apache.http.headers - >> Accept: */*
11:47:08.064 [Test worker] DEBUG org.apache.http.headers - >> Content-Type: text/xml;charset=UTF-8
11:47:08.064 [Test worker] DEBUG org.apache.http.headers - >> Content-Length: 748
11:47:08.064 [Test worker] DEBUG org.apache.http.headers - >> Host: 10.65.45.12:9001
11:47:08.064 [Test worker] DEBUG org.apache.http.headers - >> Connection: Keep-Alive
11:47:08.064 [Test worker] DEBUG org.apache.http.headers - >> User-Agent: Apache-HttpClient/4.5.9 (Java/1.8.0_291)
11:47:08.064 [Test worker] DEBUG org.apache.http.headers - >> Accept-Encoding: gzip,deflate
11:47:08.067 [Test worker] DEBUG org.apache.http.wire -  >> "<soapenv:Envelope xmlns:bcc="http://www.huawei.com/bme/cbsinterface/bccommon" xmlns:bcs="http://www.huawei.com/bme/cbsinterface/bcservices" xmlns:ws="http://ws.web.gatewaycbs.tigo.com.co/" xmlns:soapenv="http://schemas.xmlsoap.org/soap/envelope/">[\n]"
11:47:08.067 [Test worker] DEBUG org.apache.http.wire -  >> "   <soapenv:Header/>[\n]"
11:47:08.067 [Test worker] DEBUG org.apache.http.wire -  >> "   <soapenv:Body>[\n]"
11:47:08.067 [Test worker] DEBUG org.apache.http.wire -  >> "      <ws:queryCustomerInfo>[\n]"
11:47:08.067 [Test worker] DEBUG org.apache.http.wire -  >> "         <!--Optional:-->[\n]"
11:47:08.067 [Test worker] DEBUG org.apache.http.wire -  >> "         <QueryCustomerInfoRequest>[\n]"
11:47:08.067 [Test worker] DEBUG org.apache.http.wire -  >> "            <bcs:QueryObj>[\n]"
11:47:08.067 [Test worker] DEBUG org.apache.http.wire -  >> "               <!--Optional:-->[\n]"
11:47:08.067 [Test worker] DEBUG org.apache.http.wire -  >> "               <bcs:SubAccessCode>[\n]"
11:47:08.067 [Test worker] DEBUG org.apache.http.wire -  >> "                  <!--Optional:-->[\n]"
11:47:08.067 [Test worker] DEBUG org.apache.http.wire -  >> "                  <bcc:PrimaryIdentity>3016876877</bcc:PrimaryIdentity>[\n]"
11:47:08.067 [Test worker] DEBUG org.apache.http.wire -  >> "               </bcs:SubAccessCode>[\n]"
11:47:08.067 [Test worker] DEBUG org.apache.http.wire -  >> "            </bcs:QueryObj>[\n]"
11:47:08.067 [Test worker] DEBUG org.apache.http.wire -  >> "         </QueryCustomerInfoRequest>[\n]"
11:47:08.067 [Test worker] DEBUG org.apache.http.wire -  >> "      </ws:queryCustomerInfo>[\n]"
11:47:08.067 [Test worker] DEBUG org.apache.http.wire -  >> "   </soapenv:Body>[\n]"
11:47:08.068 [Test worker] DEBUG org.apache.http.wire -  >> "</soapenv:Envelope>"
11:47:08.199 [Test worker] DEBUG org.apache.http.wire -  << "HTTP/1.1 200 OK[\r][\n]"
11:47:08.199 [Test worker] DEBUG org.apache.http.wire -  << "Date: Fri, 21 Jan 2022 16:47:52 GMT[\r][\n]"
11:47:08.200 [Test worker] DEBUG org.apache.http.wire -  << "Transfer-Encoding: chunked[\r][\n]"
11:47:08.200 [Test worker] DEBUG org.apache.http.wire -  << "Content-Type: text/xml; charset=utf-8[\r][\n]"
11:47:08.200 [Test worker] DEBUG org.apache.http.wire -  << "[\r][\n]"
11:47:08.200 [Test worker] DEBUG org.apache.http.impl.conn.DefaultClientConnection - Receiving response: HTTP/1.1 200 OK
11:47:08.200 [Test worker] DEBUG org.apache.http.headers - << HTTP/1.1 200 OK
11:47:08.200 [Test worker] DEBUG org.apache.http.headers - << Date: Fri, 21 Jan 2022 16:47:52 GMT
11:47:08.200 [Test worker] DEBUG org.apache.http.headers - << Transfer-Encoding: chunked
11:47:08.200 [Test worker] DEBUG org.apache.http.headers - << Content-Type: text/xml; charset=utf-8
11:47:08.200 [Test worker] DEBUG org.apache.http.impl.client.DefaultHttpClient - Connection can be kept alive indefinitely
11:47:08.200 [Test worker] DEBUG io.restassured.internal.RequestSpecificationImpl$RestAssuredHttpBuilder - Parsing response as: text/xml; charset=utf-8
11:47:08.200 [Test worker] DEBUG io.restassured.internal.RequestSpecificationImpl$RestAssuredHttpBuilder - Parsed data to instance of: class org.apache.http.conn.EofSensorInputStream
11:47:08.204 [Test worker] DEBUG org.apache.http.wire -  << "006e[\r][\n]"
11:47:08.204 [Test worker] DEBUG org.apache.http.wire -  << "<?xml version='1.0' encoding='UTF-8'?><S:Envelope xmlns:S="http://schemas.xmlsoap.org/soap/envelope/"><S:Body>"
11:47:08.204 [Test worker] DEBUG org.apache.http.wire -  << "[\r][\n]"
11:47:08.204 [Test worker] DEBUG org.apache.http.wire -  << "01f8[\r][\n]"
11:47:08.204 [Test worker] DEBUG org.apache.http.wire -  << "<ns4:queryCustomerInfoResponse xmlns:ns2="http://www.huawei.com/bme/cbsinterface/bccommon" xmlns:ns3="http://www.huawei.com/bme/cbsinterface/bcservices" xmlns:ns4="http://ws.web.gatewaycbs.tigo.com.co/" xmlns:ns5="http://www.huawei.com/bme/cbsinterface/cbscommon"><return><ResultHeader><ns5:Version>1</ns5:Version><ns5:ResultCode>118030260</ns5:ResultCode><ns5:ResultDesc>Subscriber 3016876877 does not exist.</ns5:ResultDesc></ResultHeader></return></ns4:queryCustomerInfoResponse></S:Body></S:Envelope>"
11:47:08.204 [Test worker] DEBUG org.apache.http.wire -  << "[\r][\n]"
11:47:08.204 [Test worker] DEBUG org.apache.http.wire -  << "0000[\r][\n]"
11:47:08.205 [Test worker] DEBUG org.apache.http.wire -  << "[\r][\n]"
11:47:08.205 [Test worker] DEBUG org.apache.http.impl.conn.BasicClientConnectionManager - Releasing connection org.apache.http.impl.conn.ManagedClientConnectionImpl@78fd7d5f
11:47:08.205 [Test worker] DEBUG org.apache.http.impl.conn.BasicClientConnectionManager - Connection can be kept alive indefinitely
La linea 3016876877 no esta activa
se ejecuta correctamente
se ejecuta correctamente
se ejecuta correctamente
se ejecuta correctamente
11:47:14.517 [Test worker] DEBUG net.serenitybdd.core.photography.Darkroom - Opening darkroom
11:47:14.520 [Darkroom Processing Line] DEBUG net.serenitybdd.core.photography.DarkroomProcessingLine - Darkroom processing line starting up
11:47:18.747 [Test worker] WARN net.thucydides.core.webdriver.WebDriverFacade - Error while quitting the driver (Tried to run command without establishing a connection
Build info: version: '3.141.59', revision: 'e82be7d358', time: '2018-11-14T08:17:03'
System info: host: '22LAP5CG0525FBR', ip: '10.183.117.47', os.name: 'Windows 10', os.arch: 'amd64', os.version: '10.0', java.version: '1.8.0_291'
Driver info: org.openqa.selenium.firefox.FirefoxDriver
Capabilities {acceptInsecureCerts: true, browserName: firefox, browserVersion: 96.0.2, javascriptEnabled: true, moz:accessibilityChecks: false, moz:buildID: 20220119190439, moz:geckodriverVersion: 0.30.0, moz:headless: false, moz:processID: 1348, moz:profile: C:\Users\nriosa\AppData\Loc..., moz:shutdownTimeout: 60000, moz:useNonSpecCompliantPointerOrigin: false, moz:webdriverClick: true, pageLoadStrategy: normal, platform: WINDOWS, platformName: WINDOWS, platformVersion: 10.0, proxy: Proxy(), setWindowRect: true, strictFileInteractability: false, timeouts: {implicit: 0, pageLoad: 300000, script: 30000}, unhandledPromptBehavior: dismiss and notify}
Session ID: 9b26a1ab-8d7d-4a1d-947c-01ae6bd5f7f8)
11:47:18.748 [Test worker] INFO net.thucydides.core.steps.ConsoleLoggingListener - ?[92m
        __    _____ _____ ____ _____   ____   _    ____  ____  _____ ____  
  _     \ \  |_   _| ____/ ___|_   _| |  _ \ / \  / ___|/ ___|| ____|  _ \ 
 (_)_____| |   | | |  _| \___ \ | |   | |_) / _ \ \___ \\___ \|  _| | | | |
  _|_____| |   | | | |___ ___) || |   |  __/ ___ \ ___) |___) | |___| |_| |
 (_)     | |   |_| |_____|____/ |_|   |_| /_/   \_\____/|____/|_____|____/ 
        /_/                                                                

TEST PASSED: Probando
----------------------------------------------------------------------------?[0m
]]></system-out>
  <system-err><![CDATA[ene 21, 2022 11:46:26 AM org.openqa.selenium.remote.DesiredCapabilities firefox
INFORMACIÓN: Using `new FirefoxOptions()` is preferred to `DesiredCapabilities.firefox()`
ene 21, 2022 11:46:26 AM org.openqa.selenium.remote.DesiredCapabilities firefox
INFORMACIÓN: Using `new FirefoxOptions()` is preferred to `DesiredCapabilities.firefox()`
1642783588583	geckodriver	INFO	Listening on 127.0.0.1:42188
1642783589357	mozrunner::runner	INFO	Running command: "C:\\Program Files (x86)\\Mozilla Firefox\\firefox.exe" "--marionette" "-no-remote" "-profile" "C:\\Users\\nriosa\\AppData\\Local\\Temp\\rust_mozprofileIUwoi6"
console.error: JsonSchemaValidator.jsm: 
  Object expected but not received
console.error: Enterprise Policies: 
  Invalid parameters specified for ExtensionSettings.
1642783592191	Marionette	INFO	Marionette enabled
console.warn: SearchSettings: "get: No settings file exists, new profile?" (new NotFoundError("Could not open the file at C:\\Users\\nriosa\\AppData\\Local\\Temp\\rust_mozprofileIUwoi6\\search.json.mozlz4", (void 0)))
1642783598106	Marionette	INFO	Listening on port 61185
1642783598516	RemoteAgent	WARN	TLS certificate errors will be ignored for this session
ene 21, 2022 11:46:38 AM org.openqa.selenium.remote.ProtocolHandshake createSession
INFORMACIÓN: Detected dialect: W3C
1642783625579	Marionette	INFO	Stopped listening on port 61185
console.warn: TopSitesFeed: Failed to fetch data from Contile server: NetworkError when attempting to fetch resource.
JavaScript error: chrome://remote/content/marionette/cert.js, line 55: NS_ERROR_NOT_AVAILABLE: Component returned failure code: 0x80040111 (NS_ERROR_NOT_AVAILABLE) [nsICertOverrideService.setDisableAllSecurityChecksAndLetAttackersInterceptMyData]
console.error: "Could not write session state file " (new Error("IOUtils: Shutting down and refusing additional I/O tasks", (void 0), 106)) "DOMException@resource://gre/modules/PromiseWorker.jsm:106:18\npostMessage@resource://gre/modules/PromiseWorker.jsm:342:55\nobserve@resource://gre/modules/AsyncShutdown.jsm:575:16\n"
JavaScript error: resource://gre/modules/CrashMonitor.jsm, line 201: AbortError: IOUtils: Shutting down and refusing additional I/O tasks
]]></system-err>
</testsuite>
