<?xml version="1.0" encoding="UTF-8"?>
<testsuite name="com.indra.runners.PruebaRunners" tests="0" skipped="0" failures="0" errors="0" timestamp="1970-01-01T00:00:00" hostname="22LAP5CG0525FBR" time="0.0">
  <properties/>
  <system-out><![CDATA[11:46:24.471 [Test worker] DEBUG net.thucydides.core.util.PropertiesFileLocalPreferences - LOADING LOCAL PROPERTIES FROM C:\PrepaidAutomation\serenity.properties 
11:46:24.708 [Test worker] DEBUG net.thucydides.core.util.PropertiesFileLocalPreferences - LOADING LOCAL PROPERTIES FROM C:\PrepaidAutomation\serenity.properties 
11:46:24.710 [Test worker] DEBUG net.thucydides.core.util.PropertiesFileLocalPreferences - LOADING LOCAL PROPERTIES FROM C:\PrepaidAutomation\serenity.properties 
11:46:24.727 [Test worker] DEBUG net.thucydides.core.util.PropertiesFileLocalPreferences - webdriver.driver=firefox
11:46:24.727 [Test worker] DEBUG net.thucydides.core.util.PropertiesFileLocalPreferences - serenity.console.colors=true
11:46:24.728 [Test worker] DEBUG net.thucydides.core.util.PropertiesFileLocalPreferences - webdriver.gecko.driver=src/test/resources/driversFirefox/geckodriver.exe
11:46:24.728 [Test worker] DEBUG net.thucydides.core.util.PropertiesFileLocalPreferences - webdriver.base.url=http://10.69.60.57:8180/tigo-pos-web/index.jsp
11:46:24.728 [Test worker] DEBUG net.thucydides.core.util.PropertiesFileLocalPreferences - serenity.project.name=servicios Rest_Assured
11:46:24.728 [Test worker] DEBUG net.thucydides.core.util.PropertiesFileLocalPreferences - webdriver.wait.for.timeout=6000
11:46:24.728 [Test worker] DEBUG net.thucydides.core.util.PropertiesFileLocalPreferences - serenity.use.unique.browser=true
11:46:24.728 [Test worker] DEBUG net.thucydides.core.util.PropertiesFileLocalPreferences - webdriver.timeouts.implicitlywait=20000
11:46:24.729 [Test worker] DEBUG net.thucydides.core.util.PropertiesFileLocalPreferences - serenity.browser.maximized=true
11:46:24.729 [Test worker] DEBUG net.thucydides.core.util.PropertiesFileLocalPreferences - firefox.capability.marionette=true
11:46:25.210 [Test worker] DEBUG net.thucydides.core.util.PropertiesFileLocalPreferences - LOADING LOCAL PROPERTIES FROM C:\PrepaidAutomation\serenity.properties 
11:46:25.352 [Test worker] DEBUG net.thucydides.core.util.PropertiesFileLocalPreferences - LOADING LOCAL PROPERTIES FROM C:\PrepaidAutomation\serenity.properties 
11:46:25.354 [Test worker] DEBUG net.thucydides.core.util.PropertiesFileLocalPreferences - LOADING LOCAL PROPERTIES FROM C:\PrepaidAutomation\serenity.properties 
11:46:25.357 [Test worker] DEBUG net.thucydides.core.util.PropertiesFileLocalPreferences - webdriver.driver=firefox
11:46:25.358 [Test worker] DEBUG net.thucydides.core.util.PropertiesFileLocalPreferences - serenity.console.colors=true
11:46:25.358 [Test worker] DEBUG net.thucydides.core.util.PropertiesFileLocalPreferences - webdriver.gecko.driver=src/test/resources/driversFirefox/geckodriver.exe
11:46:25.359 [Test worker] DEBUG net.thucydides.core.util.PropertiesFileLocalPreferences - webdriver.base.url=http://10.69.60.57:8180/tigo-pos-web/index.jsp
11:46:25.360 [Test worker] DEBUG net.thucydides.core.util.PropertiesFileLocalPreferences - serenity.project.name=servicios Rest_Assured
11:46:25.360 [Test worker] DEBUG net.thucydides.core.util.PropertiesFileLocalPreferences - webdriver.wait.for.timeout=6000
11:46:25.360 [Test worker] DEBUG net.thucydides.core.util.PropertiesFileLocalPreferences - serenity.use.unique.browser=true
11:46:25.361 [Test worker] DEBUG net.thucydides.core.util.PropertiesFileLocalPreferences - webdriver.timeouts.implicitlywait=20000
11:46:25.361 [Test worker] DEBUG net.thucydides.core.util.PropertiesFileLocalPreferences - serenity.browser.maximized=true
11:46:25.361 [Test worker] DEBUG net.thucydides.core.util.PropertiesFileLocalPreferences - firefox.capability.marionette=true
11:46:25.380 [Test worker] INFO net.thucydides.core.steps.ConsoleLoggingListener - ?[96m

-------------------------------------------------------------------------------------
     _______. _______ .______       _______ .__   __.  __  .___________.____    ____ 
    /       ||   ____||   _  \     |   ____||  \ |  | |  | |           |\   \  /   / 
   |   (----`|  |__   |  |_)  |    |  |__   |   \|  | |  | `---|  |----` \   \/   /  
    \   \    |   __|  |      /     |   __|  |  . `  | |  |     |  |       \_    _/   
.----)   |   |  |____ |  |\  \----.|  |____ |  |\   | |  |     |  |         |  |     
|_______/    |_______|| _| `._____||_______||__| \__| |__|     |__|         |__|    
                                                                                     
 News and tutorials at http://www.serenity-bdd.info                                  
 Documentation at https://wakaleo.gitbooks.io/the-serenity-book/content/             
 Join the Serenity Community on Rocket Chat at https://serenity-bdd.rocket.chat      
 Serenity BDD Support and Training at http://serenity-bdd.info/#/trainingandsupport  
 Learn Serenity BDD online at http://serenity-dojo.com                               
-------------------------------------------------------------------------------------
?[0m
11:46:25.389 [Test worker] DEBUG net.thucydides.core.steps.StepEventBus - Test suite started for story net.thucydides.core.model.Story@4f4808e0
11:46:25.398 [Test worker] INFO net.thucydides.core.steps.ConsoleLoggingListener - Test Suite Started: Prueba
11:46:25.457 [Test worker] INFO net.thucydides.core.steps.ConsoleLoggingListener - 
 _____ _____ ____ _____   ____ _____  _    ____ _____ _____ ____  
|_   _| ____/ ___|_   _| / ___|_   _|/ \  |  _ \_   _| ____|  _ \ 
  | | |  _| \___ \ | |   \___ \ | | / _ \ | |_) || | |  _| | | | |
  | | | |___ ___) || |    ___) || |/ ___ \|  _ < | | | |___| |_| |
  |_| |_____|____/ |_|   |____/ |_/_/   \_\_| \_\|_| |_____|____/ 
                                                                  

TEST STARTED: probando
-------------------------------------------------------------------(prueba;probando)
11:46:25.554 [Test worker] DEBUG net.thucydides.core.requirements.model.cucumber.CucumberParser - Found no Cucumber 4.2.6 class cucumber.runtime.model.FeatureLoader try Cucumber 4.2.0 
11:46:25.555 [Test worker] DEBUG net.thucydides.core.requirements.model.cucumber.CucumberParser - Found no Cucumber 4.2.0 class cucumber.runtime.model.FeatureLoader try Cucumber 2.x.x 
11:47:18.758 [Test worker] DEBUG net.thucydides.core.reports.ReportService - Reporting formats: [JSON, HTML]
11:47:18.931 [Test worker] DEBUG net.thucydides.core.reports.ReportService - Reporting formats: [JSON, HTML]
11:47:18.955 [Test worker] DEBUG net.thucydides.core.reports.ReportService - Generating reports for 1 test outcomes using: net.thucydides.core.reports.json.JSONTestOutcomeReporter@53d92929
11:47:18.959 [pool-1-thread-1] DEBUG net.thucydides.core.reports.ReportService - Processing test outcome prueba:probando
11:47:18.959 [pool-1-thread-1] DEBUG net.thucydides.core.reports.ReportService - net.thucydides.core.reports.json.JSONTestOutcomeReporter@53d92929: Generating report for test outcome: prueba:probando
11:47:18.984 [pool-1-thread-1] DEBUG net.thucydides.core.reports.json.JSONTestOutcomeReporter - Generating JSON report for Probando to file C:\PrepaidAutomation\target\site\serenity\39a922430049a79ad78d72f42b63e594e1c5b48b3dc23e0187a4aea4966485c7.json (using temp file C:\PrepaidAutomation\target\site\serenity\39a922430049a79ad78d72f42b63e594e1c5b48b3dc23e0187a4aea4966485c7.jsonaca93f1b-cda7-4aa4-9acc-c99c69e26467)
11:47:19.078 [pool-1-thread-1] DEBUG net.thucydides.core.reports.ReportService - Processing test outcome prueba:probando done
11:47:19.078 [Test worker] DEBUG net.thucydides.core.reports.ReportService - Shutting down executor service
11:47:19.078 [Test worker] DEBUG net.thucydides.core.reports.ReportService - Reports generated in: 123 ms
11:47:19.078 [Test worker] DEBUG net.thucydides.core.reports.ReportService - Generating reports for 1 test outcomes using: net.thucydides.core.reports.html.HtmlAcceptanceTestReporter@576bbaca
11:47:19.080 [pool-2-thread-1] DEBUG net.thucydides.core.reports.ReportService - Processing test outcome prueba:probando
11:47:19.081 [pool-2-thread-1] DEBUG net.thucydides.core.reports.ReportService - net.thucydides.core.reports.html.HtmlAcceptanceTestReporter@576bbaca: Generating report for test outcome: prueba:probando
11:47:19.081 [pool-2-thread-1] DEBUG net.thucydides.core.reports.html.HtmlAcceptanceTestReporter - GENERATE TEST OUTCOME REPORT FOR probando in 39a922430049a79ad78d72f42b63e594e1c5b48b3dc23e0187a4aea4966485c7
11:47:19.114 [pool-2-thread-1] DEBUG net.thucydides.core.requirements.model.cucumber.CucumberParser - Found no Cucumber 4.2.6 class cucumber.runtime.model.FeatureLoader try Cucumber 4.2.0 
11:47:19.115 [pool-2-thread-1] DEBUG net.thucydides.core.requirements.model.cucumber.CucumberParser - Found no Cucumber 4.2.0 class cucumber.runtime.model.FeatureLoader try Cucumber 2.x.x 
11:47:19.119 [pool-2-thread-1] DEBUG net.thucydides.core.requirements.RequirementsTagProvider -  found:[Requirement{name='prueba', type='feature' parent = 'null', cardNumber='null'}]
11:47:19.128 [pool-2-thread-1] DEBUG net.thucydides.core.requirements.BaseRequirementsService - Requirement found for test outcome Probando-[]: Optional[Requirement{name='prueba', type='feature' parent = 'null', cardNumber='null'}]
11:47:19.134 [pool-2-thread-1] DEBUG net.thucydides.core.requirements.BaseRequirementsService - Requirement found for test outcome Probando-[]: Optional[Requirement{name='prueba', type='feature' parent = 'null', cardNumber='null'}]
11:47:19.275 [Finalizer] DEBUG org.apache.http.impl.conn.DefaultClientConnection - Connection 0.0.0.0:61252<->10.65.45.12:9001 closed
11:47:19.282 [pool-2-thread-1] DEBUG net.thucydides.core.reports.html.HtmlAcceptanceTestReporter - GENERATING HTML REPORT FOR prueba:probando in 39a922430049a79ad78d72f42b63e594e1c5b48b3dc23e0187a4aea4966485c7.html in directory C:\PrepaidAutomation\target\site\serenity  
11:47:19.290 [pool-2-thread-1] DEBUG net.thucydides.core.reports.html.HtmlAcceptanceTestReporter - Generating report in 39a922430049a79ad78d72f42b63e594e1c5b48b3dc23e0187a4aea4966485c7.html
11:47:20.035 [pool-2-thread-1] DEBUG net.thucydides.core.reports.html.HtmlAcceptanceTestReporter - Generated report 39a922430049a79ad78d72f42b63e594e1c5b48b3dc23e0187a4aea4966485c7.html in 745 ms
11:47:20.036 [pool-2-thread-1] DEBUG net.thucydides.core.reports.ReportService - Processing test outcome prueba:probando done
11:47:20.036 [Test worker] DEBUG net.thucydides.core.reports.ReportService - Shutting down executor service
11:47:20.036 [Test worker] DEBUG net.thucydides.core.reports.ReportService - Reports generated in: 958 ms
11:47:20.289 [Test worker] DEBUG net.serenitybdd.core.photography.Darkroom - Closing darkroom
11:47:20.289 [Darkroom Processing Line] DEBUG net.serenitybdd.core.photography.DarkroomProcessingLine - Darkroom processing line shutting down

1 Scenarios (?[32m1 passed?[0m)
3 Steps (?[32m3 passed?[0m)
0m53,724s

]]></system-out>
  <system-err><![CDATA[]]></system-err>
</testsuite>
