<?xml version="1.0" encoding="UTF-8"?>
<testsuite name="prueba" tests="1" skipped="0" failures="0" errors="0" timestamp="2022-01-17T15:19:15" hostname="22LAP5CG0525FBR" time="3.944">
  <properties/>
  <testcase name="Ingresar a la base de datos activador" classname="prueba" time="3.944"/>
  <system-out><![CDATA[10:19:19.832 [Test worker] INFO net.thucydides.core.steps.ConsoleLoggingListener - ?[92m
        __    _____ _____ ____ _____   ____   _    ____  ____  _____ ____  
  _     \ \  |_   _| ____/ ___|_   _| |  _ \ / \  / ___|/ ___|| ____|  _ \ 
 (_)_____| |   | | |  _| \___ \ | |   | |_) / _ \ \___ \\___ \|  _| | | | |
  _|_____| |   | | | |___ ___) || |   |  __/ ___ \ ___) |___) | |___| |_| |
 (_)     | |   |_| |_____|____/ |_|   |_| /_/   \_\____/|____/|_____|____/ 
        /_/                                                                

TEST PASSED: Ingresar a la base de datos activador
----------------------------------------------------------------------------?[0m
]]></system-out>
  <system-err><![CDATA[]]></system-err>
</testsuite>
