<?xml version="1.0" encoding="UTF-8"?>
<testsuite name="prueba" tests="2" skipped="0" failures="0" errors="0" timestamp="2022-01-20T21:07:22" hostname="22LAP5CD1195R94" time="3.37">
  <properties/>
  <testcase name="probando" classname="prueba" time="2.486"/>
  <testcase name="Ingresar a la base de datos activador" classname="prueba" time="0.88"/>
  <system-out><![CDATA[3016877411
732111198172294
16:07:24.437 [Test worker] DEBUG org.apache.http.impl.conn.BasicClientConnectionManager - Get connection for route {}->http://10.65.45.12:9001
16:07:24.437 [Test worker] DEBUG org.apache.http.impl.conn.DefaultClientConnectionOperator - Connecting to 10.65.45.12:9001
16:07:24.490 [Test worker] DEBUG org.apache.http.client.protocol.RequestAddCookies - CookieSpec selected: ignoreCookies
16:07:24.490 [Test worker] DEBUG org.apache.http.client.protocol.RequestAuthCache - Auth cache not set in the context
16:07:24.490 [Test worker] DEBUG org.apache.http.client.protocol.RequestTargetAuthentication - Target auth state: UNCHALLENGED
16:07:24.490 [Test worker] DEBUG org.apache.http.client.protocol.RequestProxyAuthentication - Proxy auth state: UNCHALLENGED
16:07:24.490 [Test worker] DEBUG org.apache.http.impl.client.DefaultHttpClient - Attempt 1 to execute request
16:07:24.490 [Test worker] DEBUG org.apache.http.impl.conn.DefaultClientConnection - Sending request: POST /gatewaycbs/BcServicesInt HTTP/1.1
16:07:24.490 [Test worker] DEBUG org.apache.http.wire -  >> "POST /gatewaycbs/BcServicesInt HTTP/1.1[\r][\n]"
16:07:24.490 [Test worker] DEBUG org.apache.http.wire -  >> "Accept: */*[\r][\n]"
16:07:24.490 [Test worker] DEBUG org.apache.http.wire -  >> "Content-Type: text/xml;charset=UTF-8[\r][\n]"
16:07:24.490 [Test worker] DEBUG org.apache.http.wire -  >> "Content-Length: 748[\r][\n]"
16:07:24.490 [Test worker] DEBUG org.apache.http.wire -  >> "Host: 10.65.45.12:9001[\r][\n]"
16:07:24.490 [Test worker] DEBUG org.apache.http.wire -  >> "Connection: Keep-Alive[\r][\n]"
16:07:24.490 [Test worker] DEBUG org.apache.http.wire -  >> "User-Agent: Apache-HttpClient/4.5.9 (Java/1.8.0_301)[\r][\n]"
16:07:24.490 [Test worker] DEBUG org.apache.http.wire -  >> "Accept-Encoding: gzip,deflate[\r][\n]"
16:07:24.490 [Test worker] DEBUG org.apache.http.wire -  >> "[\r][\n]"
16:07:24.490 [Test worker] DEBUG org.apache.http.headers - >> POST /gatewaycbs/BcServicesInt HTTP/1.1
16:07:24.490 [Test worker] DEBUG org.apache.http.headers - >> Accept: */*
16:07:24.490 [Test worker] DEBUG org.apache.http.headers - >> Content-Type: text/xml;charset=UTF-8
16:07:24.490 [Test worker] DEBUG org.apache.http.headers - >> Content-Length: 748
16:07:24.490 [Test worker] DEBUG org.apache.http.headers - >> Host: 10.65.45.12:9001
16:07:24.490 [Test worker] DEBUG org.apache.http.headers - >> Connection: Keep-Alive
16:07:24.490 [Test worker] DEBUG org.apache.http.headers - >> User-Agent: Apache-HttpClient/4.5.9 (Java/1.8.0_301)
16:07:24.490 [Test worker] DEBUG org.apache.http.headers - >> Accept-Encoding: gzip,deflate
16:07:24.490 [Test worker] DEBUG org.apache.http.wire -  >> "<soapenv:Envelope xmlns:bcc="http://www.huawei.com/bme/cbsinterface/bccommon" xmlns:bcs="http://www.huawei.com/bme/cbsinterface/bcservices" xmlns:ws="http://ws.web.gatewaycbs.tigo.com.co/" xmlns:soapenv="http://schemas.xmlsoap.org/soap/envelope/">[\n]"
16:07:24.490 [Test worker] DEBUG org.apache.http.wire -  >> "   <soapenv:Header/>[\n]"
16:07:24.490 [Test worker] DEBUG org.apache.http.wire -  >> "   <soapenv:Body>[\n]"
16:07:24.490 [Test worker] DEBUG org.apache.http.wire -  >> "      <ws:queryCustomerInfo>[\n]"
16:07:24.490 [Test worker] DEBUG org.apache.http.wire -  >> "         <!--Optional:-->[\n]"
16:07:24.490 [Test worker] DEBUG org.apache.http.wire -  >> "         <QueryCustomerInfoRequest>[\n]"
16:07:24.490 [Test worker] DEBUG org.apache.http.wire -  >> "            <bcs:QueryObj>[\n]"
16:07:24.490 [Test worker] DEBUG org.apache.http.wire -  >> "               <!--Optional:-->[\n]"
16:07:24.490 [Test worker] DEBUG org.apache.http.wire -  >> "               <bcs:SubAccessCode>[\n]"
16:07:24.490 [Test worker] DEBUG org.apache.http.wire -  >> "                  <!--Optional:-->[\n]"
16:07:24.490 [Test worker] DEBUG org.apache.http.wire -  >> "                  <bcc:PrimaryIdentity>3016877411</bcc:PrimaryIdentity>[\n]"
16:07:24.490 [Test worker] DEBUG org.apache.http.wire -  >> "               </bcs:SubAccessCode>[\n]"
16:07:24.499 [Test worker] DEBUG org.apache.http.wire -  >> "            </bcs:QueryObj>[\n]"
16:07:24.499 [Test worker] DEBUG org.apache.http.wire -  >> "         </QueryCustomerInfoRequest>[\n]"
16:07:24.499 [Test worker] DEBUG org.apache.http.wire -  >> "      </ws:queryCustomerInfo>[\n]"
16:07:24.499 [Test worker] DEBUG org.apache.http.wire -  >> "   </soapenv:Body>[\n]"
16:07:24.499 [Test worker] DEBUG org.apache.http.wire -  >> "</soapenv:Envelope>"
16:07:24.556 [Test worker] DEBUG org.apache.http.wire -  << "HTTP/1.1 200 OK[\r][\n]"
16:07:24.572 [Test worker] DEBUG org.apache.http.wire -  << "Date: Thu, 20 Jan 2022 21:07:24 GMT[\r][\n]"
16:07:24.572 [Test worker] DEBUG org.apache.http.wire -  << "Transfer-Encoding: chunked[\r][\n]"
16:07:24.572 [Test worker] DEBUG org.apache.http.wire -  << "Content-Type: text/xml; charset=utf-8[\r][\n]"
16:07:24.572 [Test worker] DEBUG org.apache.http.wire -  << "[\r][\n]"
16:07:24.572 [Test worker] DEBUG org.apache.http.impl.conn.DefaultClientConnection - Receiving response: HTTP/1.1 200 OK
16:07:24.572 [Test worker] DEBUG org.apache.http.headers - << HTTP/1.1 200 OK
16:07:24.572 [Test worker] DEBUG org.apache.http.headers - << Date: Thu, 20 Jan 2022 21:07:24 GMT
16:07:24.572 [Test worker] DEBUG org.apache.http.headers - << Transfer-Encoding: chunked
16:07:24.572 [Test worker] DEBUG org.apache.http.headers - << Content-Type: text/xml; charset=utf-8
16:07:24.572 [Test worker] DEBUG org.apache.http.impl.client.DefaultHttpClient - Connection can be kept alive indefinitely
16:07:24.572 [Test worker] DEBUG io.restassured.internal.RequestSpecificationImpl$RestAssuredHttpBuilder - Parsing response as: text/xml; charset=utf-8
16:07:24.572 [Test worker] DEBUG io.restassured.internal.RequestSpecificationImpl$RestAssuredHttpBuilder - Parsed data to instance of: class org.apache.http.conn.EofSensorInputStream
16:07:24.606 [Test worker] DEBUG org.apache.http.wire -  << "006e[\r][\n]"
16:07:24.622 [Test worker] DEBUG org.apache.http.wire -  << "<?xml version='1.0' encoding='UTF-8'?><S:Envelope xmlns:S="http://schemas.xmlsoap.org/soap/envelope/"><S:Body>"
16:07:24.623 [Test worker] DEBUG org.apache.http.wire -  << "[\r][\n]"
16:07:24.623 [Test worker] DEBUG org.apache.http.wire -  << "01f8[\r][\n]"
16:07:24.623 [Test worker] DEBUG org.apache.http.wire -  << "<ns4:queryCustomerInfoResponse xmlns:ns2="http://www.huawei.com/bme/cbsinterface/bccommon" xmlns:ns3="http://www.huawei.com/bme/cbsinterface/bcservices" xmlns:ns4="http://ws.web.gatewaycbs.tigo.com.co/" xmlns:ns5="http://www.huawei.com/bme/cbsinterface/cbscommon"><return><ResultHeader><ns5:Version>1</ns5:Version><ns5:ResultCode>118030260</ns5:ResultCode><ns5:ResultDesc>Subscriber 3016877411 does not exist.</ns5:ResultDesc></ResultHeader></return></ns4:queryCustomerInfoResponse></S:Body></S:Envelope>"
16:07:24.623 [Test worker] DEBUG org.apache.http.wire -  << "[\r][\n]"
16:07:24.623 [Test worker] DEBUG org.apache.http.wire -  << "0000[\r][\n]"
16:07:24.623 [Test worker] DEBUG org.apache.http.wire -  << "[\r][\n]"
16:07:24.623 [Test worker] DEBUG org.apache.http.impl.conn.BasicClientConnectionManager - Releasing connection org.apache.http.impl.conn.ManagedClientConnectionImpl@5d46f661
16:07:24.623 [Test worker] DEBUG org.apache.http.impl.conn.BasicClientConnectionManager - Connection can be kept alive indefinitely
La linea 3016877411 no esta activa
2147483647
732111198172293
16:07:24.656 [Test worker] DEBUG org.apache.http.impl.conn.BasicClientConnectionManager - Get connection for route {}->http://10.65.45.12:9001
16:07:24.656 [Test worker] DEBUG org.apache.http.impl.conn.DefaultClientConnectionOperator - Connecting to 10.65.45.12:9001
16:07:24.691 [Test worker] DEBUG org.apache.http.client.protocol.RequestAddCookies - CookieSpec selected: ignoreCookies
16:07:24.691 [Test worker] DEBUG org.apache.http.client.protocol.RequestAuthCache - Auth cache not set in the context
16:07:24.691 [Test worker] DEBUG org.apache.http.client.protocol.RequestTargetAuthentication - Target auth state: UNCHALLENGED
16:07:24.691 [Test worker] DEBUG org.apache.http.client.protocol.RequestProxyAuthentication - Proxy auth state: UNCHALLENGED
16:07:24.691 [Test worker] DEBUG org.apache.http.impl.client.DefaultHttpClient - Attempt 1 to execute request
16:07:24.691 [Test worker] DEBUG org.apache.http.impl.conn.DefaultClientConnection - Sending request: POST /gatewaycbs/BcServicesInt HTTP/1.1
16:07:24.691 [Test worker] DEBUG org.apache.http.wire -  >> "POST /gatewaycbs/BcServicesInt HTTP/1.1[\r][\n]"
16:07:24.691 [Test worker] DEBUG org.apache.http.wire -  >> "Accept: */*[\r][\n]"
16:07:24.691 [Test worker] DEBUG org.apache.http.wire -  >> "Content-Type: text/xml;charset=UTF-8[\r][\n]"
16:07:24.691 [Test worker] DEBUG org.apache.http.wire -  >> "Content-Length: 748[\r][\n]"
16:07:24.691 [Test worker] DEBUG org.apache.http.wire -  >> "Host: 10.65.45.12:9001[\r][\n]"
16:07:24.691 [Test worker] DEBUG org.apache.http.wire -  >> "Connection: Keep-Alive[\r][\n]"
16:07:24.691 [Test worker] DEBUG org.apache.http.wire -  >> "User-Agent: Apache-HttpClient/4.5.9 (Java/1.8.0_301)[\r][\n]"
16:07:24.691 [Test worker] DEBUG org.apache.http.wire -  >> "Accept-Encoding: gzip,deflate[\r][\n]"
16:07:24.691 [Test worker] DEBUG org.apache.http.wire -  >> "[\r][\n]"
16:07:24.691 [Test worker] DEBUG org.apache.http.headers - >> POST /gatewaycbs/BcServicesInt HTTP/1.1
16:07:24.691 [Test worker] DEBUG org.apache.http.headers - >> Accept: */*
16:07:24.691 [Test worker] DEBUG org.apache.http.headers - >> Content-Type: text/xml;charset=UTF-8
16:07:24.691 [Test worker] DEBUG org.apache.http.headers - >> Content-Length: 748
16:07:24.691 [Test worker] DEBUG org.apache.http.headers - >> Host: 10.65.45.12:9001
16:07:24.691 [Test worker] DEBUG org.apache.http.headers - >> Connection: Keep-Alive
16:07:24.691 [Test worker] DEBUG org.apache.http.headers - >> User-Agent: Apache-HttpClient/4.5.9 (Java/1.8.0_301)
16:07:24.691 [Test worker] DEBUG org.apache.http.headers - >> Accept-Encoding: gzip,deflate
16:07:24.691 [Test worker] DEBUG org.apache.http.wire -  >> "<soapenv:Envelope xmlns:bcc="http://www.huawei.com/bme/cbsinterface/bccommon" xmlns:bcs="http://www.huawei.com/bme/cbsinterface/bcservices" xmlns:ws="http://ws.web.gatewaycbs.tigo.com.co/" xmlns:soapenv="http://schemas.xmlsoap.org/soap/envelope/">[\n]"
16:07:24.691 [Test worker] DEBUG org.apache.http.wire -  >> "   <soapenv:Header/>[\n]"
16:07:24.691 [Test worker] DEBUG org.apache.http.wire -  >> "   <soapenv:Body>[\n]"
16:07:24.691 [Test worker] DEBUG org.apache.http.wire -  >> "      <ws:queryCustomerInfo>[\n]"
16:07:24.691 [Test worker] DEBUG org.apache.http.wire -  >> "         <!--Optional:-->[\n]"
16:07:24.691 [Test worker] DEBUG org.apache.http.wire -  >> "         <QueryCustomerInfoRequest>[\n]"
16:07:24.691 [Test worker] DEBUG org.apache.http.wire -  >> "            <bcs:QueryObj>[\n]"
16:07:24.691 [Test worker] DEBUG org.apache.http.wire -  >> "               <!--Optional:-->[\n]"
16:07:24.691 [Test worker] DEBUG org.apache.http.wire -  >> "               <bcs:SubAccessCode>[\n]"
16:07:24.691 [Test worker] DEBUG org.apache.http.wire -  >> "                  <!--Optional:-->[\n]"
16:07:24.691 [Test worker] DEBUG org.apache.http.wire -  >> "                  <bcc:PrimaryIdentity>2147483647</bcc:PrimaryIdentity>[\n]"
16:07:24.691 [Test worker] DEBUG org.apache.http.wire -  >> "               </bcs:SubAccessCode>[\n]"
16:07:24.691 [Test worker] DEBUG org.apache.http.wire -  >> "            </bcs:QueryObj>[\n]"
16:07:24.691 [Test worker] DEBUG org.apache.http.wire -  >> "         </QueryCustomerInfoRequest>[\n]"
16:07:24.691 [Test worker] DEBUG org.apache.http.wire -  >> "      </ws:queryCustomerInfo>[\n]"
16:07:24.691 [Test worker] DEBUG org.apache.http.wire -  >> "   </soapenv:Body>[\n]"
16:07:24.691 [Test worker] DEBUG org.apache.http.wire -  >> "</soapenv:Envelope>"
16:07:24.762 [Test worker] DEBUG org.apache.http.wire -  << "HTTP/1.1 200 OK[\r][\n]"
16:07:24.762 [Test worker] DEBUG org.apache.http.wire -  << "Date: Thu, 20 Jan 2022 21:07:24 GMT[\r][\n]"
16:07:24.762 [Test worker] DEBUG org.apache.http.wire -  << "Transfer-Encoding: chunked[\r][\n]"
16:07:24.762 [Test worker] DEBUG org.apache.http.wire -  << "Content-Type: text/xml; charset=utf-8[\r][\n]"
16:07:24.762 [Test worker] DEBUG org.apache.http.wire -  << "[\r][\n]"
16:07:24.762 [Test worker] DEBUG org.apache.http.impl.conn.DefaultClientConnection - Receiving response: HTTP/1.1 200 OK
16:07:24.762 [Test worker] DEBUG org.apache.http.headers - << HTTP/1.1 200 OK
16:07:24.762 [Test worker] DEBUG org.apache.http.headers - << Date: Thu, 20 Jan 2022 21:07:24 GMT
16:07:24.762 [Test worker] DEBUG org.apache.http.headers - << Transfer-Encoding: chunked
16:07:24.762 [Test worker] DEBUG org.apache.http.headers - << Content-Type: text/xml; charset=utf-8
16:07:24.762 [Test worker] DEBUG org.apache.http.impl.client.DefaultHttpClient - Connection can be kept alive indefinitely
16:07:24.763 [Test worker] DEBUG io.restassured.internal.RequestSpecificationImpl$RestAssuredHttpBuilder - Parsing response as: text/xml; charset=utf-8
16:07:24.763 [Test worker] DEBUG io.restassured.internal.RequestSpecificationImpl$RestAssuredHttpBuilder - Parsed data to instance of: class org.apache.http.conn.EofSensorInputStream
16:07:24.764 [Test worker] DEBUG org.apache.http.wire -  << "006e[\r][\n]"
16:07:24.764 [Test worker] DEBUG org.apache.http.wire -  << "<?xml version='1.0' encoding='UTF-8'?><S:Envelope xmlns:S="http://schemas.xmlsoap.org/soap/envelope/"><S:Body>"
16:07:24.764 [Test worker] DEBUG org.apache.http.wire -  << "[\r][\n]"
16:07:24.764 [Test worker] DEBUG org.apache.http.wire -  << "01f8[\r][\n]"
16:07:24.764 [Test worker] DEBUG org.apache.http.wire -  << "<ns4:queryCustomerInfoResponse xmlns:ns2="http://www.huawei.com/bme/cbsinterface/bccommon" xmlns:ns3="http://www.huawei.com/bme/cbsinterface/bcservices" xmlns:ns4="http://ws.web.gatewaycbs.tigo.com.co/" xmlns:ns5="http://www.huawei.com/bme/cbsinterface/cbscommon"><return><ResultHeader><ns5:Version>1</ns5:Version><ns5:ResultCode>118030260</ns5:ResultCode><ns5:ResultDesc>Subscriber 2147483647 does not exist.</ns5:ResultDesc></ResultHeader></return></ns4:queryCustomerInfoResponse></S:Body></S:Envelope>"
16:07:24.764 [Test worker] DEBUG org.apache.http.wire -  << "[\r][\n]"
16:07:24.764 [Test worker] DEBUG org.apache.http.wire -  << "0000[\r][\n]"
16:07:24.764 [Test worker] DEBUG org.apache.http.wire -  << "[\r][\n]"
16:07:24.764 [Test worker] DEBUG org.apache.http.impl.conn.BasicClientConnectionManager - Releasing connection org.apache.http.impl.conn.ManagedClientConnectionImpl@7726336
16:07:24.764 [Test worker] DEBUG org.apache.http.impl.conn.BasicClientConnectionManager - Connection can be kept alive indefinitely
La linea 2147483647 no esta activa
3016877412
732111198172294
16:07:24.791 [Test worker] DEBUG org.apache.http.impl.conn.BasicClientConnectionManager - Get connection for route {}->http://10.65.45.12:9001
16:07:24.791 [Test worker] DEBUG org.apache.http.impl.conn.DefaultClientConnectionOperator - Connecting to 10.65.45.12:9001
16:07:24.835 [Test worker] DEBUG org.apache.http.client.protocol.RequestAddCookies - CookieSpec selected: ignoreCookies
16:07:24.835 [Test worker] DEBUG org.apache.http.client.protocol.RequestAuthCache - Auth cache not set in the context
16:07:24.835 [Test worker] DEBUG org.apache.http.client.protocol.RequestTargetAuthentication - Target auth state: UNCHALLENGED
16:07:24.835 [Test worker] DEBUG org.apache.http.client.protocol.RequestProxyAuthentication - Proxy auth state: UNCHALLENGED
16:07:24.835 [Test worker] DEBUG org.apache.http.impl.client.DefaultHttpClient - Attempt 1 to execute request
16:07:24.835 [Test worker] DEBUG org.apache.http.impl.conn.DefaultClientConnection - Sending request: POST /gatewaycbs/BcServicesInt HTTP/1.1
16:07:24.835 [Test worker] DEBUG org.apache.http.wire -  >> "POST /gatewaycbs/BcServicesInt HTTP/1.1[\r][\n]"
16:07:24.835 [Test worker] DEBUG org.apache.http.wire -  >> "Accept: */*[\r][\n]"
16:07:24.835 [Test worker] DEBUG org.apache.http.wire -  >> "Content-Type: text/xml;charset=UTF-8[\r][\n]"
16:07:24.835 [Test worker] DEBUG org.apache.http.wire -  >> "Content-Length: 748[\r][\n]"
16:07:24.835 [Test worker] DEBUG org.apache.http.wire -  >> "Host: 10.65.45.12:9001[\r][\n]"
16:07:24.835 [Test worker] DEBUG org.apache.http.wire -  >> "Connection: Keep-Alive[\r][\n]"
16:07:24.835 [Test worker] DEBUG org.apache.http.wire -  >> "User-Agent: Apache-HttpClient/4.5.9 (Java/1.8.0_301)[\r][\n]"
16:07:24.835 [Test worker] DEBUG org.apache.http.wire -  >> "Accept-Encoding: gzip,deflate[\r][\n]"
16:07:24.835 [Test worker] DEBUG org.apache.http.wire -  >> "[\r][\n]"
16:07:24.835 [Test worker] DEBUG org.apache.http.headers - >> POST /gatewaycbs/BcServicesInt HTTP/1.1
16:07:24.835 [Test worker] DEBUG org.apache.http.headers - >> Accept: */*
16:07:24.835 [Test worker] DEBUG org.apache.http.headers - >> Content-Type: text/xml;charset=UTF-8
16:07:24.835 [Test worker] DEBUG org.apache.http.headers - >> Content-Length: 748
16:07:24.835 [Test worker] DEBUG org.apache.http.headers - >> Host: 10.65.45.12:9001
16:07:24.835 [Test worker] DEBUG org.apache.http.headers - >> Connection: Keep-Alive
16:07:24.835 [Test worker] DEBUG org.apache.http.headers - >> User-Agent: Apache-HttpClient/4.5.9 (Java/1.8.0_301)
16:07:24.835 [Test worker] DEBUG org.apache.http.headers - >> Accept-Encoding: gzip,deflate
16:07:24.835 [Test worker] DEBUG org.apache.http.wire -  >> "<soapenv:Envelope xmlns:bcc="http://www.huawei.com/bme/cbsinterface/bccommon" xmlns:bcs="http://www.huawei.com/bme/cbsinterface/bcservices" xmlns:ws="http://ws.web.gatewaycbs.tigo.com.co/" xmlns:soapenv="http://schemas.xmlsoap.org/soap/envelope/">[\n]"
16:07:24.835 [Test worker] DEBUG org.apache.http.wire -  >> "   <soapenv:Header/>[\n]"
16:07:24.835 [Test worker] DEBUG org.apache.http.wire -  >> "   <soapenv:Body>[\n]"
16:07:24.835 [Test worker] DEBUG org.apache.http.wire -  >> "      <ws:queryCustomerInfo>[\n]"
16:07:24.835 [Test worker] DEBUG org.apache.http.wire -  >> "         <!--Optional:-->[\n]"
16:07:24.835 [Test worker] DEBUG org.apache.http.wire -  >> "         <QueryCustomerInfoRequest>[\n]"
16:07:24.835 [Test worker] DEBUG org.apache.http.wire -  >> "            <bcs:QueryObj>[\n]"
16:07:24.835 [Test worker] DEBUG org.apache.http.wire -  >> "               <!--Optional:-->[\n]"
16:07:24.835 [Test worker] DEBUG org.apache.http.wire -  >> "               <bcs:SubAccessCode>[\n]"
16:07:24.835 [Test worker] DEBUG org.apache.http.wire -  >> "                  <!--Optional:-->[\n]"
16:07:24.835 [Test worker] DEBUG org.apache.http.wire -  >> "                  <bcc:PrimaryIdentity>3016877412</bcc:PrimaryIdentity>[\n]"
16:07:24.835 [Test worker] DEBUG org.apache.http.wire -  >> "               </bcs:SubAccessCode>[\n]"
16:07:24.835 [Test worker] DEBUG org.apache.http.wire -  >> "            </bcs:QueryObj>[\n]"
16:07:24.835 [Test worker] DEBUG org.apache.http.wire -  >> "         </QueryCustomerInfoRequest>[\n]"
16:07:24.835 [Test worker] DEBUG org.apache.http.wire -  >> "      </ws:queryCustomerInfo>[\n]"
16:07:24.835 [Test worker] DEBUG org.apache.http.wire -  >> "   </soapenv:Body>[\n]"
16:07:24.835 [Test worker] DEBUG org.apache.http.wire -  >> "</soapenv:Envelope>"
16:07:24.909 [Test worker] DEBUG org.apache.http.wire -  << "HTTP/1.1 200 OK[\r][\n]"
16:07:24.909 [Test worker] DEBUG org.apache.http.wire -  << "Date: Thu, 20 Jan 2022 21:07:25 GMT[\r][\n]"
16:07:24.909 [Test worker] DEBUG org.apache.http.wire -  << "Transfer-Encoding: chunked[\r][\n]"
16:07:24.909 [Test worker] DEBUG org.apache.http.wire -  << "Content-Type: text/xml; charset=utf-8[\r][\n]"
16:07:24.909 [Test worker] DEBUG org.apache.http.wire -  << "[\r][\n]"
16:07:24.909 [Test worker] DEBUG org.apache.http.impl.conn.DefaultClientConnection - Receiving response: HTTP/1.1 200 OK
16:07:24.909 [Test worker] DEBUG org.apache.http.headers - << HTTP/1.1 200 OK
16:07:24.909 [Test worker] DEBUG org.apache.http.headers - << Date: Thu, 20 Jan 2022 21:07:25 GMT
16:07:24.909 [Test worker] DEBUG org.apache.http.headers - << Transfer-Encoding: chunked
16:07:24.909 [Test worker] DEBUG org.apache.http.headers - << Content-Type: text/xml; charset=utf-8
16:07:24.909 [Test worker] DEBUG org.apache.http.impl.client.DefaultHttpClient - Connection can be kept alive indefinitely
16:07:24.909 [Test worker] DEBUG io.restassured.internal.RequestSpecificationImpl$RestAssuredHttpBuilder - Parsing response as: text/xml; charset=utf-8
16:07:24.909 [Test worker] DEBUG io.restassured.internal.RequestSpecificationImpl$RestAssuredHttpBuilder - Parsed data to instance of: class org.apache.http.conn.EofSensorInputStream
16:07:24.925 [Test worker] DEBUG org.apache.http.wire -  << "006e[\r][\n]"
16:07:24.926 [Test worker] DEBUG org.apache.http.wire -  << "<?xml version='1.0' encoding='UTF-8'?><S:Envelope xmlns:S="http://schemas.xmlsoap.org/soap/envelope/"><S:Body>"
16:07:24.926 [Test worker] DEBUG org.apache.http.wire -  << "[\r][\n]"
16:07:24.926 [Test worker] DEBUG org.apache.http.wire -  << "01f8[\r][\n]"
16:07:24.926 [Test worker] DEBUG org.apache.http.wire -  << "<ns4:queryCustomerInfoResponse xmlns:ns2="http://www.huawei.com/bme/cbsinterface/bccommon" xmlns:ns3="http://www.huawei.com/bme/cbsinterface/bcservices" xmlns:ns4="http://ws.web.gatewaycbs.tigo.com.co/" xmlns:ns5="http://www.huawei.com/bme/cbsinterface/cbscommon"><return><ResultHeader><ns5:Version>1</ns5:Version><ns5:ResultCode>118030260</ns5:ResultCode><ns5:ResultDesc>Subscriber 3016877412 does not exist.</ns5:ResultDesc></ResultHeader></return></ns4:queryCustomerInfoResponse></S:Body></S:Envelope>"
16:07:24.926 [Test worker] DEBUG org.apache.http.wire -  << "[\r][\n]"
16:07:24.926 [Test worker] DEBUG org.apache.http.wire -  << "0000[\r][\n]"
16:07:24.926 [Test worker] DEBUG org.apache.http.wire -  << "[\r][\n]"
16:07:24.926 [Test worker] DEBUG org.apache.http.impl.conn.BasicClientConnectionManager - Releasing connection org.apache.http.impl.conn.ManagedClientConnectionImpl@2f5d2fc5
16:07:24.926 [Test worker] DEBUG org.apache.http.impl.conn.BasicClientConnectionManager - Connection can be kept alive indefinitely
La linea 3016877412 no esta activa
3016876877
732111198172293
16:07:24.958 [Test worker] DEBUG org.apache.http.impl.conn.BasicClientConnectionManager - Get connection for route {}->http://10.65.45.12:9001
16:07:24.958 [Test worker] DEBUG org.apache.http.impl.conn.DefaultClientConnectionOperator - Connecting to 10.65.45.12:9001
16:07:24.989 [Test worker] DEBUG org.apache.http.client.protocol.RequestAddCookies - CookieSpec selected: ignoreCookies
16:07:24.989 [Test worker] DEBUG org.apache.http.client.protocol.RequestAuthCache - Auth cache not set in the context
16:07:24.989 [Test worker] DEBUG org.apache.http.client.protocol.RequestTargetAuthentication - Target auth state: UNCHALLENGED
16:07:24.989 [Test worker] DEBUG org.apache.http.client.protocol.RequestProxyAuthentication - Proxy auth state: UNCHALLENGED
16:07:24.989 [Test worker] DEBUG org.apache.http.impl.client.DefaultHttpClient - Attempt 1 to execute request
16:07:24.992 [Test worker] DEBUG org.apache.http.impl.conn.DefaultClientConnection - Sending request: POST /gatewaycbs/BcServicesInt HTTP/1.1
16:07:24.992 [Test worker] DEBUG org.apache.http.wire -  >> "POST /gatewaycbs/BcServicesInt HTTP/1.1[\r][\n]"
16:07:24.992 [Test worker] DEBUG org.apache.http.wire -  >> "Accept: */*[\r][\n]"
16:07:24.992 [Test worker] DEBUG org.apache.http.wire -  >> "Content-Type: text/xml;charset=UTF-8[\r][\n]"
16:07:24.992 [Test worker] DEBUG org.apache.http.wire -  >> "Content-Length: 748[\r][\n]"
16:07:24.992 [Test worker] DEBUG org.apache.http.wire -  >> "Host: 10.65.45.12:9001[\r][\n]"
16:07:24.992 [Test worker] DEBUG org.apache.http.wire -  >> "Connection: Keep-Alive[\r][\n]"
16:07:24.992 [Test worker] DEBUG org.apache.http.wire -  >> "User-Agent: Apache-HttpClient/4.5.9 (Java/1.8.0_301)[\r][\n]"
16:07:24.992 [Test worker] DEBUG org.apache.http.wire -  >> "Accept-Encoding: gzip,deflate[\r][\n]"
16:07:24.992 [Test worker] DEBUG org.apache.http.wire -  >> "[\r][\n]"
16:07:24.992 [Test worker] DEBUG org.apache.http.headers - >> POST /gatewaycbs/BcServicesInt HTTP/1.1
16:07:24.992 [Test worker] DEBUG org.apache.http.headers - >> Accept: */*
16:07:24.992 [Test worker] DEBUG org.apache.http.headers - >> Content-Type: text/xml;charset=UTF-8
16:07:24.992 [Test worker] DEBUG org.apache.http.headers - >> Content-Length: 748
16:07:24.992 [Test worker] DEBUG org.apache.http.headers - >> Host: 10.65.45.12:9001
16:07:24.992 [Test worker] DEBUG org.apache.http.headers - >> Connection: Keep-Alive
16:07:24.992 [Test worker] DEBUG org.apache.http.headers - >> User-Agent: Apache-HttpClient/4.5.9 (Java/1.8.0_301)
16:07:24.992 [Test worker] DEBUG org.apache.http.headers - >> Accept-Encoding: gzip,deflate
16:07:24.992 [Test worker] DEBUG org.apache.http.wire -  >> "<soapenv:Envelope xmlns:bcc="http://www.huawei.com/bme/cbsinterface/bccommon" xmlns:bcs="http://www.huawei.com/bme/cbsinterface/bcservices" xmlns:ws="http://ws.web.gatewaycbs.tigo.com.co/" xmlns:soapenv="http://schemas.xmlsoap.org/soap/envelope/">[\n]"
16:07:24.992 [Test worker] DEBUG org.apache.http.wire -  >> "   <soapenv:Header/>[\n]"
16:07:24.992 [Test worker] DEBUG org.apache.http.wire -  >> "   <soapenv:Body>[\n]"
16:07:24.992 [Test worker] DEBUG org.apache.http.wire -  >> "      <ws:queryCustomerInfo>[\n]"
16:07:24.993 [Test worker] DEBUG org.apache.http.wire -  >> "         <!--Optional:-->[\n]"
16:07:24.993 [Test worker] DEBUG org.apache.http.wire -  >> "         <QueryCustomerInfoRequest>[\n]"
16:07:24.993 [Test worker] DEBUG org.apache.http.wire -  >> "            <bcs:QueryObj>[\n]"
16:07:24.993 [Test worker] DEBUG org.apache.http.wire -  >> "               <!--Optional:-->[\n]"
16:07:24.993 [Test worker] DEBUG org.apache.http.wire -  >> "               <bcs:SubAccessCode>[\n]"
16:07:24.993 [Test worker] DEBUG org.apache.http.wire -  >> "                  <!--Optional:-->[\n]"
16:07:24.993 [Test worker] DEBUG org.apache.http.wire -  >> "                  <bcc:PrimaryIdentity>3016876877</bcc:PrimaryIdentity>[\n]"
16:07:24.993 [Test worker] DEBUG org.apache.http.wire -  >> "               </bcs:SubAccessCode>[\n]"
16:07:24.993 [Test worker] DEBUG org.apache.http.wire -  >> "            </bcs:QueryObj>[\n]"
16:07:24.993 [Test worker] DEBUG org.apache.http.wire -  >> "         </QueryCustomerInfoRequest>[\n]"
16:07:24.993 [Test worker] DEBUG org.apache.http.wire -  >> "      </ws:queryCustomerInfo>[\n]"
16:07:24.993 [Test worker] DEBUG org.apache.http.wire -  >> "   </soapenv:Body>[\n]"
16:07:24.993 [Test worker] DEBUG org.apache.http.wire -  >> "</soapenv:Envelope>"
16:07:25.058 [Test worker] DEBUG org.apache.http.wire -  << "HTTP/1.1 200 OK[\r][\n]"
16:07:25.058 [Test worker] DEBUG org.apache.http.wire -  << "Date: Thu, 20 Jan 2022 21:07:25 GMT[\r][\n]"
16:07:25.058 [Test worker] DEBUG org.apache.http.wire -  << "Transfer-Encoding: chunked[\r][\n]"
16:07:25.058 [Test worker] DEBUG org.apache.http.wire -  << "Content-Type: text/xml; charset=utf-8[\r][\n]"
16:07:25.058 [Test worker] DEBUG org.apache.http.wire -  << "[\r][\n]"
16:07:25.058 [Test worker] DEBUG org.apache.http.impl.conn.DefaultClientConnection - Receiving response: HTTP/1.1 200 OK
16:07:25.058 [Test worker] DEBUG org.apache.http.headers - << HTTP/1.1 200 OK
16:07:25.058 [Test worker] DEBUG org.apache.http.headers - << Date: Thu, 20 Jan 2022 21:07:25 GMT
16:07:25.058 [Test worker] DEBUG org.apache.http.headers - << Transfer-Encoding: chunked
16:07:25.058 [Test worker] DEBUG org.apache.http.headers - << Content-Type: text/xml; charset=utf-8
16:07:25.058 [Test worker] DEBUG org.apache.http.impl.client.DefaultHttpClient - Connection can be kept alive indefinitely
16:07:25.058 [Test worker] DEBUG io.restassured.internal.RequestSpecificationImpl$RestAssuredHttpBuilder - Parsing response as: text/xml; charset=utf-8
16:07:25.058 [Test worker] DEBUG io.restassured.internal.RequestSpecificationImpl$RestAssuredHttpBuilder - Parsed data to instance of: class org.apache.http.conn.EofSensorInputStream
16:07:25.058 [Test worker] DEBUG org.apache.http.wire -  << "006e[\r][\n]"
16:07:25.058 [Test worker] DEBUG org.apache.http.wire -  << "<?xml version='1.0' encoding='UTF-8'?><S:Envelope xmlns:S="http://schemas.xmlsoap.org/soap/envelope/"><S:Body>"
16:07:25.058 [Test worker] DEBUG org.apache.http.wire -  << "[\r][\n]"
16:07:25.058 [Test worker] DEBUG org.apache.http.wire -  << "01f8[\r][\n]"
16:07:25.058 [Test worker] DEBUG org.apache.http.wire -  << "<ns4:queryCustomerInfoResponse xmlns:ns2="http://www.huawei.com/bme/cbsinterface/bccommon" xmlns:ns3="http://www.huawei.com/bme/cbsinterface/bcservices" xmlns:ns4="http://ws.web.gatewaycbs.tigo.com.co/" xmlns:ns5="http://www.huawei.com/bme/cbsinterface/cbscommon"><return><ResultHeader><ns5:Version>1</ns5:Version><ns5:ResultCode>118030260</ns5:ResultCode><ns5:ResultDesc>Subscriber 3016876877 does not exist.</ns5:ResultDesc></ResultHeader></return></ns4:queryCustomerInfoResponse></S:Body></S:Envelope>"
16:07:25.058 [Test worker] DEBUG org.apache.http.wire -  << "[\r][\n]"
16:07:25.058 [Test worker] DEBUG org.apache.http.wire -  << "0000[\r][\n]"
16:07:25.058 [Test worker] DEBUG org.apache.http.wire -  << "[\r][\n]"
16:07:25.058 [Test worker] DEBUG org.apache.http.impl.conn.BasicClientConnectionManager - Releasing connection org.apache.http.impl.conn.ManagedClientConnectionImpl@fc8f7bc
16:07:25.058 [Test worker] DEBUG org.apache.http.impl.conn.BasicClientConnectionManager - Connection can be kept alive indefinitely
La linea 3016876877 no esta activa
16:07:25.073 [Test worker] INFO net.thucydides.core.steps.ConsoleLoggingListener - ?[92m
        __    _____ _____ ____ _____   ____   _    ____  ____  _____ ____  
  _     \ \  |_   _| ____/ ___|_   _| |  _ \ / \  / ___|/ ___|| ____|  _ \ 
 (_)_____| |   | | |  _| \___ \ | |   | |_) / _ \ \___ \\___ \|  _| | | | |
  _|_____| |   | | | |___ ___) || |   |  __/ ___ \ ___) |___) | |___| |_| |
 (_)     | |   |_| |_____|____/ |_|   |_| /_/   \_\____/|____/|_____|____/ 
        /_/                                                                

TEST PASSED: Probando
----------------------------------------------------------------------------?[0m
16:07:25.943 [Finalizer] DEBUG org.apache.http.impl.conn.DefaultClientConnection - Connection 0.0.0.0:59719<->10.65.45.12:9001 closed
16:07:25.943 [Finalizer] DEBUG org.apache.http.impl.conn.DefaultClientConnection - Connection 0.0.0.0:59720<->10.65.45.12:9001 closed
16:07:25.958 [Finalizer] DEBUG org.apache.http.impl.conn.DefaultClientConnection - Connection 0.0.0.0:59721<->10.65.45.12:9001 closed
16:07:25.959 [Test worker] INFO net.thucydides.core.steps.ConsoleLoggingListener - ?[92m
        __    _____ _____ ____ _____   ____   _    ____  ____  _____ ____  
  _     \ \  |_   _| ____/ ___|_   _| |  _ \ / \  / ___|/ ___|| ____|  _ \ 
 (_)_____| |   | | |  _| \___ \ | |   | |_) / _ \ \___ \\___ \|  _| | | | |
  _|_____| |   | | | |___ ___) || |   |  __/ ___ \ ___) |___) | |___| |_| |
 (_)     | |   |_| |_____|____/ |_|   |_| /_/   \_\____/|____/|_____|____/ 
        /_/                                                                

TEST PASSED: Ingresar a la base de datos activador
----------------------------------------------------------------------------?[0m
]]></system-out>
  <system-err><![CDATA[]]></system-err>
</testsuite>
